[0.238s] DEBUG:colcon:Command line arguments: ['/usr/bin/colcon', 'build']
[0.239s] DEBUG:colcon:Parsed command line arguments: Namespace(log_base=None, log_level=None, verb_name='build', build_base='build', install_base='install', merge_install=False, symlink_install=False, test_result_base=None, continue_on_error=False, executor='parallel', parallel_workers=8, event_handlers=None, ignore_user_meta=False, metas=['./colcon.meta'], base_paths=['.'], packages_ignore=None, packages_ignore_regex=None, paths=None, packages_up_to=None, packages_up_to_regex=None, packages_above=None, packages_above_and_dependencies=None, packages_above_depth=None, packages_select_by_dep=None, packages_skip_by_dep=None, packages_skip_up_to=None, packages_select_build_failed=False, packages_skip_build_finished=False, packages_select_test_failures=False, packages_skip_test_passed=False, packages_select=None, packages_skip=None, packages_select_regex=None, packages_skip_regex=None, packages_start=None, packages_end=None, allow_overriding=[], cmake_args=None, cmake_target=None, cmake_target_skip_unavailable=False, cmake_clean_cache=False, cmake_clean_first=False, cmake_force_configure=False, ament_cmake_args=None, catkin_cmake_args=None, catkin_skip_building_tests=False, mixin_files=None, mixin=None, verb_parser=<colcon_mixin.mixin.mixin_argument.MixinArgumentDecorator object at 0x7533874686a0>, verb_extension=<colcon_core.verb.build.BuildVerb object at 0x753387468160>, main=<bound method BuildVerb.main of <colcon_core.verb.build.BuildVerb object at 0x753387468160>>, mixin_verb=('build',))
[0.376s] Level 1:colcon.colcon_core.package_discovery:discover_packages(colcon_meta) check parameters
[0.376s] Level 1:colcon.colcon_core.package_discovery:discover_packages(recursive) check parameters
[0.376s] Level 1:colcon.colcon_core.package_discovery:discover_packages(ignore) check parameters
[0.377s] Level 1:colcon.colcon_core.package_discovery:discover_packages(path) check parameters
[0.377s] Level 1:colcon.colcon_core.package_discovery:discover_packages(colcon_meta) discover
[0.377s] Level 1:colcon.colcon_core.package_discovery:discover_packages(recursive) discover
[0.377s] INFO:colcon.colcon_core.package_discovery:Crawling recursively for packages in '/home/ubuntu/Desktop/AK8064_ws_Jun'
[0.377s] Level 1:colcon.colcon_core.package_identification:_identify(.) by extensions ['ignore', 'ignore_ament_install']
[0.377s] Level 1:colcon.colcon_core.package_identification:_identify(.) by extension 'ignore'
[0.378s] Level 1:colcon.colcon_core.package_identification:_identify(.) by extension 'ignore_ament_install'
[0.378s] Level 1:colcon.colcon_core.package_identification:_identify(.) by extensions ['colcon_pkg']
[0.378s] Level 1:colcon.colcon_core.package_identification:_identify(.) by extension 'colcon_pkg'
[0.378s] Level 1:colcon.colcon_core.package_identification:_identify(.) by extensions ['colcon_meta']
[0.378s] Level 1:colcon.colcon_core.package_identification:_identify(.) by extension 'colcon_meta'
[0.378s] Level 1:colcon.colcon_core.package_identification:_identify(.) by extensions ['ros']
[0.378s] Level 1:colcon.colcon_core.package_identification:_identify(.) by extension 'ros'
[0.409s] Level 1:colcon.colcon_core.package_identification:_identify(.) by extensions ['cmake', 'python']
[0.409s] Level 1:colcon.colcon_core.package_identification:_identify(.) by extension 'cmake'
[0.409s] Level 1:colcon.colcon_core.package_identification:_identify(.) by extension 'python'
[0.409s] Level 1:colcon.colcon_core.package_identification:_identify(.) by extensions ['python_setup_py']
[0.409s] Level 1:colcon.colcon_core.package_identification:_identify(.) by extension 'python_setup_py'
[0.410s] Level 1:colcon.colcon_core.package_identification:_identify(build) by extensions ['ignore', 'ignore_ament_install']
[0.410s] Level 1:colcon.colcon_core.package_identification:_identify(build) by extension 'ignore'
[0.410s] Level 1:colcon.colcon_core.package_identification:_identify(build) ignored
[0.411s] Level 1:colcon.colcon_core.package_identification:_identify(install) by extensions ['ignore', 'ignore_ament_install']
[0.411s] Level 1:colcon.colcon_core.package_identification:_identify(install) by extension 'ignore'
[0.411s] Level 1:colcon.colcon_core.package_identification:_identify(install) ignored
[0.411s] Level 1:colcon.colcon_core.package_identification:_identify(log) by extensions ['ignore', 'ignore_ament_install']
[0.412s] Level 1:colcon.colcon_core.package_identification:_identify(log) by extension 'ignore'
[0.412s] Level 1:colcon.colcon_core.package_identification:_identify(log) ignored
[0.412s] Level 1:colcon.colcon_core.package_identification:_identify(src) by extensions ['ignore', 'ignore_ament_install']
[0.412s] Level 1:colcon.colcon_core.package_identification:_identify(src) by extension 'ignore'
[0.412s] Level 1:colcon.colcon_core.package_identification:_identify(src) by extension 'ignore_ament_install'
[0.412s] Level 1:colcon.colcon_core.package_identification:_identify(src) by extensions ['colcon_pkg']
[0.412s] Level 1:colcon.colcon_core.package_identification:_identify(src) by extension 'colcon_pkg'
[0.413s] Level 1:colcon.colcon_core.package_identification:_identify(src) by extensions ['colcon_meta']
[0.413s] Level 1:colcon.colcon_core.package_identification:_identify(src) by extension 'colcon_meta'
[0.413s] Level 1:colcon.colcon_core.package_identification:_identify(src) by extensions ['ros']
[0.413s] Level 1:colcon.colcon_core.package_identification:_identify(src) by extension 'ros'
[0.413s] Level 1:colcon.colcon_core.package_identification:_identify(src) by extensions ['cmake', 'python']
[0.413s] Level 1:colcon.colcon_core.package_identification:_identify(src) by extension 'cmake'
[0.413s] Level 1:colcon.colcon_core.package_identification:_identify(src) by extension 'python'
[0.414s] Level 1:colcon.colcon_core.package_identification:_identify(src) by extensions ['python_setup_py']
[0.414s] Level 1:colcon.colcon_core.package_identification:_identify(src) by extension 'python_setup_py'
[0.414s] Level 1:colcon.colcon_core.package_identification:_identify(src/can_interface) by extensions ['ignore', 'ignore_ament_install']
[0.414s] Level 1:colcon.colcon_core.package_identification:_identify(src/can_interface) by extension 'ignore'
[0.414s] Level 1:colcon.colcon_core.package_identification:_identify(src/can_interface) by extension 'ignore_ament_install'
[0.414s] Level 1:colcon.colcon_core.package_identification:_identify(src/can_interface) by extensions ['colcon_pkg']
[0.415s] Level 1:colcon.colcon_core.package_identification:_identify(src/can_interface) by extension 'colcon_pkg'
[0.415s] Level 1:colcon.colcon_core.package_identification:_identify(src/can_interface) by extensions ['colcon_meta']
[0.415s] Level 1:colcon.colcon_core.package_identification:_identify(src/can_interface) by extension 'colcon_meta'
[0.415s] Level 1:colcon.colcon_core.package_identification:_identify(src/can_interface) by extensions ['ros']
[0.415s] Level 1:colcon.colcon_core.package_identification:_identify(src/can_interface) by extension 'ros'
[0.420s] DEBUG:colcon.colcon_core.package_identification:Package 'src/can_interface' with type 'ros.ament_cmake' and name 'can_interface'
[0.420s] Level 1:colcon.colcon_core.package_identification:_identify(src/motor_driver) by extensions ['ignore', 'ignore_ament_install']
[0.421s] Level 1:colcon.colcon_core.package_identification:_identify(src/motor_driver) by extension 'ignore'
[0.421s] Level 1:colcon.colcon_core.package_identification:_identify(src/motor_driver) by extension 'ignore_ament_install'
[0.421s] Level 1:colcon.colcon_core.package_identification:_identify(src/motor_driver) by extensions ['colcon_pkg']
[0.421s] Level 1:colcon.colcon_core.package_identification:_identify(src/motor_driver) by extension 'colcon_pkg'
[0.421s] Level 1:colcon.colcon_core.package_identification:_identify(src/motor_driver) by extensions ['colcon_meta']
[0.421s] Level 1:colcon.colcon_core.package_identification:_identify(src/motor_driver) by extension 'colcon_meta'
[0.421s] Level 1:colcon.colcon_core.package_identification:_identify(src/motor_driver) by extensions ['ros']
[0.422s] Level 1:colcon.colcon_core.package_identification:_identify(src/motor_driver) by extension 'ros'
[0.424s] DEBUG:colcon.colcon_core.package_identification:Package 'src/motor_driver' with type 'ros.ament_cmake' and name 'motor_driver'
[0.424s] Level 1:colcon.colcon_core.package_discovery:discover_packages(recursive) using defaults
[0.424s] Level 1:colcon.colcon_core.package_discovery:discover_packages(ignore) discover
[0.424s] Level 1:colcon.colcon_core.package_discovery:discover_packages(ignore) using defaults
[0.424s] Level 1:colcon.colcon_core.package_discovery:discover_packages(path) discover
[0.424s] Level 1:colcon.colcon_core.package_discovery:discover_packages(path) using defaults
[0.467s] Level 1:colcon.colcon_core.package_discovery:discover_packages(prefix_path) check parameters
[0.467s] Level 1:colcon.colcon_core.package_discovery:discover_packages(prefix_path) discover
[0.472s] DEBUG:colcon.colcon_installed_package_information.package_discovery:Found 352 installed packages in /opt/ros/humble
[0.476s] Level 1:colcon.colcon_core.package_discovery:discover_packages(prefix_path) using defaults
[0.592s] Level 5:colcon.colcon_core.verb:set package 'can_interface' build argument 'cmake_args' from command line to 'None'
[0.593s] Level 5:colcon.colcon_core.verb:set package 'can_interface' build argument 'cmake_target' from command line to 'None'
[0.593s] Level 5:colcon.colcon_core.verb:set package 'can_interface' build argument 'cmake_target_skip_unavailable' from command line to 'False'
[0.593s] Level 5:colcon.colcon_core.verb:set package 'can_interface' build argument 'cmake_clean_cache' from command line to 'False'
[0.593s] Level 5:colcon.colcon_core.verb:set package 'can_interface' build argument 'cmake_clean_first' from command line to 'False'
[0.593s] Level 5:colcon.colcon_core.verb:set package 'can_interface' build argument 'cmake_force_configure' from command line to 'False'
[0.593s] Level 5:colcon.colcon_core.verb:set package 'can_interface' build argument 'ament_cmake_args' from command line to 'None'
[0.593s] Level 5:colcon.colcon_core.verb:set package 'can_interface' build argument 'catkin_cmake_args' from command line to 'None'
[0.593s] Level 5:colcon.colcon_core.verb:set package 'can_interface' build argument 'catkin_skip_building_tests' from command line to 'False'
[0.593s] DEBUG:colcon.colcon_core.verb:Building package 'can_interface' with the following arguments: {'ament_cmake_args': None, 'build_base': '/home/ubuntu/Desktop/AK8064_ws_Jun/build/can_interface', 'catkin_cmake_args': None, 'catkin_skip_building_tests': False, 'cmake_args': None, 'cmake_clean_cache': False, 'cmake_clean_first': False, 'cmake_force_configure': False, 'cmake_target': None, 'cmake_target_skip_unavailable': False, 'install_base': '/home/ubuntu/Desktop/AK8064_ws_Jun/install/can_interface', 'merge_install': False, 'path': '/home/ubuntu/Desktop/AK8064_ws_Jun/src/can_interface', 'symlink_install': False, 'test_result_base': None}
[0.594s] Level 5:colcon.colcon_core.verb:set package 'motor_driver' build argument 'cmake_args' from command line to 'None'
[0.594s] Level 5:colcon.colcon_core.verb:set package 'motor_driver' build argument 'cmake_target' from command line to 'None'
[0.594s] Level 5:colcon.colcon_core.verb:set package 'motor_driver' build argument 'cmake_target_skip_unavailable' from command line to 'False'
[0.595s] Level 5:colcon.colcon_core.verb:set package 'motor_driver' build argument 'cmake_clean_cache' from command line to 'False'
[0.595s] Level 5:colcon.colcon_core.verb:set package 'motor_driver' build argument 'cmake_clean_first' from command line to 'False'
[0.595s] Level 5:colcon.colcon_core.verb:set package 'motor_driver' build argument 'cmake_force_configure' from command line to 'False'
[0.595s] Level 5:colcon.colcon_core.verb:set package 'motor_driver' build argument 'ament_cmake_args' from command line to 'None'
[0.595s] Level 5:colcon.colcon_core.verb:set package 'motor_driver' build argument 'catkin_cmake_args' from command line to 'None'
[0.595s] Level 5:colcon.colcon_core.verb:set package 'motor_driver' build argument 'catkin_skip_building_tests' from command line to 'False'
[0.595s] DEBUG:colcon.colcon_core.verb:Building package 'motor_driver' with the following arguments: {'ament_cmake_args': None, 'build_base': '/home/ubuntu/Desktop/AK8064_ws_Jun/build/motor_driver', 'catkin_cmake_args': None, 'catkin_skip_building_tests': False, 'cmake_args': None, 'cmake_clean_cache': False, 'cmake_clean_first': False, 'cmake_force_configure': False, 'cmake_target': None, 'cmake_target_skip_unavailable': False, 'install_base': '/home/ubuntu/Desktop/AK8064_ws_Jun/install/motor_driver', 'merge_install': False, 'path': '/home/ubuntu/Desktop/AK8064_ws_Jun/src/motor_driver', 'symlink_install': False, 'test_result_base': None}
[0.595s] INFO:colcon.colcon_core.executor:Executing jobs using 'parallel' executor
[0.598s] DEBUG:colcon.colcon_parallel_executor.executor.parallel:run_until_complete
[0.598s] INFO:colcon.colcon_ros.task.ament_cmake.build:Building ROS package in '/home/ubuntu/Desktop/AK8064_ws_Jun/src/can_interface' with build type 'ament_cmake'
[0.599s] INFO:colcon.colcon_cmake.task.cmake.build:Building CMake package in '/home/ubuntu/Desktop/AK8064_ws_Jun/src/can_interface'
[0.602s] INFO:colcon.colcon_core.plugin_system:Skipping extension 'colcon_core.shell.bat': Not used on non-Windows systems
[0.603s] INFO:colcon.colcon_core.shell:Skip shell extension 'powershell' for command environment: Not usable outside of PowerShell
[0.603s] DEBUG:colcon.colcon_core.shell:Skip shell extension 'dsv' for command environment
[0.620s] DEBUG:colcon.colcon_core.event_handler.log_command:Invoking command in '/home/ubuntu/Desktop/AK8064_ws_Jun/build/can_interface': CMAKE_PREFIX_PATH=/opt/ros/humble /usr/bin/cmake --build /home/ubuntu/Desktop/AK8064_ws_Jun/build/can_interface -- -j8 -l8
[0.733s] DEBUG:colcon.colcon_core.event_handler.log_command:Invoked command in '/home/ubuntu/Desktop/AK8064_ws_Jun/build/can_interface' returned '0': CMAKE_PREFIX_PATH=/opt/ros/humble /usr/bin/cmake --build /home/ubuntu/Desktop/AK8064_ws_Jun/build/can_interface -- -j8 -l8
[0.752s] DEBUG:colcon.colcon_core.event_handler.log_command:Invoking command in '/home/ubuntu/Desktop/AK8064_ws_Jun/build/can_interface': CMAKE_PREFIX_PATH=/opt/ros/humble /usr/bin/cmake --install /home/ubuntu/Desktop/AK8064_ws_Jun/build/can_interface
[0.771s] Level 1:colcon.colcon_core.environment:create_environment_scripts_only(can_interface)
[0.773s] DEBUG:colcon.colcon_core.event_handler.log_command:Invoked command in '/home/ubuntu/Desktop/AK8064_ws_Jun/build/can_interface' returned '0': CMAKE_PREFIX_PATH=/opt/ros/humble /usr/bin/cmake --install /home/ubuntu/Desktop/AK8064_ws_Jun/build/can_interface
[0.777s] Level 1:colcon.colcon_core.environment:checking '/home/ubuntu/Desktop/AK8064_ws_Jun/install/can_interface' for CMake module files
[0.778s] Level 1:colcon.colcon_core.environment:checking '/home/ubuntu/Desktop/AK8064_ws_Jun/install/can_interface' for CMake config files
[0.779s] Level 1:colcon.colcon_core.shell:create_environment_hook('can_interface', 'cmake_prefix_path')
[0.779s] INFO:colcon.colcon_core.shell:Creating environment hook '/home/ubuntu/Desktop/AK8064_ws_Jun/install/can_interface/share/can_interface/hook/cmake_prefix_path.ps1'
[0.780s] INFO:colcon.colcon_core.shell:Creating environment descriptor '/home/ubuntu/Desktop/AK8064_ws_Jun/install/can_interface/share/can_interface/hook/cmake_prefix_path.dsv'
[0.781s] INFO:colcon.colcon_core.shell:Creating environment hook '/home/ubuntu/Desktop/AK8064_ws_Jun/install/can_interface/share/can_interface/hook/cmake_prefix_path.sh'
[0.783s] Level 1:colcon.colcon_core.environment:checking '/home/ubuntu/Desktop/AK8064_ws_Jun/install/can_interface/lib'
[0.783s] Level 1:colcon.colcon_core.shell:create_environment_hook('can_interface', 'ld_library_path_lib')
[0.784s] INFO:colcon.colcon_core.shell:Creating environment hook '/home/ubuntu/Desktop/AK8064_ws_Jun/install/can_interface/share/can_interface/hook/ld_library_path_lib.ps1'
[0.785s] INFO:colcon.colcon_core.shell:Creating environment descriptor '/home/ubuntu/Desktop/AK8064_ws_Jun/install/can_interface/share/can_interface/hook/ld_library_path_lib.dsv'
[0.785s] INFO:colcon.colcon_core.shell:Creating environment hook '/home/ubuntu/Desktop/AK8064_ws_Jun/install/can_interface/share/can_interface/hook/ld_library_path_lib.sh'
[0.786s] Level 1:colcon.colcon_core.environment:checking '/home/ubuntu/Desktop/AK8064_ws_Jun/install/can_interface/bin'
[0.786s] Level 1:colcon.colcon_core.environment:checking '/home/ubuntu/Desktop/AK8064_ws_Jun/install/can_interface/lib/pkgconfig/can_interface.pc'
[0.787s] Level 1:colcon.colcon_core.environment:checking '/home/ubuntu/Desktop/AK8064_ws_Jun/install/can_interface/lib/python3.10/site-packages'
[0.787s] Level 1:colcon.colcon_core.environment:checking '/home/ubuntu/Desktop/AK8064_ws_Jun/install/can_interface/bin'
[0.788s] INFO:colcon.colcon_core.shell:Creating package script '/home/ubuntu/Desktop/AK8064_ws_Jun/install/can_interface/share/can_interface/package.ps1'
[0.790s] INFO:colcon.colcon_core.shell:Creating package descriptor '/home/ubuntu/Desktop/AK8064_ws_Jun/install/can_interface/share/can_interface/package.dsv'
[0.791s] INFO:colcon.colcon_core.shell:Creating package script '/home/ubuntu/Desktop/AK8064_ws_Jun/install/can_interface/share/can_interface/package.sh'
[0.793s] INFO:colcon.colcon_core.shell:Creating package script '/home/ubuntu/Desktop/AK8064_ws_Jun/install/can_interface/share/can_interface/package.bash'
[0.795s] INFO:colcon.colcon_core.shell:Creating package script '/home/ubuntu/Desktop/AK8064_ws_Jun/install/can_interface/share/can_interface/package.zsh'
[0.798s] Level 1:colcon.colcon_core.environment:create_file_with_runtime_dependencies(/home/ubuntu/Desktop/AK8064_ws_Jun/install/can_interface/share/colcon-core/packages/can_interface)
[0.799s] Level 1:colcon.colcon_core.environment:create_environment_scripts_only(can_interface)
[0.800s] Level 1:colcon.colcon_core.environment:checking '/home/ubuntu/Desktop/AK8064_ws_Jun/install/can_interface' for CMake module files
[0.802s] Level 1:colcon.colcon_core.environment:checking '/home/ubuntu/Desktop/AK8064_ws_Jun/install/can_interface' for CMake config files
[0.802s] Level 1:colcon.colcon_core.shell:create_environment_hook('can_interface', 'cmake_prefix_path')
[0.803s] INFO:colcon.colcon_core.shell:Creating environment hook '/home/ubuntu/Desktop/AK8064_ws_Jun/install/can_interface/share/can_interface/hook/cmake_prefix_path.ps1'
[0.804s] INFO:colcon.colcon_core.shell:Creating environment descriptor '/home/ubuntu/Desktop/AK8064_ws_Jun/install/can_interface/share/can_interface/hook/cmake_prefix_path.dsv'
[0.805s] INFO:colcon.colcon_core.shell:Creating environment hook '/home/ubuntu/Desktop/AK8064_ws_Jun/install/can_interface/share/can_interface/hook/cmake_prefix_path.sh'
[0.806s] Level 1:colcon.colcon_core.environment:checking '/home/ubuntu/Desktop/AK8064_ws_Jun/install/can_interface/lib'
[0.806s] Level 1:colcon.colcon_core.shell:create_environment_hook('can_interface', 'ld_library_path_lib')
[0.807s] INFO:colcon.colcon_core.shell:Creating environment hook '/home/ubuntu/Desktop/AK8064_ws_Jun/install/can_interface/share/can_interface/hook/ld_library_path_lib.ps1'
[0.807s] INFO:colcon.colcon_core.shell:Creating environment descriptor '/home/ubuntu/Desktop/AK8064_ws_Jun/install/can_interface/share/can_interface/hook/ld_library_path_lib.dsv'
[0.808s] INFO:colcon.colcon_core.shell:Creating environment hook '/home/ubuntu/Desktop/AK8064_ws_Jun/install/can_interface/share/can_interface/hook/ld_library_path_lib.sh'
[0.809s] Level 1:colcon.colcon_core.environment:checking '/home/ubuntu/Desktop/AK8064_ws_Jun/install/can_interface/bin'
[0.809s] Level 1:colcon.colcon_core.environment:checking '/home/ubuntu/Desktop/AK8064_ws_Jun/install/can_interface/lib/pkgconfig/can_interface.pc'
[0.809s] Level 1:colcon.colcon_core.environment:checking '/home/ubuntu/Desktop/AK8064_ws_Jun/install/can_interface/lib/python3.10/site-packages'
[0.810s] Level 1:colcon.colcon_core.environment:checking '/home/ubuntu/Desktop/AK8064_ws_Jun/install/can_interface/bin'
[0.811s] INFO:colcon.colcon_core.shell:Creating package script '/home/ubuntu/Desktop/AK8064_ws_Jun/install/can_interface/share/can_interface/package.ps1'
[0.812s] INFO:colcon.colcon_core.shell:Creating package descriptor '/home/ubuntu/Desktop/AK8064_ws_Jun/install/can_interface/share/can_interface/package.dsv'
[0.813s] INFO:colcon.colcon_core.shell:Creating package script '/home/ubuntu/Desktop/AK8064_ws_Jun/install/can_interface/share/can_interface/package.sh'
[0.814s] INFO:colcon.colcon_core.shell:Creating package script '/home/ubuntu/Desktop/AK8064_ws_Jun/install/can_interface/share/can_interface/package.bash'
[0.815s] INFO:colcon.colcon_core.shell:Creating package script '/home/ubuntu/Desktop/AK8064_ws_Jun/install/can_interface/share/can_interface/package.zsh'
[0.816s] Level 1:colcon.colcon_core.environment:create_file_with_runtime_dependencies(/home/ubuntu/Desktop/AK8064_ws_Jun/install/can_interface/share/colcon-core/packages/can_interface)
[0.817s] INFO:colcon.colcon_ros.task.ament_cmake.build:Building ROS package in '/home/ubuntu/Desktop/AK8064_ws_Jun/src/motor_driver' with build type 'ament_cmake'
[0.817s] INFO:colcon.colcon_cmake.task.cmake.build:Building CMake package in '/home/ubuntu/Desktop/AK8064_ws_Jun/src/motor_driver'
[0.818s] INFO:colcon.colcon_core.shell:Skip shell extension 'powershell' for command environment: Not usable outside of PowerShell
[0.818s] DEBUG:colcon.colcon_core.shell:Skip shell extension 'dsv' for command environment
[0.844s] DEBUG:colcon.colcon_core.event_handler.log_command:Invoking command in '/home/ubuntu/Desktop/AK8064_ws_Jun/build/motor_driver': AMENT_PREFIX_PATH=/home/ubuntu/Desktop/AK8064_ws_Jun/install/can_interface:${AMENT_PREFIX_PATH} CMAKE_PREFIX_PATH=/home/ubuntu/Desktop/AK8064_ws_Jun/install/can_interface:/opt/ros/humble LD_LIBRARY_PATH=/home/ubuntu/Desktop/AK8064_ws_Jun/install/can_interface/lib:${LD_LIBRARY_PATH} /usr/bin/cmake --build /home/ubuntu/Desktop/AK8064_ws_Jun/build/motor_driver -- -j8 -l8
[18.357s] DEBUG:colcon.colcon_core.event_handler.log_command:Invoked command in '/home/ubuntu/Desktop/AK8064_ws_Jun/build/motor_driver' returned '0': AMENT_PREFIX_PATH=/home/ubuntu/Desktop/AK8064_ws_Jun/install/can_interface:${AMENT_PREFIX_PATH} CMAKE_PREFIX_PATH=/home/ubuntu/Desktop/AK8064_ws_Jun/install/can_interface:/opt/ros/humble LD_LIBRARY_PATH=/home/ubuntu/Desktop/AK8064_ws_Jun/install/can_interface/lib:${LD_LIBRARY_PATH} /usr/bin/cmake --build /home/ubuntu/Desktop/AK8064_ws_Jun/build/motor_driver -- -j8 -l8
[18.361s] DEBUG:colcon.colcon_core.event_handler.log_command:Invoking command in '/home/ubuntu/Desktop/AK8064_ws_Jun/build/motor_driver': AMENT_PREFIX_PATH=/home/ubuntu/Desktop/AK8064_ws_Jun/install/can_interface:${AMENT_PREFIX_PATH} CMAKE_PREFIX_PATH=/home/ubuntu/Desktop/AK8064_ws_Jun/install/can_interface:/opt/ros/humble LD_LIBRARY_PATH=/home/ubuntu/Desktop/AK8064_ws_Jun/install/can_interface/lib:${LD_LIBRARY_PATH} /usr/bin/cmake --install /home/ubuntu/Desktop/AK8064_ws_Jun/build/motor_driver
[18.385s] Level 1:colcon.colcon_core.environment:create_environment_scripts_only(motor_driver)
[18.386s] Level 1:colcon.colcon_core.environment:checking '/home/ubuntu/Desktop/AK8064_ws_Jun/install/motor_driver' for CMake module files
[18.387s] DEBUG:colcon.colcon_core.event_handler.log_command:Invoked command in '/home/ubuntu/Desktop/AK8064_ws_Jun/build/motor_driver' returned '0': AMENT_PREFIX_PATH=/home/ubuntu/Desktop/AK8064_ws_Jun/install/can_interface:${AMENT_PREFIX_PATH} CMAKE_PREFIX_PATH=/home/ubuntu/Desktop/AK8064_ws_Jun/install/can_interface:/opt/ros/humble LD_LIBRARY_PATH=/home/ubuntu/Desktop/AK8064_ws_Jun/install/can_interface/lib:${LD_LIBRARY_PATH} /usr/bin/cmake --install /home/ubuntu/Desktop/AK8064_ws_Jun/build/motor_driver
[18.387s] Level 1:colcon.colcon_core.environment:checking '/home/ubuntu/Desktop/AK8064_ws_Jun/install/motor_driver' for CMake config files
[18.388s] Level 1:colcon.colcon_core.shell:create_environment_hook('motor_driver', 'cmake_prefix_path')
[18.388s] INFO:colcon.colcon_core.shell:Creating environment hook '/home/ubuntu/Desktop/AK8064_ws_Jun/install/motor_driver/share/motor_driver/hook/cmake_prefix_path.ps1'
[18.390s] INFO:colcon.colcon_core.shell:Creating environment descriptor '/home/ubuntu/Desktop/AK8064_ws_Jun/install/motor_driver/share/motor_driver/hook/cmake_prefix_path.dsv'
[18.391s] INFO:colcon.colcon_core.shell:Creating environment hook '/home/ubuntu/Desktop/AK8064_ws_Jun/install/motor_driver/share/motor_driver/hook/cmake_prefix_path.sh'
[18.392s] Level 1:colcon.colcon_core.environment:checking '/home/ubuntu/Desktop/AK8064_ws_Jun/install/motor_driver/lib'
[18.392s] Level 1:colcon.colcon_core.environment:checking '/home/ubuntu/Desktop/AK8064_ws_Jun/install/motor_driver/bin'
[18.392s] Level 1:colcon.colcon_core.environment:checking '/home/ubuntu/Desktop/AK8064_ws_Jun/install/motor_driver/lib/pkgconfig/motor_driver.pc'
[18.393s] Level 1:colcon.colcon_core.environment:checking '/home/ubuntu/Desktop/AK8064_ws_Jun/install/motor_driver/lib/python3.10/site-packages'
[18.393s] Level 1:colcon.colcon_core.environment:checking '/home/ubuntu/Desktop/AK8064_ws_Jun/install/motor_driver/bin'
[18.394s] INFO:colcon.colcon_core.shell:Creating package script '/home/ubuntu/Desktop/AK8064_ws_Jun/install/motor_driver/share/motor_driver/package.ps1'
[18.395s] INFO:colcon.colcon_core.shell:Creating package descriptor '/home/ubuntu/Desktop/AK8064_ws_Jun/install/motor_driver/share/motor_driver/package.dsv'
[18.395s] INFO:colcon.colcon_core.shell:Creating package script '/home/ubuntu/Desktop/AK8064_ws_Jun/install/motor_driver/share/motor_driver/package.sh'
[18.396s] INFO:colcon.colcon_core.shell:Creating package script '/home/ubuntu/Desktop/AK8064_ws_Jun/install/motor_driver/share/motor_driver/package.bash'
[18.397s] INFO:colcon.colcon_core.shell:Creating package script '/home/ubuntu/Desktop/AK8064_ws_Jun/install/motor_driver/share/motor_driver/package.zsh'
[18.397s] Level 1:colcon.colcon_core.environment:create_file_with_runtime_dependencies(/home/ubuntu/Desktop/AK8064_ws_Jun/install/motor_driver/share/colcon-core/packages/motor_driver)
[18.398s] Level 1:colcon.colcon_core.environment:create_environment_scripts_only(motor_driver)
[18.399s] Level 1:colcon.colcon_core.environment:checking '/home/ubuntu/Desktop/AK8064_ws_Jun/install/motor_driver' for CMake module files
[18.399s] Level 1:colcon.colcon_core.environment:checking '/home/ubuntu/Desktop/AK8064_ws_Jun/install/motor_driver' for CMake config files
[18.400s] Level 1:colcon.colcon_core.shell:create_environment_hook('motor_driver', 'cmake_prefix_path')
[18.400s] INFO:colcon.colcon_core.shell:Creating environment hook '/home/ubuntu/Desktop/AK8064_ws_Jun/install/motor_driver/share/motor_driver/hook/cmake_prefix_path.ps1'
[18.401s] INFO:colcon.colcon_core.shell:Creating environment descriptor '/home/ubuntu/Desktop/AK8064_ws_Jun/install/motor_driver/share/motor_driver/hook/cmake_prefix_path.dsv'
[18.402s] INFO:colcon.colcon_core.shell:Creating environment hook '/home/ubuntu/Desktop/AK8064_ws_Jun/install/motor_driver/share/motor_driver/hook/cmake_prefix_path.sh'
[18.403s] Level 1:colcon.colcon_core.environment:checking '/home/ubuntu/Desktop/AK8064_ws_Jun/install/motor_driver/lib'
[18.403s] Level 1:colcon.colcon_core.environment:checking '/home/ubuntu/Desktop/AK8064_ws_Jun/install/motor_driver/bin'
[18.403s] Level 1:colcon.colcon_core.environment:checking '/home/ubuntu/Desktop/AK8064_ws_Jun/install/motor_driver/lib/pkgconfig/motor_driver.pc'
[18.403s] Level 1:colcon.colcon_core.environment:checking '/home/ubuntu/Desktop/AK8064_ws_Jun/install/motor_driver/lib/python3.10/site-packages'
[18.404s] Level 1:colcon.colcon_core.environment:checking '/home/ubuntu/Desktop/AK8064_ws_Jun/install/motor_driver/bin'
[18.404s] INFO:colcon.colcon_core.shell:Creating package script '/home/ubuntu/Desktop/AK8064_ws_Jun/install/motor_driver/share/motor_driver/package.ps1'
[18.405s] INFO:colcon.colcon_core.shell:Creating package descriptor '/home/ubuntu/Desktop/AK8064_ws_Jun/install/motor_driver/share/motor_driver/package.dsv'
[18.406s] INFO:colcon.colcon_core.shell:Creating package script '/home/ubuntu/Desktop/AK8064_ws_Jun/install/motor_driver/share/motor_driver/package.sh'
[18.407s] INFO:colcon.colcon_core.shell:Creating package script '/home/ubuntu/Desktop/AK8064_ws_Jun/install/motor_driver/share/motor_driver/package.bash'
[18.408s] INFO:colcon.colcon_core.shell:Creating package script '/home/ubuntu/Desktop/AK8064_ws_Jun/install/motor_driver/share/motor_driver/package.zsh'
[18.409s] Level 1:colcon.colcon_core.environment:create_file_with_runtime_dependencies(/home/ubuntu/Desktop/AK8064_ws_Jun/install/motor_driver/share/colcon-core/packages/motor_driver)
[18.410s] DEBUG:colcon.colcon_parallel_executor.executor.parallel:closing loop
[18.410s] DEBUG:colcon.colcon_parallel_executor.executor.parallel:loop closed
[18.411s] DEBUG:colcon.colcon_parallel_executor.executor.parallel:run_until_complete finished with '0'
[18.411s] DEBUG:colcon.colcon_core.event_reactor:joining thread
[18.421s] INFO:colcon.colcon_core.plugin_system:Skipping extension 'colcon_notification.desktop_notification.terminal_notifier': Not used on non-Darwin systems
[18.421s] INFO:colcon.colcon_core.plugin_system:Skipping extension 'colcon_notification.desktop_notification.win32': Not used on non-Windows systems
[18.421s] INFO:colcon.colcon_notification.desktop_notification:Sending desktop notification using 'notify2'
[18.440s] DEBUG:colcon.colcon_core.event_reactor:joined thread
[18.441s] INFO:colcon.colcon_core.shell:Creating prefix script '/home/ubuntu/Desktop/AK8064_ws_Jun/install/local_setup.ps1'
[18.443s] INFO:colcon.colcon_core.shell:Creating prefix util module '/home/ubuntu/Desktop/AK8064_ws_Jun/install/_local_setup_util_ps1.py'
[18.446s] INFO:colcon.colcon_core.shell:Creating prefix chain script '/home/ubuntu/Desktop/AK8064_ws_Jun/install/setup.ps1'
[18.448s] INFO:colcon.colcon_core.shell:Creating prefix script '/home/ubuntu/Desktop/AK8064_ws_Jun/install/local_setup.sh'
[18.449s] INFO:colcon.colcon_core.shell:Creating prefix util module '/home/ubuntu/Desktop/AK8064_ws_Jun/install/_local_setup_util_sh.py'
[18.450s] INFO:colcon.colcon_core.shell:Creating prefix chain script '/home/ubuntu/Desktop/AK8064_ws_Jun/install/setup.sh'
[18.452s] INFO:colcon.colcon_core.shell:Creating prefix script '/home/ubuntu/Desktop/AK8064_ws_Jun/install/local_setup.bash'
[18.452s] INFO:colcon.colcon_core.shell:Creating prefix chain script '/home/ubuntu/Desktop/AK8064_ws_Jun/install/setup.bash'
[18.454s] INFO:colcon.colcon_core.shell:Creating prefix script '/home/ubuntu/Desktop/AK8064_ws_Jun/install/local_setup.zsh'
[18.455s] INFO:colcon.colcon_core.shell:Creating prefix chain script '/home/ubuntu/Desktop/AK8064_ws_Jun/install/setup.zsh'
