[0.010s] Invoking command in '/home/ubuntu/Desktop/AK8064_ws_Jun/build/can_interface': CMAKE_PREFIX_PATH=${CMAKE_PREFIX_PATH}:/opt/ros/humble /usr/bin/cmake /home/ubuntu/Desktop/AK8064_ws_Jun/src/can_interface -DCMAKE_INSTALL_PREFIX=/home/ubuntu/Desktop/AK8064_ws_Jun/install/can_interface
[0.110s] -- The C compiler identification is GNU 11.4.0
[0.155s] -- The CXX compiler identification is GNU 11.4.0
[0.163s] -- Detecting C compiler ABI info
[0.216s] -- Detecting C compiler ABI info - done
[0.222s] -- Check for working C compiler: /usr/bin/cc - skipped
[0.223s] -- Detecting C compile features
[0.223s] -- Detecting C compile features - done
[0.228s] -- Detecting CXX compiler ABI info
[0.287s] -- Detecting CXX compiler ABI info - done
[0.293s] -- Check for working CXX compiler: /usr/bin/c++ - skipped
[0.293s] -- Detecting CXX compile features
[0.294s] -- Detecting CXX compile features - done
[0.301s] -- Found ament_cmake: 1.3.11 (/opt/ros/humble/share/ament_cmake/cmake)
[0.630s] -- Found Python3: /usr/bin/python3 (found version "3.10.12") found components: Interpreter 
[0.786s] -- Configuring done
[0.790s] -- Generating done
[0.793s] -- Build files have been written to: /home/ubuntu/Desktop/AK8064_ws_Jun/build/can_interface
[0.796s] Invoked command in '/home/ubuntu/Desktop/AK8064_ws_Jun/build/can_interface' returned '0': CMAKE_PREFIX_PATH=${CMAKE_PREFIX_PATH}:/opt/ros/humble /usr/bin/cmake /home/ubuntu/Desktop/AK8064_ws_Jun/src/can_interface -DCMAKE_INSTALL_PREFIX=/home/ubuntu/Desktop/AK8064_ws_Jun/install/can_interface
[0.798s] Invoking command in '/home/ubuntu/Desktop/AK8064_ws_Jun/build/can_interface': CMAKE_PREFIX_PATH=${CMAKE_PREFIX_PATH}:/opt/ros/humble /usr/bin/cmake --build /home/ubuntu/Desktop/AK8064_ws_Jun/build/can_interface -- -j8 -l8
[0.832s] [ 50%] [32mBuilding CXX object CMakeFiles/can_interface.dir/src/caninterface.cpp.o[0m
[1.087s] [100%] [32m[1mLinking CXX shared library libcan_interface.so[0m
[1.141s] [100%] Built target can_interface
[1.149s] Invoked command in '/home/ubuntu/Desktop/AK8064_ws_Jun/build/can_interface' returned '0': CMAKE_PREFIX_PATH=${CMAKE_PREFIX_PATH}:/opt/ros/humble /usr/bin/cmake --build /home/ubuntu/Desktop/AK8064_ws_Jun/build/can_interface -- -j8 -l8
[1.156s] Invoking command in '/home/ubuntu/Desktop/AK8064_ws_Jun/build/can_interface': CMAKE_PREFIX_PATH=${CMAKE_PREFIX_PATH}:/opt/ros/humble /usr/bin/cmake --install /home/ubuntu/Desktop/AK8064_ws_Jun/build/can_interface
[1.161s] -- Install configuration: ""
[1.161s] -- Installing: /home/ubuntu/Desktop/AK8064_ws_Jun/install/can_interface/lib/libcan_interface.so
[1.161s] -- Installing: /home/ubuntu/Desktop/AK8064_ws_Jun/install/can_interface/include
[1.161s] -- Installing: /home/ubuntu/Desktop/AK8064_ws_Jun/install/can_interface/include/can_interface
[1.161s] -- Installing: /home/ubuntu/Desktop/AK8064_ws_Jun/install/can_interface/include/can_interface/caninterface.hpp
[1.161s] -- Installing: /home/ubuntu/Desktop/AK8064_ws_Jun/install/can_interface/share/can_interface/environment/library_path.sh
[1.161s] -- Installing: /home/ubuntu/Desktop/AK8064_ws_Jun/install/can_interface/share/can_interface/environment/library_path.dsv
[1.162s] -- Installing: /home/ubuntu/Desktop/AK8064_ws_Jun/install/can_interface/share/ament_index/resource_index/package_run_dependencies/can_interface
[1.162s] -- Installing: /home/ubuntu/Desktop/AK8064_ws_Jun/install/can_interface/share/ament_index/resource_index/parent_prefix_path/can_interface
[1.162s] -- Installing: /home/ubuntu/Desktop/AK8064_ws_Jun/install/can_interface/share/can_interface/environment/ament_prefix_path.sh
[1.162s] -- Installing: /home/ubuntu/Desktop/AK8064_ws_Jun/install/can_interface/share/can_interface/environment/ament_prefix_path.dsv
[1.162s] -- Installing: /home/ubuntu/Desktop/AK8064_ws_Jun/install/can_interface/share/can_interface/environment/path.sh
[1.162s] -- Installing: /home/ubuntu/Desktop/AK8064_ws_Jun/install/can_interface/share/can_interface/environment/path.dsv
[1.162s] -- Installing: /home/ubuntu/Desktop/AK8064_ws_Jun/install/can_interface/share/can_interface/local_setup.bash
[1.162s] -- Installing: /home/ubuntu/Desktop/AK8064_ws_Jun/install/can_interface/share/can_interface/local_setup.sh
[1.162s] -- Installing: /home/ubuntu/Desktop/AK8064_ws_Jun/install/can_interface/share/can_interface/local_setup.zsh
[1.162s] -- Installing: /home/ubuntu/Desktop/AK8064_ws_Jun/install/can_interface/share/can_interface/local_setup.dsv
[1.162s] -- Installing: /home/ubuntu/Desktop/AK8064_ws_Jun/install/can_interface/share/can_interface/package.dsv
[1.162s] -- Installing: /home/ubuntu/Desktop/AK8064_ws_Jun/install/can_interface/share/ament_index/resource_index/packages/can_interface
[1.163s] -- Installing: /home/ubuntu/Desktop/AK8064_ws_Jun/install/can_interface/share/can_interface/cmake/export_can_interfaceExport.cmake
[1.163s] -- Installing: /home/ubuntu/Desktop/AK8064_ws_Jun/install/can_interface/share/can_interface/cmake/export_can_interfaceExport-noconfig.cmake
[1.163s] -- Installing: /home/ubuntu/Desktop/AK8064_ws_Jun/install/can_interface/share/can_interface/cmake/ament_cmake_export_targets-extras.cmake
[1.163s] -- Installing: /home/ubuntu/Desktop/AK8064_ws_Jun/install/can_interface/share/can_interface/cmake/ament_cmake_export_include_directories-extras.cmake
[1.163s] -- Installing: /home/ubuntu/Desktop/AK8064_ws_Jun/install/can_interface/share/can_interface/cmake/ament_cmake_export_libraries-extras.cmake
[1.163s] -- Installing: /home/ubuntu/Desktop/AK8064_ws_Jun/install/can_interface/share/can_interface/cmake/can_interfaceConfig.cmake
[1.163s] -- Installing: /home/ubuntu/Desktop/AK8064_ws_Jun/install/can_interface/share/can_interface/cmake/can_interfaceConfig-version.cmake
[1.163s] -- Installing: /home/ubuntu/Desktop/AK8064_ws_Jun/install/can_interface/share/can_interface/package.xml
[1.165s] Invoked command in '/home/ubuntu/Desktop/AK8064_ws_Jun/build/can_interface' returned '0': CMAKE_PREFIX_PATH=${CMAKE_PREFIX_PATH}:/opt/ros/humble /usr/bin/cmake --install /home/ubuntu/Desktop/AK8064_ws_Jun/build/can_interface
