[0.038s] Invoking command in '/home/ubuntu/Desktop/AK8064_ws_Jun/build/motor_control': AMENT_PREFIX_PATH=/home/ubuntu/Desktop/AK8064_ws_Jun/install/can_interface:${AMENT_PREFIX_PATH} CMAKE_PREFIX_PATH=/home/ubuntu/Desktop/AK8064_ws_Jun/install/can_interface:/opt/ros/humble LD_LIBRARY_PATH=/home/ubuntu/Desktop/AK8064_ws_Jun/install/can_interface/lib:${LD_LIBRARY_PATH} /usr/bin/cmake --build /home/ubuntu/Desktop/AK8064_ws_Jun/build/motor_control -- -j8 -l8
[0.113s] -- Found ament_cmake: 1.3.11 (/opt/ros/humble/share/ament_cmake/cmake)
[0.373s] -- Found rclcpp: 16.0.12 (/opt/ros/humble/share/rclcpp/cmake)
[0.431s] -- Found rosidl_generator_c: 3.1.6 (/opt/ros/humble/share/rosidl_generator_c/cmake)
[0.436s] -- Found rosidl_adapter: 3.1.6 (/opt/ros/humble/share/rosidl_adapter/cmake)
[0.447s] -- Found rosidl_generator_cpp: 3.1.6 (/opt/ros/humble/share/rosidl_generator_cpp/cmake)
[0.466s] -- Using all available rosidl_typesupport_c: rosidl_typesupport_fastrtps_c;rosidl_typesupport_introspection_c
[0.491s] -- Using all available rosidl_typesupport_cpp: rosidl_typesupport_fastrtps_cpp;rosidl_typesupport_introspection_cpp
[0.553s] -- Found rmw_implementation_cmake: 6.1.2 (/opt/ros/humble/share/rmw_implementation_cmake/cmake)
[0.556s] -- Found rmw_cyclonedds_cpp: 1.3.4 (/opt/ros/humble/share/rmw_cyclonedds_cpp/cmake)
[0.590s] -- Using RMW implementation 'rmw_cyclonedds_cpp' as default
[0.684s] -- Found can_interface: 0.0.1 (/home/ubuntu/Desktop/AK8064_ws_Jun/install/can_interface/share/can_interface/cmake)
[0.690s] -- Found ament_lint_auto: 0.12.12 (/opt/ros/humble/share/ament_lint_auto/cmake)
[0.823s] -- Added test 'cppcheck' to perform static code analysis on C / C++ code
[0.824s] -- Configured cppcheck include dirs: /home/ubuntu/Desktop/AK8064_ws_Jun/src/motor_control/include
[0.824s] -- Configured cppcheck exclude dirs and/or files: 
[0.825s] -- Added test 'lint_cmake' to check CMake code style
[0.826s] -- Added test 'uncrustify' to check C / C++ code style
[0.827s] -- Configured uncrustify additional arguments: 
[0.827s] -- Added test 'xmllint' to check XML markup files
[0.828s] -- Configuring done
[0.842s] -- Generating done
[0.850s] -- Build files have been written to: /home/ubuntu/Desktop/AK8064_ws_Jun/build/motor_control
[0.924s] [ 66%] [32mBuilding CXX object CMakeFiles/motor_control_node.dir/src/motor_control_node.cpp.o[0m
[0.924s] [ 66%] [32mBuilding CXX object CMakeFiles/motor_control_node.dir/src/motor_controller.cpp.o[0m
[0.941s] [01m[K/home/ubuntu/Desktop/AK8064_ws_Jun/src/motor_control/src/motor_control_node.cpp:1:10:[m[K [01;31m[Kfatal error: [m[Kmotor_control_node.hpp: No such file or directory
[0.942s]     1 | #include [01;31m[K"motor_control_node.hpp"[m[K
[0.942s]       |          [01;31m[K^~~~~~~~~~~~~~~~~~~~~~~~[m[K
[0.942s] compilation terminated.
[0.943s] [01m[K/home/ubuntu/Desktop/AK8064_ws_Jun/src/motor_control/src/motor_controller.cpp:1:10:[m[K [01;31m[Kfatal error: [m[Kmotor_controller.hpp: No such file or directory
[0.943s]     1 | #include [01;31m[K"motor_controller.hpp"[m[K
[0.944s]       |          [01;31m[K^~~~~~~~~~~~~~~~~~~~~~[m[K
[0.944s] gmake[2]: *** [CMakeFiles/motor_control_node.dir/build.make:76: CMakeFiles/motor_control_node.dir/src/motor_control_node.cpp.o] Error 1
[0.944s] compilation terminated.
[0.944s] gmake[2]: *** Waiting for unfinished jobs....
[0.946s] gmake[2]: *** [CMakeFiles/motor_control_node.dir/build.make:90: CMakeFiles/motor_control_node.dir/src/motor_controller.cpp.o] Error 1
[0.947s] gmake[1]: *** [CMakeFiles/Makefile2:137: CMakeFiles/motor_control_node.dir/all] Error 2
[0.947s] gmake: *** [Makefile:146: all] Error 2
[0.952s] Invoked command in '/home/ubuntu/Desktop/AK8064_ws_Jun/build/motor_control' returned '2': AMENT_PREFIX_PATH=/home/ubuntu/Desktop/AK8064_ws_Jun/install/can_interface:${AMENT_PREFIX_PATH} CMAKE_PREFIX_PATH=/home/ubuntu/Desktop/AK8064_ws_Jun/install/can_interface:/opt/ros/humble LD_LIBRARY_PATH=/home/ubuntu/Desktop/AK8064_ws_Jun/install/can_interface/lib:${LD_LIBRARY_PATH} /usr/bin/cmake --build /home/ubuntu/Desktop/AK8064_ws_Jun/build/motor_control -- -j8 -l8
