[35m[1mConsolidate compiler generated dependencies of target ControlMotor[0m
[ 50%] [32mBuilding CXX object CMakeFiles/ControlMotor.dir/src/ControlMotor.cpp.o[0m
[01m[K/home/ubuntu/Desktop/AK8064_ws_Jun/src/motor_driver/src/ControlMotor.cpp:[m[K In member function ‘[01m[Kvoid MotorController::handlePaused(const MotorData&)[m[K’:
[01m[K/home/ubuntu/Desktop/AK8064_ws_Jun/src/motor_driver/src/ControlMotor.cpp:1993:29:[m[K [01;31m[Kerror: [m[K‘[01m[Kfmt[m[K’ has not been declared
 1993 |             auto response = [01;31m[Kfmt[m[K::format("Motor 0x{:02X}: Failed to maintain pause position: {}", motor_id_, e.what());
      |                             [01;31m[K^~~[m[K
[01m[K/home/ubuntu/Desktop/AK8064_ws_Jun/src/motor_driver/src/ControlMotor.cpp:[m[K In member function ‘[01m[Kvoid MotorController::handleError(const MotorData&)[m[K’:
[01m[K/home/ubuntu/Desktop/AK8064_ws_Jun/src/motor_driver/src/ControlMotor.cpp:2006:22:[m[K [01;31m[Kerror: [m[Kno matching function for call to ‘[01m[KMotorController::handleStopped()[m[K’
 2006 |         [01;31m[KhandleStopped()[m[K;
      |         [01;31m[K~~~~~~~~~~~~~^~[m[K
[01m[K/home/ubuntu/Desktop/AK8064_ws_Jun/src/motor_driver/src/ControlMotor.cpp:2001:10:[m[K [01;36m[Knote: [m[Kcandidate: ‘[01m[Kvoid MotorController::handleStopped(const MotorData&)[m[K’
 2001 |     void [01;36m[KhandleStopped[m[K(const MotorData& data) {
      |          [01;36m[K^~~~~~~~~~~~~[m[K
[01m[K/home/ubuntu/Desktop/AK8064_ws_Jun/src/motor_driver/src/ControlMotor.cpp:2001:10:[m[K [01;36m[Knote: [m[K  candidate expects 1 argument, 0 provided
[01m[K/home/ubuntu/Desktop/AK8064_ws_Jun/src/motor_driver/src/ControlMotor.cpp:2013:25:[m[K [01;31m[Kerror: [m[Kno matching function for call to ‘[01m[KMotorController::handleHoming()[m[K’
 2013 |             [01;31m[KhandleHoming()[m[K;
      |             [01;31m[K~~~~~~~~~~~~^~[m[K
[01m[K/home/ubuntu/Desktop/AK8064_ws_Jun/src/motor_driver/src/ControlMotor.cpp:1923:10:[m[K [01;36m[Knote: [m[Kcandidate: ‘[01m[Kvoid MotorController::handleHoming(const MotorData&)[m[K’
 1923 |     void [01;36m[KhandleHoming[m[K(const MotorData& data) {
      |          [01;36m[K^~~~~~~~~~~~[m[K
[01m[K/home/ubuntu/Desktop/AK8064_ws_Jun/src/motor_driver/src/ControlMotor.cpp:1923:10:[m[K [01;36m[Knote: [m[K  candidate expects 1 argument, 0 provided
gmake[2]: *** [CMakeFiles/ControlMotor.dir/build.make:76: CMakeFiles/ControlMotor.dir/src/ControlMotor.cpp.o] Error 1
gmake[1]: *** [CMakeFiles/Makefile2:137: CMakeFiles/ControlMotor.dir/all] Error 2
gmake: *** [Makefile:146: all] Error 2
