[0.019s] Invoking command in '/home/ubuntu/Desktop/AK8064_ws_Jun/build/motor_driver': CMAKE_PREFIX_PATH=/home/ubuntu/Desktop/AK8064_ws_Jun/install/can_interface:/home/ubuntu/Desktop/AK8064_ws_Jun/install/motor_driver:/opt/ros/humble /usr/bin/cmake --build /home/ubuntu/Desktop/AK8064_ws_Jun/build/motor_driver -- -j8 -l8
[0.099s] [35m[1mConsolidate compiler generated dependencies of target ControlMotor[0m
[0.133s] [ 50%] [32mBuilding CXX object CMakeFiles/ControlMotor.dir/src/ControlMotor.cpp.o[0m
[22.503s] [100%] [32m[1mLinking CXX executable ControlMotor[0m
[23.652s] [100%] Built target ControlMotor
[23.672s] Invoked command in '/home/ubuntu/Desktop/AK8064_ws_Jun/build/motor_driver' returned '0': CMAKE_PREFIX_PATH=/home/ubuntu/Desktop/AK8064_ws_Jun/install/can_interface:/home/ubuntu/Desktop/AK8064_ws_Jun/install/motor_driver:/opt/ros/humble /usr/bin/cmake --build /home/ubuntu/Desktop/AK8064_ws_Jun/build/motor_driver -- -j8 -l8
[23.675s] Invoking command in '/home/ubuntu/Desktop/AK8064_ws_Jun/build/motor_driver': CMAKE_PREFIX_PATH=/home/ubuntu/Desktop/AK8064_ws_Jun/install/can_interface:/home/ubuntu/Desktop/AK8064_ws_Jun/install/motor_driver:/opt/ros/humble /usr/bin/cmake --install /home/ubuntu/Desktop/AK8064_ws_Jun/build/motor_driver
[23.689s] -- Install configuration: ""
[23.690s] -- Installing: /home/ubuntu/Desktop/AK8064_ws_Jun/install/motor_driver/lib/motor_driver/ControlMotor
[23.702s] -- Set runtime path of "/home/ubuntu/Desktop/AK8064_ws_Jun/install/motor_driver/lib/motor_driver/ControlMotor" to ""
[23.702s] -- Up-to-date: /home/ubuntu/Desktop/AK8064_ws_Jun/install/motor_driver/share/motor_driver//config
[23.702s] -- Up-to-date: /home/ubuntu/Desktop/AK8064_ws_Jun/install/motor_driver/share/motor_driver//config/exercise1_params.yaml
[23.703s] -- Up-to-date: /home/ubuntu/Desktop/AK8064_ws_Jun/install/motor_driver/share/motor_driver//config/exercise2_params.yaml
[23.703s] -- Up-to-date: /home/ubuntu/Desktop/AK8064_ws_Jun/install/motor_driver/share/motor_driver/config/exercise1_params.yaml
[23.703s] -- Up-to-date: /home/ubuntu/Desktop/AK8064_ws_Jun/install/motor_driver/share/motor_driver/config/exercise2_params.yaml
[23.703s] -- Up-to-date: /home/ubuntu/Desktop/AK8064_ws_Jun/install/motor_driver/share/ament_index/resource_index/package_run_dependencies/motor_driver
[23.704s] -- Up-to-date: /home/ubuntu/Desktop/AK8064_ws_Jun/install/motor_driver/share/ament_index/resource_index/parent_prefix_path/motor_driver
[23.704s] -- Up-to-date: /home/ubuntu/Desktop/AK8064_ws_Jun/install/motor_driver/share/motor_driver/environment/ament_prefix_path.sh
[23.704s] -- Up-to-date: /home/ubuntu/Desktop/AK8064_ws_Jun/install/motor_driver/share/motor_driver/environment/ament_prefix_path.dsv
[23.704s] -- Up-to-date: /home/ubuntu/Desktop/AK8064_ws_Jun/install/motor_driver/share/motor_driver/environment/path.sh
[23.704s] -- Up-to-date: /home/ubuntu/Desktop/AK8064_ws_Jun/install/motor_driver/share/motor_driver/environment/path.dsv
[23.705s] -- Up-to-date: /home/ubuntu/Desktop/AK8064_ws_Jun/install/motor_driver/share/motor_driver/local_setup.bash
[23.705s] -- Up-to-date: /home/ubuntu/Desktop/AK8064_ws_Jun/install/motor_driver/share/motor_driver/local_setup.sh
[23.705s] -- Up-to-date: /home/ubuntu/Desktop/AK8064_ws_Jun/install/motor_driver/share/motor_driver/local_setup.zsh
[23.705s] -- Up-to-date: /home/ubuntu/Desktop/AK8064_ws_Jun/install/motor_driver/share/motor_driver/local_setup.dsv
[23.705s] -- Installing: /home/ubuntu/Desktop/AK8064_ws_Jun/install/motor_driver/share/motor_driver/package.dsv
[23.706s] -- Up-to-date: /home/ubuntu/Desktop/AK8064_ws_Jun/install/motor_driver/share/ament_index/resource_index/packages/motor_driver
[23.706s] -- Up-to-date: /home/ubuntu/Desktop/AK8064_ws_Jun/install/motor_driver/share/motor_driver/cmake/motor_driverConfig.cmake
[23.706s] -- Up-to-date: /home/ubuntu/Desktop/AK8064_ws_Jun/install/motor_driver/share/motor_driver/cmake/motor_driverConfig-version.cmake
[23.706s] -- Up-to-date: /home/ubuntu/Desktop/AK8064_ws_Jun/install/motor_driver/share/motor_driver/package.xml
[23.709s] Invoked command in '/home/ubuntu/Desktop/AK8064_ws_Jun/build/motor_driver' returned '0': CMAKE_PREFIX_PATH=/home/ubuntu/Desktop/AK8064_ws_Jun/install/can_interface:/home/ubuntu/Desktop/AK8064_ws_Jun/install/motor_driver:/opt/ros/humble /usr/bin/cmake --install /home/ubuntu/Desktop/AK8064_ws_Jun/build/motor_driver
