[35m[1mConsolidate compiler generated dependencies of target ControlMotor[0m
[ 50%] [32mBuilding CXX object CMakeFiles/ControlMotor.dir/src/ControlMotor.cpp.o[0m
[01m[K/home/ubuntu/Desktop/AK8064_ws_Jun/src/motor_driver/src/ControlMotor.cpp:766:8:[m[K [01;31m[Kerror: [m[Kredefinition of ‘[01m[Kstruct MotorData[m[K’
  766 | struct [01;31m[KMotorData[m[K {
      |        [01;31m[K^~~~~~~~~[m[K
[01m[K/home/ubuntu/Desktop/AK8064_ws_Jun/src/motor_driver/src/ControlMotor.cpp:88:8:[m[K [01;36m[Knote: [m[Kprevious definition of ‘[01m[Kstruct MotorData[m[K’
   88 | struct [01;36m[KMotorData[m[K {
      |        [01;36m[K^~~~~~~~~[m[K
[01m[K/home/ubuntu/Desktop/AK8064_ws_Jun/src/motor_driver/src/ControlMotor.cpp:776:7:[m[K [01;31m[Kerror: [m[Kredefinition of ‘[01m[Kclass ICANInterface[m[K’
  776 | class [01;31m[KICANInterface[m[K {
      |       [01;31m[K^~~~~~~~~~~~~[m[K
[01m[K/home/ubuntu/Desktop/AK8064_ws_Jun/src/motor_driver/src/ControlMotor.cpp:17:7:[m[K [01;36m[Knote: [m[Kprevious definition of ‘[01m[Kclass ICANInterface[m[K’
   17 | class [01;36m[KICANInterface[m[K {
      |       [01;36m[K^~~~~~~~~~~~~[m[K
[01m[K/home/ubuntu/Desktop/AK8064_ws_Jun/src/motor_driver/src/ControlMotor.cpp:789:7:[m[K [01;31m[Kerror: [m[Kredefinition of ‘[01m[Kclass CANInterfaceWrapper[m[K’
  789 | class [01;31m[KCANInterfaceWrapper[m[K : public ICANInterface {
      |       [01;31m[K^~~~~~~~~~~~~~~~~~~[m[K
[01m[K/home/ubuntu/Desktop/AK8064_ws_Jun/src/motor_driver/src/ControlMotor.cpp:30:7:[m[K [01;36m[Knote: [m[Kprevious definition of ‘[01m[Kclass CANInterfaceWrapper[m[K’
   30 | class [01;36m[KCANInterfaceWrapper[m[K : public ICANInterface {
      |       [01;36m[K^~~~~~~~~~~~~~~~~~~[m[K
[01m[K/home/ubuntu/Desktop/AK8064_ws_Jun/src/motor_driver/src/ControlMotor.cpp:846:7:[m[K [01;31m[Kerror: [m[Kredefinition of ‘[01m[Kclass IMotorController[m[K’
  846 | class [01;31m[KIMotorController[m[K {
      |       [01;31m[K^~~~~~~~~~~~~~~~[m[K
[01m[K/home/ubuntu/Desktop/AK8064_ws_Jun/src/motor_driver/src/ControlMotor.cpp:98:7:[m[K [01;36m[Knote: [m[Kprevious definition of ‘[01m[Kclass IMotorController[m[K’
   98 | class [01;36m[KIMotorController[m[K {
      |       [01;36m[K^~~~~~~~~~~~~~~~[m[K
[01m[K/home/ubuntu/Desktop/AK8064_ws_Jun/src/motor_driver/src/ControlMotor.cpp:858:7:[m[K [01;31m[Kerror: [m[Kredefinition of ‘[01m[Kclass SafetyChecker[m[K’
  858 | class [01;31m[KSafetyChecker[m[K {
      |       [01;31m[K^~~~~~~~~~~~~[m[K
[01m[K/home/ubuntu/Desktop/AK8064_ws_Jun/src/motor_driver/src/ControlMotor.cpp:111:7:[m[K [01;36m[Knote: [m[Kprevious definition of ‘[01m[Kclass SafetyChecker[m[K’
  111 | class [01;36m[KSafetyChecker[m[K {
      |       [01;36m[K^~~~~~~~~~~~~[m[K
[01m[K/home/ubuntu/Desktop/AK8064_ws_Jun/src/motor_driver/src/ControlMotor.cpp:882:7:[m[K [01;31m[Kerror: [m[Kredefinition of ‘[01m[Kclass StatePublisher[m[K’
  882 | class [01;31m[KStatePublisher[m[K {
      |       [01;31m[K^~~~~~~~~~~~~~[m[K
[01m[K/home/ubuntu/Desktop/AK8064_ws_Jun/src/motor_driver/src/ControlMotor.cpp:136:7:[m[K [01;36m[Knote: [m[Kprevious definition of ‘[01m[Kclass StatePublisher[m[K’
  136 | class [01;36m[KStatePublisher[m[K {
      |       [01;36m[K^~~~~~~~~~~~~~[m[K
[01m[K/home/ubuntu/Desktop/AK8064_ws_Jun/src/motor_driver/src/ControlMotor.cpp:953:7:[m[K [01;31m[Kerror: [m[Kredefinition of ‘[01m[Kclass MotorController[m[K’
  953 | class [01;31m[KMotorController[m[K : public IMotorController {
      |       [01;31m[K^~~~~~~~~~~~~~~[m[K
[01m[K/home/ubuntu/Desktop/AK8064_ws_Jun/src/motor_driver/src/ControlMotor.cpp:173:7:[m[K [01;36m[Knote: [m[Kprevious definition of ‘[01m[Kclass MotorController[m[K’
  173 | class [01;36m[KMotorController[m[K : public IMotorController {
      |       [01;36m[K^~~~~~~~~~~~~~~[m[K
[01m[K/home/ubuntu/Desktop/AK8064_ws_Jun/src/motor_driver/src/ControlMotor.cpp:1441:7:[m[K [01;31m[Kerror: [m[Kredefinition of ‘[01m[Kclass MotorControlNode[m[K’
 1441 | class [01;31m[KMotorControlNode[m[K : public rclcpp::Node {
      |       [01;31m[K^~~~~~~~~~~~~~~~[m[K
[01m[K/home/ubuntu/Desktop/AK8064_ws_Jun/src/motor_driver/src/ControlMotor.cpp:608:7:[m[K [01;36m[Knote: [m[Kprevious definition of ‘[01m[Kclass MotorControlNode[m[K’
  608 | class [01;36m[KMotorControlNode[m[K : public rclcpp::Node {
      |       [01;36m[K^~~~~~~~~~~~~~~~[m[K
[01m[K/home/ubuntu/Desktop/AK8064_ws_Jun/src/motor_driver/src/ControlMotor.cpp:1545:5:[m[K [01;31m[Kerror: [m[Kredefinition of ‘[01m[Kint main(int, char**)[m[K’
 1545 | int [01;31m[Kmain[m[K(int argc, char** argv) {
      |     [01;31m[K^~~~[m[K
[01m[K/home/ubuntu/Desktop/AK8064_ws_Jun/src/motor_driver/src/ControlMotor.cpp:715:5:[m[K [01;36m[Knote: [m[K‘[01m[Kint main(int, char**)[m[K’ previously defined here
  715 | int [01;36m[Kmain[m[K(int argc, char** argv) {
      |     [01;36m[K^~~~[m[K
gmake[2]: *** [CMakeFiles/ControlMotor.dir/build.make:76: CMakeFiles/ControlMotor.dir/src/ControlMotor.cpp.o] Error 1
gmake[1]: *** [CMakeFiles/Makefile2:137: CMakeFiles/ControlMotor.dir/all] Error 2
gmake: *** [Makefile:146: all] Error 2
