[0.006s] Invoking command in '/home/ubuntu/Desktop/AK8064_ws_Jun/build/motor_driver': AMENT_PREFIX_PATH=/home/ubuntu/Desktop/AK8064_ws_Jun/install/can_interface:${AMENT_PREFIX_PATH} CMAKE_PREFIX_PATH=/home/ubuntu/Desktop/AK8064_ws_Jun/install/can_interface:/opt/ros/humble LD_LIBRARY_PATH=/home/ubuntu/Desktop/AK8064_ws_Jun/install/can_interface/lib:${LD_LIBRARY_PATH} /usr/bin/cmake --build /home/ubuntu/Desktop/AK8064_ws_Jun/build/motor_driver -- -j8 -l8
[0.034s] [35m[1mConsolidate compiler generated dependencies of target ControlMotor[0m
[0.050s] [ 50%] [32mBuilding CXX object CMakeFiles/ControlMotor.dir/src/ControlMotor.cpp.o[0m
[1.881s] [01m[K/home/ubuntu/Desktop/AK8064_ws_Jun/src/motor_driver/src/ControlMotor.cpp:766:8:[m[K [01;31m[Kerror: [m[Kredefinition of ‘[01m[Kstruct MotorData[m[K’
[1.882s]   766 | struct [01;31m[KMotorData[m[K {
[1.882s]       |        [01;31m[K^~~~~~~~~[m[K
[1.882s] [01m[K/home/ubuntu/Desktop/AK8064_ws_Jun/src/motor_driver/src/ControlMotor.cpp:88:8:[m[K [01;36m[Knote: [m[Kprevious definition of ‘[01m[Kstruct MotorData[m[K’
[1.882s]    88 | struct [01;36m[KMotorData[m[K {
[1.882s]       |        [01;36m[K^~~~~~~~~[m[K
[1.882s] [01m[K/home/ubuntu/Desktop/AK8064_ws_Jun/src/motor_driver/src/ControlMotor.cpp:776:7:[m[K [01;31m[Kerror: [m[Kredefinition of ‘[01m[Kclass ICANInterface[m[K’
[1.882s]   776 | class [01;31m[KICANInterface[m[K {
[1.882s]       |       [01;31m[K^~~~~~~~~~~~~[m[K
[1.882s] [01m[K/home/ubuntu/Desktop/AK8064_ws_Jun/src/motor_driver/src/ControlMotor.cpp:17:7:[m[K [01;36m[Knote: [m[Kprevious definition of ‘[01m[Kclass ICANInterface[m[K’
[1.882s]    17 | class [01;36m[KICANInterface[m[K {
[1.882s]       |       [01;36m[K^~~~~~~~~~~~~[m[K
[1.882s] [01m[K/home/ubuntu/Desktop/AK8064_ws_Jun/src/motor_driver/src/ControlMotor.cpp:789:7:[m[K [01;31m[Kerror: [m[Kredefinition of ‘[01m[Kclass CANInterfaceWrapper[m[K’
[1.882s]   789 | class [01;31m[KCANInterfaceWrapper[m[K : public ICANInterface {
[1.882s]       |       [01;31m[K^~~~~~~~~~~~~~~~~~~[m[K
[1.882s] [01m[K/home/ubuntu/Desktop/AK8064_ws_Jun/src/motor_driver/src/ControlMotor.cpp:30:7:[m[K [01;36m[Knote: [m[Kprevious definition of ‘[01m[Kclass CANInterfaceWrapper[m[K’
[1.882s]    30 | class [01;36m[KCANInterfaceWrapper[m[K : public ICANInterface {
[1.882s]       |       [01;36m[K^~~~~~~~~~~~~~~~~~~[m[K
[1.882s] [01m[K/home/ubuntu/Desktop/AK8064_ws_Jun/src/motor_driver/src/ControlMotor.cpp:846:7:[m[K [01;31m[Kerror: [m[Kredefinition of ‘[01m[Kclass IMotorController[m[K’
[1.882s]   846 | class [01;31m[KIMotorController[m[K {
[1.882s]       |       [01;31m[K^~~~~~~~~~~~~~~~[m[K
[1.882s] [01m[K/home/ubuntu/Desktop/AK8064_ws_Jun/src/motor_driver/src/ControlMotor.cpp:98:7:[m[K [01;36m[Knote: [m[Kprevious definition of ‘[01m[Kclass IMotorController[m[K’
[1.882s]    98 | class [01;36m[KIMotorController[m[K {
[1.882s]       |       [01;36m[K^~~~~~~~~~~~~~~~[m[K
[1.882s] [01m[K/home/ubuntu/Desktop/AK8064_ws_Jun/src/motor_driver/src/ControlMotor.cpp:858:7:[m[K [01;31m[Kerror: [m[Kredefinition of ‘[01m[Kclass SafetyChecker[m[K’
[1.882s]   858 | class [01;31m[KSafetyChecker[m[K {
[1.883s]       |       [01;31m[K^~~~~~~~~~~~~[m[K
[1.883s] [01m[K/home/ubuntu/Desktop/AK8064_ws_Jun/src/motor_driver/src/ControlMotor.cpp:111:7:[m[K [01;36m[Knote: [m[Kprevious definition of ‘[01m[Kclass SafetyChecker[m[K’
[1.883s]   111 | class [01;36m[KSafetyChecker[m[K {
[1.883s]       |       [01;36m[K^~~~~~~~~~~~~[m[K
[1.883s] [01m[K/home/ubuntu/Desktop/AK8064_ws_Jun/src/motor_driver/src/ControlMotor.cpp:882:7:[m[K [01;31m[Kerror: [m[Kredefinition of ‘[01m[Kclass StatePublisher[m[K’
[1.883s]   882 | class [01;31m[KStatePublisher[m[K {
[1.883s]       |       [01;31m[K^~~~~~~~~~~~~~[m[K
[1.883s] [01m[K/home/ubuntu/Desktop/AK8064_ws_Jun/src/motor_driver/src/ControlMotor.cpp:136:7:[m[K [01;36m[Knote: [m[Kprevious definition of ‘[01m[Kclass StatePublisher[m[K’
[1.883s]   136 | class [01;36m[KStatePublisher[m[K {
[1.883s]       |       [01;36m[K^~~~~~~~~~~~~~[m[K
[1.883s] [01m[K/home/ubuntu/Desktop/AK8064_ws_Jun/src/motor_driver/src/ControlMotor.cpp:953:7:[m[K [01;31m[Kerror: [m[Kredefinition of ‘[01m[Kclass MotorController[m[K’
[1.883s]   953 | class [01;31m[KMotorController[m[K : public IMotorController {
[1.883s]       |       [01;31m[K^~~~~~~~~~~~~~~[m[K
[1.883s] [01m[K/home/ubuntu/Desktop/AK8064_ws_Jun/src/motor_driver/src/ControlMotor.cpp:173:7:[m[K [01;36m[Knote: [m[Kprevious definition of ‘[01m[Kclass MotorController[m[K’
[1.883s]   173 | class [01;36m[KMotorController[m[K : public IMotorController {
[1.883s]       |       [01;36m[K^~~~~~~~~~~~~~~[m[K
[1.883s] [01m[K/home/ubuntu/Desktop/AK8064_ws_Jun/src/motor_driver/src/ControlMotor.cpp:1441:7:[m[K [01;31m[Kerror: [m[Kredefinition of ‘[01m[Kclass MotorControlNode[m[K’
[1.883s]  1441 | class [01;31m[KMotorControlNode[m[K : public rclcpp::Node {
[1.883s]       |       [01;31m[K^~~~~~~~~~~~~~~~[m[K
[1.883s] [01m[K/home/ubuntu/Desktop/AK8064_ws_Jun/src/motor_driver/src/ControlMotor.cpp:608:7:[m[K [01;36m[Knote: [m[Kprevious definition of ‘[01m[Kclass MotorControlNode[m[K’
[1.883s]   608 | class [01;36m[KMotorControlNode[m[K : public rclcpp::Node {
[1.883s]       |       [01;36m[K^~~~~~~~~~~~~~~~[m[K
[1.883s] [01m[K/home/ubuntu/Desktop/AK8064_ws_Jun/src/motor_driver/src/ControlMotor.cpp:1545:5:[m[K [01;31m[Kerror: [m[Kredefinition of ‘[01m[Kint main(int, char**)[m[K’
[1.883s]  1545 | int [01;31m[Kmain[m[K(int argc, char** argv) {
[1.883s]       |     [01;31m[K^~~~[m[K
[1.883s] [01m[K/home/ubuntu/Desktop/AK8064_ws_Jun/src/motor_driver/src/ControlMotor.cpp:715:5:[m[K [01;36m[Knote: [m[K‘[01m[Kint main(int, char**)[m[K’ previously defined here
[1.883s]   715 | int [01;36m[Kmain[m[K(int argc, char** argv) {
[1.883s]       |     [01;36m[K^~~~[m[K
[4.179s] gmake[2]: *** [CMakeFiles/ControlMotor.dir/build.make:76: CMakeFiles/ControlMotor.dir/src/ControlMotor.cpp.o] Error 1
[4.179s] gmake[1]: *** [CMakeFiles/Makefile2:137: CMakeFiles/ControlMotor.dir/all] Error 2
[4.179s] gmake: *** [Makefile:146: all] Error 2
[4.181s] Invoked command in '/home/ubuntu/Desktop/AK8064_ws_Jun/build/motor_driver' returned '2': AMENT_PREFIX_PATH=/home/ubuntu/Desktop/AK8064_ws_Jun/install/can_interface:${AMENT_PREFIX_PATH} CMAKE_PREFIX_PATH=/home/ubuntu/Desktop/AK8064_ws_Jun/install/can_interface:/opt/ros/humble LD_LIBRARY_PATH=/home/ubuntu/Desktop/AK8064_ws_Jun/install/can_interface/lib:${LD_LIBRARY_PATH} /usr/bin/cmake --build /home/ubuntu/Desktop/AK8064_ws_Jun/build/motor_driver -- -j8 -l8
