[0.024s] Invoking command in '/home/ubuntu/Desktop/AK8064_ws_Jun/build/motor_driver': CMAKE_PREFIX_PATH=/home/ubuntu/Desktop/AK8064_ws_Jun/install/can_interface:/home/ubuntu/Desktop/AK8064_ws_Jun/install/motor_driver:/opt/ros/humble /usr/bin/cmake --build /home/ubuntu/Desktop/AK8064_ws_Jun/build/motor_driver -- -j8 -l8
[0.108s] [35m[1mConsolidate compiler generated dependencies of target ControlMotor[0m
[0.144s] [ 50%] [32mBuilding CXX object CMakeFiles/ControlMotor.dir/src/ControlMotor.cpp.o[0m
[24.833s] [100%] [32m[1mLinking CXX executable ControlMotor[0m
[26.146s] [100%] Built target ControlMotor
[26.168s] Invoked command in '/home/ubuntu/Desktop/AK8064_ws_Jun/build/motor_driver' returned '0': CMAKE_PREFIX_PATH=/home/ubuntu/Desktop/AK8064_ws_Jun/install/can_interface:/home/ubuntu/Desktop/AK8064_ws_Jun/install/motor_driver:/opt/ros/humble /usr/bin/cmake --build /home/ubuntu/Desktop/AK8064_ws_Jun/build/motor_driver -- -j8 -l8
[26.171s] Invoking command in '/home/ubuntu/Desktop/AK8064_ws_Jun/build/motor_driver': CMAKE_PREFIX_PATH=/home/ubuntu/Desktop/AK8064_ws_Jun/install/can_interface:/home/ubuntu/Desktop/AK8064_ws_Jun/install/motor_driver:/opt/ros/humble /usr/bin/cmake --install /home/ubuntu/Desktop/AK8064_ws_Jun/build/motor_driver
[26.187s] -- Install configuration: ""
[26.187s] -- Installing: /home/ubuntu/Desktop/AK8064_ws_Jun/install/motor_driver/lib/motor_driver/ControlMotor
[26.201s] -- Set runtime path of "/home/ubuntu/Desktop/AK8064_ws_Jun/install/motor_driver/lib/motor_driver/ControlMotor" to ""
[26.201s] -- Up-to-date: /home/ubuntu/Desktop/AK8064_ws_Jun/install/motor_driver/share/motor_driver//config
[26.201s] -- Up-to-date: /home/ubuntu/Desktop/AK8064_ws_Jun/install/motor_driver/share/motor_driver//config/exercise1_params.yaml
[26.201s] -- Up-to-date: /home/ubuntu/Desktop/AK8064_ws_Jun/install/motor_driver/share/motor_driver//config/exercise2_params.yaml
[26.202s] -- Up-to-date: /home/ubuntu/Desktop/AK8064_ws_Jun/install/motor_driver/share/motor_driver/config/exercise1_params.yaml
[26.202s] -- Up-to-date: /home/ubuntu/Desktop/AK8064_ws_Jun/install/motor_driver/share/motor_driver/config/exercise2_params.yaml
[26.202s] -- Up-to-date: /home/ubuntu/Desktop/AK8064_ws_Jun/install/motor_driver/share/ament_index/resource_index/package_run_dependencies/motor_driver
[26.202s] -- Up-to-date: /home/ubuntu/Desktop/AK8064_ws_Jun/install/motor_driver/share/ament_index/resource_index/parent_prefix_path/motor_driver
[26.202s] -- Up-to-date: /home/ubuntu/Desktop/AK8064_ws_Jun/install/motor_driver/share/motor_driver/environment/ament_prefix_path.sh
[26.202s] -- Up-to-date: /home/ubuntu/Desktop/AK8064_ws_Jun/install/motor_driver/share/motor_driver/environment/ament_prefix_path.dsv
[26.203s] -- Up-to-date: /home/ubuntu/Desktop/AK8064_ws_Jun/install/motor_driver/share/motor_driver/environment/path.sh
[26.203s] -- Up-to-date: /home/ubuntu/Desktop/AK8064_ws_Jun/install/motor_driver/share/motor_driver/environment/path.dsv
[26.203s] -- Up-to-date: /home/ubuntu/Desktop/AK8064_ws_Jun/install/motor_driver/share/motor_driver/local_setup.bash
[26.203s] -- Up-to-date: /home/ubuntu/Desktop/AK8064_ws_Jun/install/motor_driver/share/motor_driver/local_setup.sh
[26.203s] -- Up-to-date: /home/ubuntu/Desktop/AK8064_ws_Jun/install/motor_driver/share/motor_driver/local_setup.zsh
[26.203s] -- Up-to-date: /home/ubuntu/Desktop/AK8064_ws_Jun/install/motor_driver/share/motor_driver/local_setup.dsv
[26.203s] -- Installing: /home/ubuntu/Desktop/AK8064_ws_Jun/install/motor_driver/share/motor_driver/package.dsv
[26.204s] -- Up-to-date: /home/ubuntu/Desktop/AK8064_ws_Jun/install/motor_driver/share/ament_index/resource_index/packages/motor_driver
[26.204s] -- Up-to-date: /home/ubuntu/Desktop/AK8064_ws_Jun/install/motor_driver/share/motor_driver/cmake/motor_driverConfig.cmake
[26.204s] -- Up-to-date: /home/ubuntu/Desktop/AK8064_ws_Jun/install/motor_driver/share/motor_driver/cmake/motor_driverConfig-version.cmake
[26.204s] -- Up-to-date: /home/ubuntu/Desktop/AK8064_ws_Jun/install/motor_driver/share/motor_driver/package.xml
[26.208s] Invoked command in '/home/ubuntu/Desktop/AK8064_ws_Jun/build/motor_driver' returned '0': CMAKE_PREFIX_PATH=/home/ubuntu/Desktop/AK8064_ws_Jun/install/can_interface:/home/ubuntu/Desktop/AK8064_ws_Jun/install/motor_driver:/opt/ros/humble /usr/bin/cmake --install /home/ubuntu/Desktop/AK8064_ws_Jun/build/motor_driver
