[0.016s] Invoking command in '/home/ubuntu/Desktop/AK8064_ws_Jun/build/motor_driver': AMENT_PREFIX_PATH=/home/ubuntu/Desktop/AK8064_ws_Jun/install/can_interface:${AMENT_PREFIX_PATH} CMAKE_PREFIX_PATH=/home/ubuntu/Desktop/AK8064_ws_Jun/install/can_interface:/opt/ros/humble LD_LIBRARY_PATH=/home/ubuntu/Desktop/AK8064_ws_Jun/install/can_interface/lib:${LD_LIBRARY_PATH} /usr/bin/cmake /home/ubuntu/Desktop/AK8064_ws_Jun/src/motor_driver -DCMAKE_INSTALL_PREFIX=/home/ubuntu/Desktop/AK8064_ws_Jun/install/motor_driver
[0.116s] -- The C compiler identification is GNU 11.4.0
[0.230s] -- The CXX compiler identification is GNU 11.4.0
[0.249s] -- Detecting C compiler ABI info
[0.375s] -- Detecting C compiler ABI info - done
[0.391s] -- Check for working C compiler: /usr/bin/cc - skipped
[0.391s] -- Detecting C compile features
[0.392s] -- Detecting C compile features - done
[0.398s] -- Detecting CXX compiler ABI info
[0.552s] -- Detecting CXX compiler ABI info - done
[0.569s] -- Check for working CXX compiler: /usr/bin/c++ - skipped
[0.570s] -- Detecting CXX compile features
[0.571s] -- Detecting CXX compile features - done
[0.576s] -- Found ament_cmake: 1.3.11 (/opt/ros/humble/share/ament_cmake/cmake)
[1.484s] -- Found Python3: /usr/bin/python3 (found version "3.10.12") found components: Interpreter 
[1.682s] -- Found rclcpp: 16.0.12 (/opt/ros/humble/share/rclcpp/cmake)
[1.766s] -- Found rosidl_generator_c: 3.1.6 (/opt/ros/humble/share/rosidl_generator_c/cmake)
[1.775s] -- Found rosidl_adapter: 3.1.6 (/opt/ros/humble/share/rosidl_adapter/cmake)
[1.791s] -- Found rosidl_generator_cpp: 3.1.6 (/opt/ros/humble/share/rosidl_generator_cpp/cmake)
[1.817s] -- Using all available rosidl_typesupport_c: rosidl_typesupport_fastrtps_c;rosidl_typesupport_introspection_c
[1.849s] -- Using all available rosidl_typesupport_cpp: rosidl_typesupport_fastrtps_cpp;rosidl_typesupport_introspection_cpp
[1.938s] -- Found rmw_implementation_cmake: 6.1.2 (/opt/ros/humble/share/rmw_implementation_cmake/cmake)
[1.943s] -- Found rmw_cyclonedds_cpp: 1.3.4 (/opt/ros/humble/share/rmw_cyclonedds_cpp/cmake)
[1.984s] -- Using RMW implementation 'rmw_cyclonedds_cpp' as default
[2.001s] -- Looking for pthread.h
[2.129s] -- Looking for pthread.h - found
[2.130s] -- Performing Test CMAKE_HAVE_LIBC_PTHREAD
[2.267s] -- Performing Test CMAKE_HAVE_LIBC_PTHREAD - Success
[2.269s] -- Found Threads: TRUE  
[2.376s] -- Found can_interface: 0.0.1 (/home/ubuntu/Desktop/AK8064_ws_Jun/install/can_interface/share/can_interface/cmake)
[2.539s] -- Configuring done
[2.561s] -- Generating done
[2.568s] -- Build files have been written to: /home/ubuntu/Desktop/AK8064_ws_Jun/build/motor_driver
[2.586s] Invoked command in '/home/ubuntu/Desktop/AK8064_ws_Jun/build/motor_driver' returned '0': AMENT_PREFIX_PATH=/home/ubuntu/Desktop/AK8064_ws_Jun/install/can_interface:${AMENT_PREFIX_PATH} CMAKE_PREFIX_PATH=/home/ubuntu/Desktop/AK8064_ws_Jun/install/can_interface:/opt/ros/humble LD_LIBRARY_PATH=/home/ubuntu/Desktop/AK8064_ws_Jun/install/can_interface/lib:${LD_LIBRARY_PATH} /usr/bin/cmake /home/ubuntu/Desktop/AK8064_ws_Jun/src/motor_driver -DCMAKE_INSTALL_PREFIX=/home/ubuntu/Desktop/AK8064_ws_Jun/install/motor_driver
[2.589s] Invoking command in '/home/ubuntu/Desktop/AK8064_ws_Jun/build/motor_driver': AMENT_PREFIX_PATH=/home/ubuntu/Desktop/AK8064_ws_Jun/install/can_interface:${AMENT_PREFIX_PATH} CMAKE_PREFIX_PATH=/home/ubuntu/Desktop/AK8064_ws_Jun/install/can_interface:/opt/ros/humble LD_LIBRARY_PATH=/home/ubuntu/Desktop/AK8064_ws_Jun/install/can_interface/lib:${LD_LIBRARY_PATH} /usr/bin/cmake --build /home/ubuntu/Desktop/AK8064_ws_Jun/build/motor_driver -- -j8 -l8
[2.693s] [ 50%] [32mBuilding CXX object CMakeFiles/ControlMotor.dir/src/ControlMotor.cpp.o[0m
[24.098s] [100%] [32m[1mLinking CXX executable ControlMotor[0m
[25.322s] [100%] Built target ControlMotor
