[0.019s] Invoking command in '/home/ubuntu/Desktop/AK8064_ws_Jun/build/motor_driver': CMAKE_PREFIX_PATH=/home/ubuntu/Desktop/AK8064_ws_Jun/install/can_interface:/home/ubuntu/Desktop/AK8064_ws_Jun/install/motor_driver:/opt/ros/humble /usr/bin/cmake --build /home/ubuntu/Desktop/AK8064_ws_Jun/build/motor_driver -- -j8 -l8
[0.103s] [35m[1mConsolidate compiler generated dependencies of target ControlMotor[0m
[0.137s] [ 50%] [32mBuilding CXX object CMakeFiles/ControlMotor.dir/src/ControlMotor.cpp.o[0m
[21.169s] [100%] [32m[1mLinking CXX executable ControlMotor[0m
[22.297s] [100%] Built target ControlMotor
[22.317s] Invoked command in '/home/ubuntu/Desktop/AK8064_ws_Jun/build/motor_driver' returned '0': CMAKE_PREFIX_PATH=/home/ubuntu/Desktop/AK8064_ws_Jun/install/can_interface:/home/ubuntu/Desktop/AK8064_ws_Jun/install/motor_driver:/opt/ros/humble /usr/bin/cmake --build /home/ubuntu/Desktop/AK8064_ws_Jun/build/motor_driver -- -j8 -l8
[22.320s] Invoking command in '/home/ubuntu/Desktop/AK8064_ws_Jun/build/motor_driver': CMAKE_PREFIX_PATH=/home/ubuntu/Desktop/AK8064_ws_Jun/install/can_interface:/home/ubuntu/Desktop/AK8064_ws_Jun/install/motor_driver:/opt/ros/humble /usr/bin/cmake --install /home/ubuntu/Desktop/AK8064_ws_Jun/build/motor_driver
[22.332s] -- Install configuration: ""
[22.333s] -- Installing: /home/ubuntu/Desktop/AK8064_ws_Jun/install/motor_driver/lib/motor_driver/ControlMotor
[22.343s] -- Set runtime path of "/home/ubuntu/Desktop/AK8064_ws_Jun/install/motor_driver/lib/motor_driver/ControlMotor" to ""
[22.343s] -- Up-to-date: /home/ubuntu/Desktop/AK8064_ws_Jun/install/motor_driver/share/motor_driver//config
[22.344s] -- Up-to-date: /home/ubuntu/Desktop/AK8064_ws_Jun/install/motor_driver/share/motor_driver//config/exercise1_params.yaml
[22.344s] -- Up-to-date: /home/ubuntu/Desktop/AK8064_ws_Jun/install/motor_driver/share/motor_driver//config/exercise2_params.yaml
[22.344s] -- Up-to-date: /home/ubuntu/Desktop/AK8064_ws_Jun/install/motor_driver/share/motor_driver/config/exercise1_params.yaml
[22.344s] -- Up-to-date: /home/ubuntu/Desktop/AK8064_ws_Jun/install/motor_driver/share/motor_driver/config/exercise2_params.yaml
[22.345s] -- Up-to-date: /home/ubuntu/Desktop/AK8064_ws_Jun/install/motor_driver/share/ament_index/resource_index/package_run_dependencies/motor_driver
[22.345s] -- Up-to-date: /home/ubuntu/Desktop/AK8064_ws_Jun/install/motor_driver/share/ament_index/resource_index/parent_prefix_path/motor_driver
[22.345s] -- Up-to-date: /home/ubuntu/Desktop/AK8064_ws_Jun/install/motor_driver/share/motor_driver/environment/ament_prefix_path.sh
[22.345s] -- Up-to-date: /home/ubuntu/Desktop/AK8064_ws_Jun/install/motor_driver/share/motor_driver/environment/ament_prefix_path.dsv
[22.345s] -- Up-to-date: /home/ubuntu/Desktop/AK8064_ws_Jun/install/motor_driver/share/motor_driver/environment/path.sh
[22.346s] -- Up-to-date: /home/ubuntu/Desktop/AK8064_ws_Jun/install/motor_driver/share/motor_driver/environment/path.dsv
[22.346s] -- Up-to-date: /home/ubuntu/Desktop/AK8064_ws_Jun/install/motor_driver/share/motor_driver/local_setup.bash
[22.346s] -- Up-to-date: /home/ubuntu/Desktop/AK8064_ws_Jun/install/motor_driver/share/motor_driver/local_setup.sh
[22.347s] -- Up-to-date: /home/ubuntu/Desktop/AK8064_ws_Jun/install/motor_driver/share/motor_driver/local_setup.zsh
[22.349s] -- Up-to-date: /home/ubuntu/Desktop/AK8064_ws_Jun/install/motor_driver/share/motor_driver/local_setup.dsv
[22.349s] -- Installing: /home/ubuntu/Desktop/AK8064_ws_Jun/install/motor_driver/share/motor_driver/package.dsv
[22.349s] -- Up-to-date: /home/ubuntu/Desktop/AK8064_ws_Jun/install/motor_driver/share/ament_index/resource_index/packages/motor_driver
[22.349s] -- Up-to-date: /home/ubuntu/Desktop/AK8064_ws_Jun/install/motor_driver/share/motor_driver/cmake/motor_driverConfig.cmake
[22.350s] -- Up-to-date: /home/ubuntu/Desktop/AK8064_ws_Jun/install/motor_driver/share/motor_driver/cmake/motor_driverConfig-version.cmake
[22.350s] -- Up-to-date: /home/ubuntu/Desktop/AK8064_ws_Jun/install/motor_driver/share/motor_driver/package.xml
[22.351s] Invoked command in '/home/ubuntu/Desktop/AK8064_ws_Jun/build/motor_driver' returned '0': CMAKE_PREFIX_PATH=/home/ubuntu/Desktop/AK8064_ws_Jun/install/can_interface:/home/ubuntu/Desktop/AK8064_ws_Jun/install/motor_driver:/opt/ros/humble /usr/bin/cmake --install /home/ubuntu/Desktop/AK8064_ws_Jun/build/motor_driver
