[0.016s] Invoking command in '/home/ubuntu/Desktop/AK8064_ws_Jun/build/motor_driver': AMENT_PREFIX_PATH=/home/ubuntu/Desktop/AK8064_ws_Jun/install/can_interface:${AMENT_PREFIX_PATH} CMAKE_PREFIX_PATH=/home/ubuntu/Desktop/AK8064_ws_Jun/install/can_interface:/opt/ros/humble LD_LIBRARY_PATH=/home/ubuntu/Desktop/AK8064_ws_Jun/install/can_interface/lib:${LD_LIBRARY_PATH} /usr/bin/cmake --build /home/ubuntu/Desktop/AK8064_ws_Jun/build/motor_driver -- -j8 -l8
[0.091s] [35m[1mConsolidate compiler generated dependencies of target ControlMotor[0m
[0.123s] [ 50%] [32mBuilding CXX object CMakeFiles/ControlMotor.dir/src/ControlMotor.cpp.o[0m
[4.813s] [01m[K/home/ubuntu/Desktop/AK8064_ws_Jun/src/motor_driver/src/ControlMotor.cpp:[m[K In constructor ‘[01m[KMotorControlNode::MotorControlNode()[m[K’:
[4.814s] [01m[K/home/ubuntu/Desktop/AK8064_ws_Jun/src/motor_driver/src/ControlMotor.cpp:1173:31:[m[K [01;31m[Kerror: [m[Kno matching function for call to ‘[01m[Kstd::vector<std::unique_ptr<IMotorController> >::push_back(std::_MakeUniq<MotorController>::__single_object)[m[K’
[4.814s]  1173 |         [01;31m[Kcontrollers_.push_back(std::make_unique<MotorController>([m[K
[4.814s]       |         [01;31m[K~~~~~~~~~~~~~~~~~~~~~~^~~~~~~~~~~~~~~~~~~~~~~~~~~~~~~~~~~[m[K
[4.814s]  1174 | [01;31m[K            0x68, can_, this, "/motor1_control_node"))[m[K;
[4.814s]       |             [01;31m[K~~~~~~~~~~~~~~~~~~~~~~~~~~~~~~~~~~~~~~~~~~[m[K
[4.814s] In file included from [01m[K/usr/include/c++/11/vector:67[m[K,
[4.814s]                  from [01m[K/usr/include/c++/11/functional:62[m[K,
[4.814s]                  from [01m[K/usr/include/c++/11/pstl/glue_algorithm_defs.h:13[m[K,
[4.815s]                  from [01m[K/usr/include/c++/11/algorithm:74[m[K,
[4.815s]                  from [01m[K/opt/ros/humble/include/rclcpp/rclcpp/executor.hpp:18[m[K,
[4.815s]                  from [01m[K/opt/ros/humble/include/rclcpp/rclcpp/executors/multi_threaded_executor.hpp:25[m[K,
[4.815s]                  from [01m[K/opt/ros/humble/include/rclcpp/rclcpp/executors.hpp:21[m[K,
[4.815s]                  from [01m[K/opt/ros/humble/include/rclcpp/rclcpp/rclcpp.hpp:155[m[K,
[4.815s]                  from [01m[K/home/ubuntu/Desktop/AK8064_ws_Jun/src/motor_driver/src/ControlMotor.cpp:950[m[K:
[4.815s] [01m[K/usr/include/c++/11/bits/stl_vector.h:1187:7:[m[K [01;36m[Knote: [m[Kcandidate: ‘[01m[Kvoid std::vector<_Tp, _Alloc>::push_back(const value_type&) [with _Tp = std::unique_ptr<IMotorController>; _Alloc = std::allocator<std::unique_ptr<IMotorController> >; std::vector<_Tp, _Alloc>::value_type = std::unique_ptr<IMotorController>][m[K’
[4.815s]  1187 |       [01;36m[Kpush_back[m[K(const value_type& __x)
[4.815s]       |       [01;36m[K^~~~~~~~~[m[K
[4.816s] [01m[K/usr/include/c++/11/bits/stl_vector.h:1187:35:[m[K [01;36m[Knote: [m[K  no known conversion for argument 1 from ‘[01m[Kstd::_MakeUniq<MotorController>::__single_object[m[K’ {aka ‘[01m[Kstd::unique_ptr<MotorController, std::default_delete<MotorController> >[m[K’} to ‘[01m[Kconst value_type&[m[K’ {aka ‘[01m[Kconst std::unique_ptr<IMotorController>&[m[K’}
[4.816s]  1187 |       push_back([01;36m[Kconst value_type& __x[m[K)
[4.816s]       |                 [01;36m[K~~~~~~~~~~~~~~~~~~^~~[m[K
[4.816s] [01m[K/usr/include/c++/11/bits/stl_vector.h:1203:7:[m[K [01;36m[Knote: [m[Kcandidate: ‘[01m[Kvoid std::vector<_Tp, _Alloc>::push_back(std::vector<_Tp, _Alloc>::value_type&&) [with _Tp = std::unique_ptr<IMotorController>; _Alloc = std::allocator<std::unique_ptr<IMotorController> >; std::vector<_Tp, _Alloc>::value_type = std::unique_ptr<IMotorController>][m[K’
[4.816s]  1203 |       [01;36m[Kpush_back[m[K(value_type&& __x)
[4.816s]       |       [01;36m[K^~~~~~~~~[m[K
[4.816s] [01m[K/usr/include/c++/11/bits/stl_vector.h:1203:30:[m[K [01;36m[Knote: [m[K  no known conversion for argument 1 from ‘[01m[Kstd::_MakeUniq<MotorController>::__single_object[m[K’ {aka ‘[01m[Kstd::unique_ptr<MotorController, std::default_delete<MotorController> >[m[K’} to ‘[01m[Kstd::vector<std::unique_ptr<IMotorController> >::value_type&&[m[K’ {aka ‘[01m[Kstd::unique_ptr<IMotorController>&&[m[K’}
[4.816s]  1203 |       push_back([01;36m[Kvalue_type&& __x[m[K)
[4.816s]       |                 [01;36m[K~~~~~~~~~~~~~^~~[m[K
[4.817s] [01m[K/home/ubuntu/Desktop/AK8064_ws_Jun/src/motor_driver/src/ControlMotor.cpp:1175:31:[m[K [01;31m[Kerror: [m[Kno matching function for call to ‘[01m[Kstd::vector<std::unique_ptr<IMotorController> >::push_back(std::_MakeUniq<MotorController>::__single_object)[m[K’
[4.817s]  1175 |         [01;31m[Kcontrollers_.push_back(std::make_unique<MotorController>([m[K
[4.817s]       |         [01;31m[K~~~~~~~~~~~~~~~~~~~~~~^~~~~~~~~~~~~~~~~~~~~~~~~~~~~~~~~~~[m[K
[4.817s]  1176 | [01;31m[K            0x69, can_, this, "/motor2_control_node"))[m[K;
[4.817s]       |             [01;31m[K~~~~~~~~~~~~~~~~~~~~~~~~~~~~~~~~~~~~~~~~~~[m[K
[4.817s] In file included from [01m[K/usr/include/c++/11/vector:67[m[K,
[4.817s]                  from [01m[K/usr/include/c++/11/functional:62[m[K,
[4.817s]                  from [01m[K/usr/include/c++/11/pstl/glue_algorithm_defs.h:13[m[K,
[4.817s]                  from [01m[K/usr/include/c++/11/algorithm:74[m[K,
[4.817s]                  from [01m[K/opt/ros/humble/include/rclcpp/rclcpp/executor.hpp:18[m[K,
[4.818s]                  from [01m[K/opt/ros/humble/include/rclcpp/rclcpp/executors/multi_threaded_executor.hpp:25[m[K,
[4.818s]                  from [01m[K/opt/ros/humble/include/rclcpp/rclcpp/executors.hpp:21[m[K,
[4.818s]                  from [01m[K/opt/ros/humble/include/rclcpp/rclcpp/rclcpp.hpp:155[m[K,
[4.818s]                  from [01m[K/home/ubuntu/Desktop/AK8064_ws_Jun/src/motor_driver/src/ControlMotor.cpp:950[m[K:
[4.818s] [01m[K/usr/include/c++/11/bits/stl_vector.h:1187:7:[m[K [01;36m[Knote: [m[Kcandidate: ‘[01m[Kvoid std::vector<_Tp, _Alloc>::push_back(const value_type&) [with _Tp = std::unique_ptr<IMotorController>; _Alloc = std::allocator<std::unique_ptr<IMotorController> >; std::vector<_Tp, _Alloc>::value_type = std::unique_ptr<IMotorController>][m[K’
[4.818s]  1187 |       [01;36m[Kpush_back[m[K(const value_type& __x)
[4.818s]       |       [01;36m[K^~~~~~~~~[m[K
[4.818s] [01m[K/usr/include/c++/11/bits/stl_vector.h:1187:35:[m[K [01;36m[Knote: [m[K  no known conversion for argument 1 from ‘[01m[Kstd::_MakeUniq<MotorController>::__single_object[m[K’ {aka ‘[01m[Kstd::unique_ptr<MotorController, std::default_delete<MotorController> >[m[K’} to ‘[01m[Kconst value_type&[m[K’ {aka ‘[01m[Kconst std::unique_ptr<IMotorController>&[m[K’}
[4.818s]  1187 |       push_back([01;36m[Kconst value_type& __x[m[K)
[4.819s]       |                 [01;36m[K~~~~~~~~~~~~~~~~~~^~~[m[K
[4.819s] [01m[K/usr/include/c++/11/bits/stl_vector.h:1203:7:[m[K [01;36m[Knote: [m[Kcandidate: ‘[01m[Kvoid std::vector<_Tp, _Alloc>::push_back(std::vector<_Tp, _Alloc>::value_type&&) [with _Tp = std::unique_ptr<IMotorController>; _Alloc = std::allocator<std::unique_ptr<IMotorController> >; std::vector<_Tp, _Alloc>::value_type = std::unique_ptr<IMotorController>][m[K’
[4.819s]  1203 |       [01;36m[Kpush_back[m[K(value_type&& __x)
[4.819s]       |       [01;36m[K^~~~~~~~~[m[K
[4.819s] [01m[K/usr/include/c++/11/bits/stl_vector.h:1203:30:[m[K [01;36m[Knote: [m[K  no known conversion for argument 1 from ‘[01m[Kstd::_MakeUniq<MotorController>::__single_object[m[K’ {aka ‘[01m[Kstd::unique_ptr<MotorController, std::default_delete<MotorController> >[m[K’} to ‘[01m[Kstd::vector<std::unique_ptr<IMotorController> >::value_type&&[m[K’ {aka ‘[01m[Kstd::unique_ptr<IMotorController>&&[m[K’}
[4.819s]  1203 |       push_back([01;36m[Kvalue_type&& __x[m[K)
[4.819s]       |                 [01;36m[K~~~~~~~~~~~~~^~~[m[K
[4.862s] [01m[K/home/ubuntu/Desktop/AK8064_ws_Jun/src/motor_driver/src/ControlMotor.cpp:[m[K In member function ‘[01m[Kvoid MotorControlNode::controlLoop()[m[K’:
[4.862s] [01m[K/home/ubuntu/Desktop/AK8064_ws_Jun/src/motor_driver/src/ControlMotor.cpp:1224:59:[m[K [01;31m[Kerror: [m[Kincomplete type ‘[01m[KMotorController[m[K’ used in nested name specifier
[4.863s]  1224 |                         data.velocity *= MotorController::[01;31m[KVELOCITY_CONVERSION_FACTOR[m[K;
[4.863s]       |                                                           [01;31m[K^~~~~~~~~~~~~~~~~~~~~~~~~~[m[K
[10.765s] gmake[2]: *** [CMakeFiles/ControlMotor.dir/build.make:76: CMakeFiles/ControlMotor.dir/src/ControlMotor.cpp.o] Error 1
[10.765s] gmake[1]: *** [CMakeFiles/Makefile2:137: CMakeFiles/ControlMotor.dir/all] Error 2
[10.766s] gmake: *** [Makefile:146: all] Error 2
[10.770s] Invoked command in '/home/ubuntu/Desktop/AK8064_ws_Jun/build/motor_driver' returned '2': AMENT_PREFIX_PATH=/home/ubuntu/Desktop/AK8064_ws_Jun/install/can_interface:${AMENT_PREFIX_PATH} CMAKE_PREFIX_PATH=/home/ubuntu/Desktop/AK8064_ws_Jun/install/can_interface:/opt/ros/humble LD_LIBRARY_PATH=/home/ubuntu/Desktop/AK8064_ws_Jun/install/can_interface/lib:${LD_LIBRARY_PATH} /usr/bin/cmake --build /home/ubuntu/Desktop/AK8064_ws_Jun/build/motor_driver -- -j8 -l8
