[0.249s] DEBUG:colcon:Command line arguments: ['/usr/bin/colcon', 'build']
[0.249s] DEBUG:colcon:Parsed command line arguments: Namespace(log_base=None, log_level=None, verb_name='build', build_base='build', install_base='install', merge_install=False, symlink_install=False, test_result_base=None, continue_on_error=False, executor='parallel', parallel_workers=8, event_handlers=None, ignore_user_meta=False, metas=['./colcon.meta'], base_paths=['.'], packages_ignore=None, packages_ignore_regex=None, paths=None, packages_up_to=None, packages_up_to_regex=None, packages_above=None, packages_above_and_dependencies=None, packages_above_depth=None, packages_select_by_dep=None, packages_skip_by_dep=None, packages_skip_up_to=None, packages_select_build_failed=False, packages_skip_build_finished=False, packages_select_test_failures=False, packages_skip_test_passed=False, packages_select=None, packages_skip=None, packages_select_regex=None, packages_skip_regex=None, packages_start=None, packages_end=None, allow_overriding=[], cmake_args=None, cmake_target=None, cmake_target_skip_unavailable=False, cmake_clean_cache=False, cmake_clean_first=False, cmake_force_configure=False, ament_cmake_args=None, catkin_cmake_args=None, catkin_skip_building_tests=False, mixin_files=None, mixin=None, verb_parser=<colcon_mixin.mixin.mixin_argument.MixinArgumentDecorator object at 0x71c8e21346d0>, verb_extension=<colcon_core.verb.build.BuildVerb object at 0x71c8e2134190>, main=<bound method BuildVerb.main of <colcon_core.verb.build.BuildVerb object at 0x71c8e2134190>>, mixin_verb=('build',))
[0.385s] Level 1:colcon.colcon_core.package_discovery:discover_packages(colcon_meta) check parameters
[0.385s] Level 1:colcon.colcon_core.package_discovery:discover_packages(recursive) check parameters
[0.385s] Level 1:colcon.colcon_core.package_discovery:discover_packages(ignore) check parameters
[0.385s] Level 1:colcon.colcon_core.package_discovery:discover_packages(path) check parameters
[0.386s] Level 1:colcon.colcon_core.package_discovery:discover_packages(colcon_meta) discover
[0.386s] Level 1:colcon.colcon_core.package_discovery:discover_packages(recursive) discover
[0.386s] INFO:colcon.colcon_core.package_discovery:Crawling recursively for packages in '/home/ubuntu/Desktop/AK8064_ws_Jun'
[0.386s] Level 1:colcon.colcon_core.package_identification:_identify(.) by extensions ['ignore', 'ignore_ament_install']
[0.386s] Level 1:colcon.colcon_core.package_identification:_identify(.) by extension 'ignore'
[0.386s] Level 1:colcon.colcon_core.package_identification:_identify(.) by extension 'ignore_ament_install'
[0.387s] Level 1:colcon.colcon_core.package_identification:_identify(.) by extensions ['colcon_pkg']
[0.387s] Level 1:colcon.colcon_core.package_identification:_identify(.) by extension 'colcon_pkg'
[0.387s] Level 1:colcon.colcon_core.package_identification:_identify(.) by extensions ['colcon_meta']
[0.387s] Level 1:colcon.colcon_core.package_identification:_identify(.) by extension 'colcon_meta'
[0.387s] Level 1:colcon.colcon_core.package_identification:_identify(.) by extensions ['ros']
[0.387s] Level 1:colcon.colcon_core.package_identification:_identify(.) by extension 'ros'
[0.419s] Level 1:colcon.colcon_core.package_identification:_identify(.) by extensions ['cmake', 'python']
[0.419s] Level 1:colcon.colcon_core.package_identification:_identify(.) by extension 'cmake'
[0.419s] Level 1:colcon.colcon_core.package_identification:_identify(.) by extension 'python'
[0.420s] Level 1:colcon.colcon_core.package_identification:_identify(.) by extensions ['python_setup_py']
[0.420s] Level 1:colcon.colcon_core.package_identification:_identify(.) by extension 'python_setup_py'
[0.420s] Level 1:colcon.colcon_core.package_identification:_identify(build) by extensions ['ignore', 'ignore_ament_install']
[0.420s] Level 1:colcon.colcon_core.package_identification:_identify(build) by extension 'ignore'
[0.420s] Level 1:colcon.colcon_core.package_identification:_identify(build) ignored
[0.420s] Level 1:colcon.colcon_core.package_identification:_identify(install) by extensions ['ignore', 'ignore_ament_install']
[0.421s] Level 1:colcon.colcon_core.package_identification:_identify(install) by extension 'ignore'
[0.421s] Level 1:colcon.colcon_core.package_identification:_identify(install) ignored
[0.421s] Level 1:colcon.colcon_core.package_identification:_identify(log) by extensions ['ignore', 'ignore_ament_install']
[0.421s] Level 1:colcon.colcon_core.package_identification:_identify(log) by extension 'ignore'
[0.421s] Level 1:colcon.colcon_core.package_identification:_identify(log) ignored
[0.421s] Level 1:colcon.colcon_core.package_identification:_identify(src) by extensions ['ignore', 'ignore_ament_install']
[0.422s] Level 1:colcon.colcon_core.package_identification:_identify(src) by extension 'ignore'
[0.422s] Level 1:colcon.colcon_core.package_identification:_identify(src) by extension 'ignore_ament_install'
[0.422s] Level 1:colcon.colcon_core.package_identification:_identify(src) by extensions ['colcon_pkg']
[0.422s] Level 1:colcon.colcon_core.package_identification:_identify(src) by extension 'colcon_pkg'
[0.422s] Level 1:colcon.colcon_core.package_identification:_identify(src) by extensions ['colcon_meta']
[0.422s] Level 1:colcon.colcon_core.package_identification:_identify(src) by extension 'colcon_meta'
[0.422s] Level 1:colcon.colcon_core.package_identification:_identify(src) by extensions ['ros']
[0.422s] Level 1:colcon.colcon_core.package_identification:_identify(src) by extension 'ros'
[0.422s] Level 1:colcon.colcon_core.package_identification:_identify(src) by extensions ['cmake', 'python']
[0.422s] Level 1:colcon.colcon_core.package_identification:_identify(src) by extension 'cmake'
[0.422s] Level 1:colcon.colcon_core.package_identification:_identify(src) by extension 'python'
[0.422s] Level 1:colcon.colcon_core.package_identification:_identify(src) by extensions ['python_setup_py']
[0.422s] Level 1:colcon.colcon_core.package_identification:_identify(src) by extension 'python_setup_py'
[0.423s] Level 1:colcon.colcon_core.package_identification:_identify(src/can_interface) by extensions ['ignore', 'ignore_ament_install']
[0.423s] Level 1:colcon.colcon_core.package_identification:_identify(src/can_interface) by extension 'ignore'
[0.423s] Level 1:colcon.colcon_core.package_identification:_identify(src/can_interface) by extension 'ignore_ament_install'
[0.423s] Level 1:colcon.colcon_core.package_identification:_identify(src/can_interface) by extensions ['colcon_pkg']
[0.423s] Level 1:colcon.colcon_core.package_identification:_identify(src/can_interface) by extension 'colcon_pkg'
[0.423s] Level 1:colcon.colcon_core.package_identification:_identify(src/can_interface) by extensions ['colcon_meta']
[0.423s] Level 1:colcon.colcon_core.package_identification:_identify(src/can_interface) by extension 'colcon_meta'
[0.423s] Level 1:colcon.colcon_core.package_identification:_identify(src/can_interface) by extensions ['ros']
[0.423s] Level 1:colcon.colcon_core.package_identification:_identify(src/can_interface) by extension 'ros'
[0.428s] DEBUG:colcon.colcon_core.package_identification:Package 'src/can_interface' with type 'ros.ament_cmake' and name 'can_interface'
[0.428s] Level 1:colcon.colcon_core.package_identification:_identify(src/motor_driver) by extensions ['ignore', 'ignore_ament_install']
[0.429s] Level 1:colcon.colcon_core.package_identification:_identify(src/motor_driver) by extension 'ignore'
[0.429s] Level 1:colcon.colcon_core.package_identification:_identify(src/motor_driver) by extension 'ignore_ament_install'
[0.429s] Level 1:colcon.colcon_core.package_identification:_identify(src/motor_driver) by extensions ['colcon_pkg']
[0.429s] Level 1:colcon.colcon_core.package_identification:_identify(src/motor_driver) by extension 'colcon_pkg'
[0.429s] Level 1:colcon.colcon_core.package_identification:_identify(src/motor_driver) by extensions ['colcon_meta']
[0.429s] Level 1:colcon.colcon_core.package_identification:_identify(src/motor_driver) by extension 'colcon_meta'
[0.429s] Level 1:colcon.colcon_core.package_identification:_identify(src/motor_driver) by extensions ['ros']
[0.429s] Level 1:colcon.colcon_core.package_identification:_identify(src/motor_driver) by extension 'ros'
[0.432s] DEBUG:colcon.colcon_core.package_identification:Package 'src/motor_driver' with type 'ros.ament_cmake' and name 'motor_driver'
[0.432s] Level 1:colcon.colcon_core.package_discovery:discover_packages(recursive) using defaults
[0.432s] Level 1:colcon.colcon_core.package_discovery:discover_packages(ignore) discover
[0.432s] Level 1:colcon.colcon_core.package_discovery:discover_packages(ignore) using defaults
[0.432s] Level 1:colcon.colcon_core.package_discovery:discover_packages(path) discover
[0.432s] Level 1:colcon.colcon_core.package_discovery:discover_packages(path) using defaults
[0.476s] Level 1:colcon.colcon_core.package_discovery:discover_packages(prefix_path) check parameters
[0.477s] Level 1:colcon.colcon_core.package_discovery:discover_packages(prefix_path) discover
[0.480s] DEBUG:colcon.colcon_installed_package_information.package_discovery:Found 2 installed packages in /home/ubuntu/Desktop/AK8064_ws_Jun/install
[0.484s] DEBUG:colcon.colcon_installed_package_information.package_discovery:Found 352 installed packages in /opt/ros/humble
[0.489s] Level 1:colcon.colcon_core.package_discovery:discover_packages(prefix_path) using defaults
[0.611s] Level 5:colcon.colcon_core.verb:set package 'can_interface' build argument 'cmake_args' from command line to 'None'
[0.611s] Level 5:colcon.colcon_core.verb:set package 'can_interface' build argument 'cmake_target' from command line to 'None'
[0.611s] Level 5:colcon.colcon_core.verb:set package 'can_interface' build argument 'cmake_target_skip_unavailable' from command line to 'False'
[0.611s] Level 5:colcon.colcon_core.verb:set package 'can_interface' build argument 'cmake_clean_cache' from command line to 'False'
[0.612s] Level 5:colcon.colcon_core.verb:set package 'can_interface' build argument 'cmake_clean_first' from command line to 'False'
[0.612s] Level 5:colcon.colcon_core.verb:set package 'can_interface' build argument 'cmake_force_configure' from command line to 'False'
[0.612s] Level 5:colcon.colcon_core.verb:set package 'can_interface' build argument 'ament_cmake_args' from command line to 'None'
[0.612s] Level 5:colcon.colcon_core.verb:set package 'can_interface' build argument 'catkin_cmake_args' from command line to 'None'
[0.612s] Level 5:colcon.colcon_core.verb:set package 'can_interface' build argument 'catkin_skip_building_tests' from command line to 'False'
[0.612s] DEBUG:colcon.colcon_core.verb:Building package 'can_interface' with the following arguments: {'ament_cmake_args': None, 'build_base': '/home/ubuntu/Desktop/AK8064_ws_Jun/build/can_interface', 'catkin_cmake_args': None, 'catkin_skip_building_tests': False, 'cmake_args': None, 'cmake_clean_cache': False, 'cmake_clean_first': False, 'cmake_force_configure': False, 'cmake_target': None, 'cmake_target_skip_unavailable': False, 'install_base': '/home/ubuntu/Desktop/AK8064_ws_Jun/install/can_interface', 'merge_install': False, 'path': '/home/ubuntu/Desktop/AK8064_ws_Jun/src/can_interface', 'symlink_install': False, 'test_result_base': None}
[0.613s] Level 5:colcon.colcon_core.verb:set package 'motor_driver' build argument 'cmake_args' from command line to 'None'
[0.613s] Level 5:colcon.colcon_core.verb:set package 'motor_driver' build argument 'cmake_target' from command line to 'None'
[0.613s] Level 5:colcon.colcon_core.verb:set package 'motor_driver' build argument 'cmake_target_skip_unavailable' from command line to 'False'
[0.613s] Level 5:colcon.colcon_core.verb:set package 'motor_driver' build argument 'cmake_clean_cache' from command line to 'False'
[0.613s] Level 5:colcon.colcon_core.verb:set package 'motor_driver' build argument 'cmake_clean_first' from command line to 'False'
[0.614s] Level 5:colcon.colcon_core.verb:set package 'motor_driver' build argument 'cmake_force_configure' from command line to 'False'
[0.614s] Level 5:colcon.colcon_core.verb:set package 'motor_driver' build argument 'ament_cmake_args' from command line to 'None'
[0.614s] Level 5:colcon.colcon_core.verb:set package 'motor_driver' build argument 'catkin_cmake_args' from command line to 'None'
[0.614s] Level 5:colcon.colcon_core.verb:set package 'motor_driver' build argument 'catkin_skip_building_tests' from command line to 'False'
[0.614s] DEBUG:colcon.colcon_core.verb:Building package 'motor_driver' with the following arguments: {'ament_cmake_args': None, 'build_base': '/home/ubuntu/Desktop/AK8064_ws_Jun/build/motor_driver', 'catkin_cmake_args': None, 'catkin_skip_building_tests': False, 'cmake_args': None, 'cmake_clean_cache': False, 'cmake_clean_first': False, 'cmake_force_configure': False, 'cmake_target': None, 'cmake_target_skip_unavailable': False, 'install_base': '/home/ubuntu/Desktop/AK8064_ws_Jun/install/motor_driver', 'merge_install': False, 'path': '/home/ubuntu/Desktop/AK8064_ws_Jun/src/motor_driver', 'symlink_install': False, 'test_result_base': None}
[0.614s] INFO:colcon.colcon_core.executor:Executing jobs using 'parallel' executor
[0.618s] DEBUG:colcon.colcon_parallel_executor.executor.parallel:run_until_complete
[0.618s] INFO:colcon.colcon_ros.task.ament_cmake.build:Building ROS package in '/home/ubuntu/Desktop/AK8064_ws_Jun/src/can_interface' with build type 'ament_cmake'
[0.619s] INFO:colcon.colcon_cmake.task.cmake.build:Building CMake package in '/home/ubuntu/Desktop/AK8064_ws_Jun/src/can_interface'
[0.624s] INFO:colcon.colcon_core.plugin_system:Skipping extension 'colcon_core.shell.bat': Not used on non-Windows systems
[0.624s] INFO:colcon.colcon_core.shell:Skip shell extension 'powershell' for command environment: Not usable outside of PowerShell
[0.624s] DEBUG:colcon.colcon_core.shell:Skip shell extension 'dsv' for command environment
[0.647s] DEBUG:colcon.colcon_core.event_handler.log_command:Invoking command in '/home/ubuntu/Desktop/AK8064_ws_Jun/build/can_interface': CMAKE_PREFIX_PATH=${CMAKE_PREFIX_PATH}:/opt/ros/humble /usr/bin/cmake --build /home/ubuntu/Desktop/AK8064_ws_Jun/build/can_interface -- -j8 -l8
[0.775s] DEBUG:colcon.colcon_core.event_handler.log_command:Invoked command in '/home/ubuntu/Desktop/AK8064_ws_Jun/build/can_interface' returned '0': CMAKE_PREFIX_PATH=${CMAKE_PREFIX_PATH}:/opt/ros/humble /usr/bin/cmake --build /home/ubuntu/Desktop/AK8064_ws_Jun/build/can_interface -- -j8 -l8
[0.797s] DEBUG:colcon.colcon_core.event_handler.log_command:Invoking command in '/home/ubuntu/Desktop/AK8064_ws_Jun/build/can_interface': CMAKE_PREFIX_PATH=${CMAKE_PREFIX_PATH}:/opt/ros/humble /usr/bin/cmake --install /home/ubuntu/Desktop/AK8064_ws_Jun/build/can_interface
[0.820s] Level 1:colcon.colcon_core.environment:create_environment_scripts_only(can_interface)
[0.821s] DEBUG:colcon.colcon_core.event_handler.log_command:Invoked command in '/home/ubuntu/Desktop/AK8064_ws_Jun/build/can_interface' returned '0': CMAKE_PREFIX_PATH=${CMAKE_PREFIX_PATH}:/opt/ros/humble /usr/bin/cmake --install /home/ubuntu/Desktop/AK8064_ws_Jun/build/can_interface
[0.825s] Level 1:colcon.colcon_core.environment:checking '/home/ubuntu/Desktop/AK8064_ws_Jun/install/can_interface' for CMake module files
[0.826s] Level 1:colcon.colcon_core.environment:checking '/home/ubuntu/Desktop/AK8064_ws_Jun/install/can_interface' for CMake config files
[0.827s] Level 1:colcon.colcon_core.shell:create_environment_hook('can_interface', 'cmake_prefix_path')
[0.827s] INFO:colcon.colcon_core.shell:Creating environment hook '/home/ubuntu/Desktop/AK8064_ws_Jun/install/can_interface/share/can_interface/hook/cmake_prefix_path.ps1'
[0.829s] INFO:colcon.colcon_core.shell:Creating environment descriptor '/home/ubuntu/Desktop/AK8064_ws_Jun/install/can_interface/share/can_interface/hook/cmake_prefix_path.dsv'
[0.830s] INFO:colcon.colcon_core.shell:Creating environment hook '/home/ubuntu/Desktop/AK8064_ws_Jun/install/can_interface/share/can_interface/hook/cmake_prefix_path.sh'
[0.833s] Level 1:colcon.colcon_core.environment:checking '/home/ubuntu/Desktop/AK8064_ws_Jun/install/can_interface/lib'
[0.834s] Level 1:colcon.colcon_core.shell:create_environment_hook('can_interface', 'ld_library_path_lib')
[0.835s] INFO:colcon.colcon_core.shell:Creating environment hook '/home/ubuntu/Desktop/AK8064_ws_Jun/install/can_interface/share/can_interface/hook/ld_library_path_lib.ps1'
[0.836s] INFO:colcon.colcon_core.shell:Creating environment descriptor '/home/ubuntu/Desktop/AK8064_ws_Jun/install/can_interface/share/can_interface/hook/ld_library_path_lib.dsv'
[0.837s] INFO:colcon.colcon_core.shell:Creating environment hook '/home/ubuntu/Desktop/AK8064_ws_Jun/install/can_interface/share/can_interface/hook/ld_library_path_lib.sh'
[0.838s] Level 1:colcon.colcon_core.environment:checking '/home/ubuntu/Desktop/AK8064_ws_Jun/install/can_interface/bin'
[0.838s] Level 1:colcon.colcon_core.environment:checking '/home/ubuntu/Desktop/AK8064_ws_Jun/install/can_interface/lib/pkgconfig/can_interface.pc'
[0.839s] Level 1:colcon.colcon_core.environment:checking '/home/ubuntu/Desktop/AK8064_ws_Jun/install/can_interface/lib/python3.10/site-packages'
[0.839s] Level 1:colcon.colcon_core.environment:checking '/home/ubuntu/Desktop/AK8064_ws_Jun/install/can_interface/bin'
[0.840s] INFO:colcon.colcon_core.shell:Creating package script '/home/ubuntu/Desktop/AK8064_ws_Jun/install/can_interface/share/can_interface/package.ps1'
[0.842s] INFO:colcon.colcon_core.shell:Creating package descriptor '/home/ubuntu/Desktop/AK8064_ws_Jun/install/can_interface/share/can_interface/package.dsv'
[0.843s] INFO:colcon.colcon_core.shell:Creating package script '/home/ubuntu/Desktop/AK8064_ws_Jun/install/can_interface/share/can_interface/package.sh'
[0.845s] INFO:colcon.colcon_core.shell:Creating package script '/home/ubuntu/Desktop/AK8064_ws_Jun/install/can_interface/share/can_interface/package.bash'
[0.847s] INFO:colcon.colcon_core.shell:Creating package script '/home/ubuntu/Desktop/AK8064_ws_Jun/install/can_interface/share/can_interface/package.zsh'
[0.848s] Level 1:colcon.colcon_core.environment:create_file_with_runtime_dependencies(/home/ubuntu/Desktop/AK8064_ws_Jun/install/can_interface/share/colcon-core/packages/can_interface)
[0.850s] Level 1:colcon.colcon_core.environment:create_environment_scripts_only(can_interface)
[0.850s] Level 1:colcon.colcon_core.environment:checking '/home/ubuntu/Desktop/AK8064_ws_Jun/install/can_interface' for CMake module files
[0.852s] Level 1:colcon.colcon_core.environment:checking '/home/ubuntu/Desktop/AK8064_ws_Jun/install/can_interface' for CMake config files
[0.852s] Level 1:colcon.colcon_core.shell:create_environment_hook('can_interface', 'cmake_prefix_path')
[0.853s] INFO:colcon.colcon_core.shell:Creating environment hook '/home/ubuntu/Desktop/AK8064_ws_Jun/install/can_interface/share/can_interface/hook/cmake_prefix_path.ps1'
[0.854s] INFO:colcon.colcon_core.shell:Creating environment descriptor '/home/ubuntu/Desktop/AK8064_ws_Jun/install/can_interface/share/can_interface/hook/cmake_prefix_path.dsv'
[0.854s] INFO:colcon.colcon_core.shell:Creating environment hook '/home/ubuntu/Desktop/AK8064_ws_Jun/install/can_interface/share/can_interface/hook/cmake_prefix_path.sh'
[0.856s] Level 1:colcon.colcon_core.environment:checking '/home/ubuntu/Desktop/AK8064_ws_Jun/install/can_interface/lib'
[0.856s] Level 1:colcon.colcon_core.shell:create_environment_hook('can_interface', 'ld_library_path_lib')
[0.856s] INFO:colcon.colcon_core.shell:Creating environment hook '/home/ubuntu/Desktop/AK8064_ws_Jun/install/can_interface/share/can_interface/hook/ld_library_path_lib.ps1'
[0.857s] INFO:colcon.colcon_core.shell:Creating environment descriptor '/home/ubuntu/Desktop/AK8064_ws_Jun/install/can_interface/share/can_interface/hook/ld_library_path_lib.dsv'
[0.858s] INFO:colcon.colcon_core.shell:Creating environment hook '/home/ubuntu/Desktop/AK8064_ws_Jun/install/can_interface/share/can_interface/hook/ld_library_path_lib.sh'
[0.859s] Level 1:colcon.colcon_core.environment:checking '/home/ubuntu/Desktop/AK8064_ws_Jun/install/can_interface/bin'
[0.859s] Level 1:colcon.colcon_core.environment:checking '/home/ubuntu/Desktop/AK8064_ws_Jun/install/can_interface/lib/pkgconfig/can_interface.pc'
[0.860s] Level 1:colcon.colcon_core.environment:checking '/home/ubuntu/Desktop/AK8064_ws_Jun/install/can_interface/lib/python3.10/site-packages'
[0.861s] Level 1:colcon.colcon_core.environment:checking '/home/ubuntu/Desktop/AK8064_ws_Jun/install/can_interface/bin'
[0.861s] INFO:colcon.colcon_core.shell:Creating package script '/home/ubuntu/Desktop/AK8064_ws_Jun/install/can_interface/share/can_interface/package.ps1'
[0.862s] INFO:colcon.colcon_core.shell:Creating package descriptor '/home/ubuntu/Desktop/AK8064_ws_Jun/install/can_interface/share/can_interface/package.dsv'
[0.864s] INFO:colcon.colcon_core.shell:Creating package script '/home/ubuntu/Desktop/AK8064_ws_Jun/install/can_interface/share/can_interface/package.sh'
[0.865s] INFO:colcon.colcon_core.shell:Creating package script '/home/ubuntu/Desktop/AK8064_ws_Jun/install/can_interface/share/can_interface/package.bash'
[0.866s] INFO:colcon.colcon_core.shell:Creating package script '/home/ubuntu/Desktop/AK8064_ws_Jun/install/can_interface/share/can_interface/package.zsh'
[0.867s] Level 1:colcon.colcon_core.environment:create_file_with_runtime_dependencies(/home/ubuntu/Desktop/AK8064_ws_Jun/install/can_interface/share/colcon-core/packages/can_interface)
[0.868s] INFO:colcon.colcon_ros.task.ament_cmake.build:Building ROS package in '/home/ubuntu/Desktop/AK8064_ws_Jun/src/motor_driver' with build type 'ament_cmake'
[0.868s] INFO:colcon.colcon_cmake.task.cmake.build:Building CMake package in '/home/ubuntu/Desktop/AK8064_ws_Jun/src/motor_driver'
[0.869s] INFO:colcon.colcon_core.shell:Skip shell extension 'powershell' for command environment: Not usable outside of PowerShell
[0.870s] DEBUG:colcon.colcon_core.shell:Skip shell extension 'dsv' for command environment
[0.890s] DEBUG:colcon.colcon_core.event_handler.log_command:Invoking command in '/home/ubuntu/Desktop/AK8064_ws_Jun/build/motor_driver': CMAKE_PREFIX_PATH=/home/ubuntu/Desktop/AK8064_ws_Jun/install/can_interface:/home/ubuntu/Desktop/AK8064_ws_Jun/install/motor_driver:/opt/ros/humble /usr/bin/cmake --build /home/ubuntu/Desktop/AK8064_ws_Jun/build/motor_driver -- -j8 -l8
[26.322s] DEBUG:colcon.colcon_core.event_handler.log_command:Invoked command in '/home/ubuntu/Desktop/AK8064_ws_Jun/build/motor_driver' returned '0': CMAKE_PREFIX_PATH=/home/ubuntu/Desktop/AK8064_ws_Jun/install/can_interface:/home/ubuntu/Desktop/AK8064_ws_Jun/install/motor_driver:/opt/ros/humble /usr/bin/cmake --build /home/ubuntu/Desktop/AK8064_ws_Jun/build/motor_driver -- -j8 -l8
[26.328s] DEBUG:colcon.colcon_core.event_handler.log_command:Invoking command in '/home/ubuntu/Desktop/AK8064_ws_Jun/build/motor_driver': CMAKE_PREFIX_PATH=/home/ubuntu/Desktop/AK8064_ws_Jun/install/can_interface:/home/ubuntu/Desktop/AK8064_ws_Jun/install/motor_driver:/opt/ros/humble /usr/bin/cmake --install /home/ubuntu/Desktop/AK8064_ws_Jun/build/motor_driver
[26.362s] Level 1:colcon.colcon_core.environment:create_environment_scripts_only(motor_driver)
[26.363s] Level 1:colcon.colcon_core.environment:checking '/home/ubuntu/Desktop/AK8064_ws_Jun/install/motor_driver' for CMake module files
[26.364s] DEBUG:colcon.colcon_core.event_handler.log_command:Invoked command in '/home/ubuntu/Desktop/AK8064_ws_Jun/build/motor_driver' returned '0': CMAKE_PREFIX_PATH=/home/ubuntu/Desktop/AK8064_ws_Jun/install/can_interface:/home/ubuntu/Desktop/AK8064_ws_Jun/install/motor_driver:/opt/ros/humble /usr/bin/cmake --install /home/ubuntu/Desktop/AK8064_ws_Jun/build/motor_driver
[26.365s] Level 1:colcon.colcon_core.environment:checking '/home/ubuntu/Desktop/AK8064_ws_Jun/install/motor_driver' for CMake config files
[26.367s] Level 1:colcon.colcon_core.shell:create_environment_hook('motor_driver', 'cmake_prefix_path')
[26.367s] INFO:colcon.colcon_core.shell:Creating environment hook '/home/ubuntu/Desktop/AK8064_ws_Jun/install/motor_driver/share/motor_driver/hook/cmake_prefix_path.ps1'
[26.369s] INFO:colcon.colcon_core.shell:Creating environment descriptor '/home/ubuntu/Desktop/AK8064_ws_Jun/install/motor_driver/share/motor_driver/hook/cmake_prefix_path.dsv'
[26.370s] INFO:colcon.colcon_core.shell:Creating environment hook '/home/ubuntu/Desktop/AK8064_ws_Jun/install/motor_driver/share/motor_driver/hook/cmake_prefix_path.sh'
[26.372s] Level 1:colcon.colcon_core.environment:checking '/home/ubuntu/Desktop/AK8064_ws_Jun/install/motor_driver/lib'
[26.372s] Level 1:colcon.colcon_core.environment:checking '/home/ubuntu/Desktop/AK8064_ws_Jun/install/motor_driver/bin'
[26.372s] Level 1:colcon.colcon_core.environment:checking '/home/ubuntu/Desktop/AK8064_ws_Jun/install/motor_driver/lib/pkgconfig/motor_driver.pc'
[26.373s] Level 1:colcon.colcon_core.environment:checking '/home/ubuntu/Desktop/AK8064_ws_Jun/install/motor_driver/lib/python3.10/site-packages'
[26.374s] Level 1:colcon.colcon_core.environment:checking '/home/ubuntu/Desktop/AK8064_ws_Jun/install/motor_driver/bin'
[26.375s] INFO:colcon.colcon_core.shell:Creating package script '/home/ubuntu/Desktop/AK8064_ws_Jun/install/motor_driver/share/motor_driver/package.ps1'
[26.377s] INFO:colcon.colcon_core.shell:Creating package descriptor '/home/ubuntu/Desktop/AK8064_ws_Jun/install/motor_driver/share/motor_driver/package.dsv'
[26.378s] INFO:colcon.colcon_core.shell:Creating package script '/home/ubuntu/Desktop/AK8064_ws_Jun/install/motor_driver/share/motor_driver/package.sh'
[26.379s] INFO:colcon.colcon_core.shell:Creating package script '/home/ubuntu/Desktop/AK8064_ws_Jun/install/motor_driver/share/motor_driver/package.bash'
[26.380s] INFO:colcon.colcon_core.shell:Creating package script '/home/ubuntu/Desktop/AK8064_ws_Jun/install/motor_driver/share/motor_driver/package.zsh'
[26.381s] Level 1:colcon.colcon_core.environment:create_file_with_runtime_dependencies(/home/ubuntu/Desktop/AK8064_ws_Jun/install/motor_driver/share/colcon-core/packages/motor_driver)
[26.383s] Level 1:colcon.colcon_core.environment:create_environment_scripts_only(motor_driver)
[26.383s] Level 1:colcon.colcon_core.environment:checking '/home/ubuntu/Desktop/AK8064_ws_Jun/install/motor_driver' for CMake module files
[26.385s] Level 1:colcon.colcon_core.environment:checking '/home/ubuntu/Desktop/AK8064_ws_Jun/install/motor_driver' for CMake config files
[26.386s] Level 1:colcon.colcon_core.shell:create_environment_hook('motor_driver', 'cmake_prefix_path')
[26.386s] INFO:colcon.colcon_core.shell:Creating environment hook '/home/ubuntu/Desktop/AK8064_ws_Jun/install/motor_driver/share/motor_driver/hook/cmake_prefix_path.ps1'
[26.388s] INFO:colcon.colcon_core.shell:Creating environment descriptor '/home/ubuntu/Desktop/AK8064_ws_Jun/install/motor_driver/share/motor_driver/hook/cmake_prefix_path.dsv'
[26.389s] INFO:colcon.colcon_core.shell:Creating environment hook '/home/ubuntu/Desktop/AK8064_ws_Jun/install/motor_driver/share/motor_driver/hook/cmake_prefix_path.sh'
[26.390s] Level 1:colcon.colcon_core.environment:checking '/home/ubuntu/Desktop/AK8064_ws_Jun/install/motor_driver/lib'
[26.391s] Level 1:colcon.colcon_core.environment:checking '/home/ubuntu/Desktop/AK8064_ws_Jun/install/motor_driver/bin'
[26.391s] Level 1:colcon.colcon_core.environment:checking '/home/ubuntu/Desktop/AK8064_ws_Jun/install/motor_driver/lib/pkgconfig/motor_driver.pc'
[26.392s] Level 1:colcon.colcon_core.environment:checking '/home/ubuntu/Desktop/AK8064_ws_Jun/install/motor_driver/lib/python3.10/site-packages'
[26.392s] Level 1:colcon.colcon_core.environment:checking '/home/ubuntu/Desktop/AK8064_ws_Jun/install/motor_driver/bin'
[26.393s] INFO:colcon.colcon_core.shell:Creating package script '/home/ubuntu/Desktop/AK8064_ws_Jun/install/motor_driver/share/motor_driver/package.ps1'
[26.395s] INFO:colcon.colcon_core.shell:Creating package descriptor '/home/ubuntu/Desktop/AK8064_ws_Jun/install/motor_driver/share/motor_driver/package.dsv'
[26.396s] INFO:colcon.colcon_core.shell:Creating package script '/home/ubuntu/Desktop/AK8064_ws_Jun/install/motor_driver/share/motor_driver/package.sh'
[26.397s] INFO:colcon.colcon_core.shell:Creating package script '/home/ubuntu/Desktop/AK8064_ws_Jun/install/motor_driver/share/motor_driver/package.bash'
[26.399s] INFO:colcon.colcon_core.shell:Creating package script '/home/ubuntu/Desktop/AK8064_ws_Jun/install/motor_driver/share/motor_driver/package.zsh'
[26.400s] Level 1:colcon.colcon_core.environment:create_file_with_runtime_dependencies(/home/ubuntu/Desktop/AK8064_ws_Jun/install/motor_driver/share/colcon-core/packages/motor_driver)
[26.401s] DEBUG:colcon.colcon_parallel_executor.executor.parallel:closing loop
[26.402s] DEBUG:colcon.colcon_parallel_executor.executor.parallel:loop closed
[26.402s] DEBUG:colcon.colcon_parallel_executor.executor.parallel:run_until_complete finished with '0'
[26.402s] DEBUG:colcon.colcon_core.event_reactor:joining thread
[26.416s] INFO:colcon.colcon_core.plugin_system:Skipping extension 'colcon_notification.desktop_notification.terminal_notifier': Not used on non-Darwin systems
[26.416s] INFO:colcon.colcon_core.plugin_system:Skipping extension 'colcon_notification.desktop_notification.win32': Not used on non-Windows systems
[26.417s] INFO:colcon.colcon_notification.desktop_notification:Sending desktop notification using 'notify2'
[26.448s] DEBUG:colcon.colcon_core.event_reactor:joined thread
[26.448s] INFO:colcon.colcon_core.shell:Creating prefix script '/home/ubuntu/Desktop/AK8064_ws_Jun/install/local_setup.ps1'
[26.451s] INFO:colcon.colcon_core.shell:Creating prefix util module '/home/ubuntu/Desktop/AK8064_ws_Jun/install/_local_setup_util_ps1.py'
[26.454s] INFO:colcon.colcon_core.shell:Creating prefix chain script '/home/ubuntu/Desktop/AK8064_ws_Jun/install/setup.ps1'
[26.457s] INFO:colcon.colcon_core.shell:Creating prefix script '/home/ubuntu/Desktop/AK8064_ws_Jun/install/local_setup.sh'
[26.458s] INFO:colcon.colcon_core.shell:Creating prefix util module '/home/ubuntu/Desktop/AK8064_ws_Jun/install/_local_setup_util_sh.py'
[26.459s] INFO:colcon.colcon_core.shell:Creating prefix chain script '/home/ubuntu/Desktop/AK8064_ws_Jun/install/setup.sh'
[26.463s] INFO:colcon.colcon_core.shell:Creating prefix script '/home/ubuntu/Desktop/AK8064_ws_Jun/install/local_setup.bash'
[26.464s] INFO:colcon.colcon_core.shell:Creating prefix chain script '/home/ubuntu/Desktop/AK8064_ws_Jun/install/setup.bash'
[26.466s] INFO:colcon.colcon_core.shell:Creating prefix script '/home/ubuntu/Desktop/AK8064_ws_Jun/install/local_setup.zsh'
[26.468s] INFO:colcon.colcon_core.shell:Creating prefix chain script '/home/ubuntu/Desktop/AK8064_ws_Jun/install/setup.zsh'
