[01m[K/home/ubuntu/Desktop/AK8064_ws_Jun/src/motor_driver/src/ControlMotor.cpp:[m[K In member function ‘[01m[Kvoid MotorController::handlePaused(const MotorData&)[m[K’:
[01m[K/home/ubuntu/Desktop/AK8064_ws_Jun/src/motor_driver/src/ControlMotor.cpp:521:25:[m[K [01;31m[Kerror: [m[K‘[01m[Ktarget_pos[m[K’ was not declared in this scope; did you mean ‘[01m[Kfgetpos[m[K’?
  521 |                         [01;31m[Ktarget_pos[m[K += offset; // Bù 3 độ khi đi lên
      |                         [01;31m[K^~~~~~~~~~[m[K
      |                         [32m[Kfgetpos[m[K
[01m[K/home/ubuntu/Desktop/AK8064_ws_Jun/src/motor_driver/src/ControlMotor.cpp:521:39:[m[K [01;31m[Kerror: [m[K‘[01m[Koffset[m[K’ was not declared in this scope; did you mean ‘[01m[Koff_t[m[K’?
  521 |                       target_pos += [01;31m[Koffset[m[K; // Bù 3 độ khi đi lên
      |                                     [01;31m[K^~~~~~[m[K
      |                                     [32m[Koff_t[m[K
[01m[K/home/ubuntu/Desktop/AK8064_ws_Jun/src/motor_driver/src/ControlMotor.cpp:524:25:[m[K [01;31m[Kerror: [m[K‘[01m[Ktarget_pos[m[K’ was not declared in this scope; did you mean ‘[01m[Kfgetpos[m[K’?
  524 |                         [01;31m[Ktarget_pos[m[K -= offset; // Bù -3 độ khi đi xuống
      |                         [01;31m[K^~~~~~~~~~[m[K
      |                         [32m[Kfgetpos[m[K
[01m[K/home/ubuntu/Desktop/AK8064_ws_Jun/src/motor_driver/src/ControlMotor.cpp:524:39:[m[K [01;31m[Kerror: [m[K‘[01m[Koffset[m[K’ was not declared in this scope; did you mean ‘[01m[Koff_t[m[K’?
  524 |                       target_pos -= [01;31m[Koffset[m[K; // Bù -3 độ khi đi xuống
      |                                     [01;31m[K^~~~~~[m[K
      |                                     [32m[Koff_t[m[K
[01m[K/home/ubuntu/Desktop/AK8064_ws_Jun/src/motor_driver/src/ControlMotor.cpp:528:21:[m[K [01;31m[Kerror: [m[K‘[01m[Ktarget_pos[m[K’ was not declared in this scope; did you mean ‘[01m[Kfgetpos[m[K’?
  528 |                     [01;31m[Ktarget_pos[m[K = std::clamp(target_pos, min_angle_, max_angle_);
      |                     [01;31m[K^~~~~~~~~~[m[K
      |                     [32m[Kfgetpos[m[K
gmake[2]: *** [CMakeFiles/ControlMotor.dir/build.make:76: CMakeFiles/ControlMotor.dir/src/ControlMotor.cpp.o] Error 1
gmake[1]: *** [CMakeFiles/Makefile2:137: CMakeFiles/ControlMotor.dir/all] Error 2
gmake: *** [Makefile:146: all] Error 2
