[0.018s] Invoking command in '/home/ubuntu/Desktop/AK8064_ws_Jun/build/motor_driver': AMENT_PREFIX_PATH=/home/ubuntu/Desktop/AK8064_ws_Jun/install/can_interface:${AMENT_PREFIX_PATH} CMAKE_PREFIX_PATH=/home/ubuntu/Desktop/AK8064_ws_Jun/install/can_interface:/opt/ros/humble LD_LIBRARY_PATH=/home/ubuntu/Desktop/AK8064_ws_Jun/install/can_interface/lib:${LD_LIBRARY_PATH} /usr/bin/cmake --build /home/ubuntu/Desktop/AK8064_ws_Jun/build/motor_driver -- -j8 -l8
[0.099s] [35m[1mConsolidate compiler generated dependencies of target ControlMotor[0m
[0.133s] [ 50%] [32mBuilding CXX object CMakeFiles/ControlMotor.dir/src/ControlMotor.cpp.o[0m
[5.369s] [01m[K/home/ubuntu/Desktop/AK8064_ws_Jun/src/motor_driver/src/ControlMotor.cpp:2067:10:[m[K [01;31m[Kerror: [m[K‘[01m[Kqueue[m[K’ in namespace ‘[01m[Kstd[m[K’ does not name a template type
[5.369s]  2067 |     std::[01;31m[Kqueue[m[K<Request> request_queue_;
[5.369s]       |          [01;31m[K^~~~~[m[K
[5.369s] [01m[K/home/ubuntu/Desktop/AK8064_ws_Jun/src/motor_driver/src/ControlMotor.cpp:977:1:[m[K [01;36m[Knote: [m[K‘[01m[Kstd::queue[m[K’ is defined in header ‘[01m[K<queue>[m[K’; did you forget to ‘[01m[K#include <queue>[m[K’?
[5.369s]   976 | #include "can_interface/caninterface.hpp"
[5.369s]   +++ |+[32m[K#include <queue>[m[K
[5.369s]   977 | 
[5.490s] [01m[K/home/ubuntu/Desktop/AK8064_ws_Jun/src/motor_driver/src/ControlMotor.cpp:[m[K In member function ‘[01m[Kvoid MotorControlNode::setParametersCallback(std::shared_ptr<rcl_interfaces::srv::SetParameters_Request_<std::allocator<void> > >, std::shared_ptr<rcl_interfaces::srv::SetParameters_Response_<std::allocator<void> > >, size_t)[m[K’:
[5.490s] [01m[K/home/ubuntu/Desktop/AK8064_ws_Jun/src/motor_driver/src/ControlMotor.cpp:1862:9:[m[K [01;31m[Kerror: [m[K‘[01m[Krequest_queue_[m[K’ was not declared in this scope
[5.490s]  1862 |         [01;31m[Krequest_queue_[m[K.push(req);
[5.490s]       |         [01;31m[K^~~~~~~~~~~~~~[m[K
[5.514s] [01m[K/home/ubuntu/Desktop/AK8064_ws_Jun/src/motor_driver/src/ControlMotor.cpp:[m[K In member function ‘[01m[Kvoid MotorControlNode::processRequestQueue()[m[K’:
[5.515s] [01m[K/home/ubuntu/Desktop/AK8064_ws_Jun/src/motor_driver/src/ControlMotor.cpp:1905:13:[m[K [01;31m[Kerror: [m[K‘[01m[Krequest_queue_[m[K’ was not declared in this scope
[5.515s]  1905 |         if ([01;31m[Krequest_queue_[m[K.empty()) {
[5.515s]       |             [01;31m[K^~~~~~~~~~~~~~[m[K
[5.532s] [01m[K/home/ubuntu/Desktop/AK8064_ws_Jun/src/motor_driver/src/ControlMotor.cpp:1911:21:[m[K [01;31m[Kerror: [m[K‘[01m[Krequest_queue_[m[K’ was not declared in this scope
[5.532s]  1911 |             while (![01;31m[Krequest_queue_[m[K.empty()) {
[5.532s]       |                     [01;31m[K^~~~~~~~~~~~~~[m[K
[5.533s] [01m[K/home/ubuntu/Desktop/AK8064_ws_Jun/src/motor_driver/src/ControlMotor.cpp:1920:38:[m[K [01;31m[Kerror: [m[K‘[01m[Kclass IMotorController[m[K’ has no member named ‘[01m[KallTargetsReached[m[K’; did you mean ‘[01m[KisTargetReached[m[K’?
[5.533s]  1920 |                 if (controllers_[0]->[01;31m[KallTargetsReached[m[K()) {
[5.533s]       |                                      [01;31m[K^~~~~~~~~~~~~~~~~[m[K
[5.533s]       |                                      [32m[KisTargetReached[m[K
[5.533s] [01m[K/home/ubuntu/Desktop/AK8064_ws_Jun/src/motor_driver/src/ControlMotor.cpp:1926:22:[m[K [01;31m[Kerror: [m[K‘[01m[Kqueue[m[K’ is not a member of ‘[01m[Kstd[m[K’
[5.534s]  1926 |                 std::[01;31m[Kqueue[m[K<Request> temp_queue;
[5.534s]       |                      [01;31m[K^~~~~[m[K
[5.534s] [01m[K/home/ubuntu/Desktop/AK8064_ws_Jun/src/motor_driver/src/ControlMotor.cpp:1926:22:[m[K [01;36m[Knote: [m[K‘[01m[Kstd::queue[m[K’ is defined in header ‘[01m[K<queue>[m[K’; did you forget to ‘[01m[K#include <queue>[m[K’?
[5.534s] [01m[K/home/ubuntu/Desktop/AK8064_ws_Jun/src/motor_driver/src/ControlMotor.cpp:1926:35:[m[K [01;31m[Kerror: [m[Kexpected primary-expression before ‘[01m[K>[m[K’ token
[5.534s]  1926 |                 std::queue<Request[01;31m[K>[m[K temp_queue;
[5.534s]       |                                   [01;31m[K^[m[K
[5.547s] [01m[K/home/ubuntu/Desktop/AK8064_ws_Jun/src/motor_driver/src/ControlMotor.cpp:1926:37:[m[K [01;31m[Kerror: [m[K‘[01m[Ktemp_queue[m[K’ was not declared in this scope
[5.547s]  1926 |                 std::queue<Request> [01;31m[Ktemp_queue[m[K;
[5.547s]       |                                     [01;31m[K^~~~~~~~~~[m[K
[5.563s] [01m[K/home/ubuntu/Desktop/AK8064_ws_Jun/src/motor_driver/src/ControlMotor.cpp:1927:25:[m[K [01;31m[Kerror: [m[K‘[01m[Krequest_queue_[m[K’ was not declared in this scope
[5.563s]  1927 |                 while (![01;31m[Krequest_queue_[m[K.empty()) {
[5.563s]       |                         [01;31m[K^~~~~~~~~~~~~~[m[K
[5.579s] [01m[K/home/ubuntu/Desktop/AK8064_ws_Jun/src/motor_driver/src/ControlMotor.cpp:1938:17:[m[K [01;31m[Kerror: [m[K‘[01m[Krequest_queue_[m[K’ was not declared in this scope
[5.580s]  1938 |                 [01;31m[Krequest_queue_[m[K = temp_queue;
[5.580s]       |                 [01;31m[K^~~~~~~~~~~~~~[m[K
[5.580s] [01m[K/home/ubuntu/Desktop/AK8064_ws_Jun/src/motor_driver/src/ControlMotor.cpp:1939:41:[m[K [01;31m[Kerror: [m[K‘[01m[Kclass IMotorController[m[K’ has no member named ‘[01m[KallTargetsReached[m[K’; did you mean ‘[01m[KisTargetReached[m[K’?
[5.580s]  1939 |             } else if (controllers_[0]->[01;31m[KallTargetsReached[m[K()) {
[5.581s]       |                                         [01;31m[K^~~~~~~~~~~~~~~~~[m[K
[5.581s]       |                                         [32m[KisTargetReached[m[K
[5.581s] [01m[K/home/ubuntu/Desktop/AK8064_ws_Jun/src/motor_driver/src/ControlMotor.cpp:1941:22:[m[K [01;31m[Kerror: [m[K‘[01m[Kqueue[m[K’ is not a member of ‘[01m[Kstd[m[K’
[5.581s]  1941 |                 std::[01;31m[Kqueue[m[K<Request> temp_queue;
[5.581s]       |                      [01;31m[K^~~~~[m[K
[5.581s] [01m[K/home/ubuntu/Desktop/AK8064_ws_Jun/src/motor_driver/src/ControlMotor.cpp:1941:22:[m[K [01;36m[Knote: [m[K‘[01m[Kstd::queue[m[K’ is defined in header ‘[01m[K<queue>[m[K’; did you forget to ‘[01m[K#include <queue>[m[K’?
[5.581s] [01m[K/home/ubuntu/Desktop/AK8064_ws_Jun/src/motor_driver/src/ControlMotor.cpp:1941:35:[m[K [01;31m[Kerror: [m[Kexpected primary-expression before ‘[01m[K>[m[K’ token
[5.581s]  1941 |                 std::queue<Request[01;31m[K>[m[K temp_queue;
[5.581s]       |                                   [01;31m[K^[m[K
[5.593s] [01m[K/home/ubuntu/Desktop/AK8064_ws_Jun/src/motor_driver/src/ControlMotor.cpp:1941:37:[m[K [01;31m[Kerror: [m[K‘[01m[Ktemp_queue[m[K’ was not declared in this scope
[5.593s]  1941 |                 std::queue<Request> [01;31m[Ktemp_queue[m[K;
[5.593s]       |                                     [01;31m[K^~~~~~~~~~[m[K
[5.609s] [01m[K/home/ubuntu/Desktop/AK8064_ws_Jun/src/motor_driver/src/ControlMotor.cpp:1942:25:[m[K [01;31m[Kerror: [m[K‘[01m[Krequest_queue_[m[K’ was not declared in this scope
[5.610s]  1942 |                 while (![01;31m[Krequest_queue_[m[K.empty()) {
[5.610s]       |                         [01;31m[K^~~~~~~~~~~~~~[m[K
[5.626s] [01m[K/home/ubuntu/Desktop/AK8064_ws_Jun/src/motor_driver/src/ControlMotor.cpp:1953:17:[m[K [01;31m[Kerror: [m[K‘[01m[Krequest_queue_[m[K’ was not declared in this scope
[5.627s]  1953 |                 [01;31m[Krequest_queue_[m[K = temp_queue;
[5.627s]       |                 [01;31m[K^~~~~~~~~~~~~~[m[K
[5.627s] [01m[K/home/ubuntu/Desktop/AK8064_ws_Jun/src/motor_driver/src/ControlMotor.cpp:1959:38:[m[K [01;31m[Kerror: [m[K‘[01m[Kclass IMotorController[m[K’ has no member named ‘[01m[KallTargetsReached[m[K’; did you mean ‘[01m[KisTargetReached[m[K’?
[5.627s]  1959 |                 if (controllers_[1]->[01;31m[KallTargetsReached[m[K()) {
[5.627s]       |                                      [01;31m[K^~~~~~~~~~~~~~~~~[m[K
[5.627s]       |                                      [32m[KisTargetReached[m[K
[5.628s] [01m[K/home/ubuntu/Desktop/AK8064_ws_Jun/src/motor_driver/src/ControlMotor.cpp:1965:22:[m[K [01;31m[Kerror: [m[K‘[01m[Kqueue[m[K’ is not a member of ‘[01m[Kstd[m[K’
[5.628s]  1965 |                 std::[01;31m[Kqueue[m[K<Request> temp_queue;
[5.628s]       |                      [01;31m[K^~~~~[m[K
[5.628s] [01m[K/home/ubuntu/Desktop/AK8064_ws_Jun/src/motor_driver/src/ControlMotor.cpp:1965:22:[m[K [01;36m[Knote: [m[K‘[01m[Kstd::queue[m[K’ is defined in header ‘[01m[K<queue>[m[K’; did you forget to ‘[01m[K#include <queue>[m[K’?
[5.628s] [01m[K/home/ubuntu/Desktop/AK8064_ws_Jun/src/motor_driver/src/ControlMotor.cpp:1965:35:[m[K [01;31m[Kerror: [m[Kexpected primary-expression before ‘[01m[K>[m[K’ token
[5.628s]  1965 |                 std::queue<Request[01;31m[K>[m[K temp_queue;
[5.628s]       |                                   [01;31m[K^[m[K
[5.641s] [01m[K/home/ubuntu/Desktop/AK8064_ws_Jun/src/motor_driver/src/ControlMotor.cpp:1965:37:[m[K [01;31m[Kerror: [m[K‘[01m[Ktemp_queue[m[K’ was not declared in this scope
[5.641s]  1965 |                 std::queue<Request> [01;31m[Ktemp_queue[m[K;
[5.641s]       |                                     [01;31m[K^~~~~~~~~~[m[K
[5.658s] [01m[K/home/ubuntu/Desktop/AK8064_ws_Jun/src/motor_driver/src/ControlMotor.cpp:1966:25:[m[K [01;31m[Kerror: [m[K‘[01m[Krequest_queue_[m[K’ was not declared in this scope
[5.658s]  1966 |                 while (![01;31m[Krequest_queue_[m[K.empty()) {
[5.658s]       |                         [01;31m[K^~~~~~~~~~~~~~[m[K
[5.675s] [01m[K/home/ubuntu/Desktop/AK8064_ws_Jun/src/motor_driver/src/ControlMotor.cpp:1977:17:[m[K [01;31m[Kerror: [m[K‘[01m[Krequest_queue_[m[K’ was not declared in this scope
[5.675s]  1977 |                 [01;31m[Krequest_queue_[m[K = temp_queue;
[5.675s]       |                 [01;31m[K^~~~~~~~~~~~~~[m[K
[5.675s] [01m[K/home/ubuntu/Desktop/AK8064_ws_Jun/src/motor_driver/src/ControlMotor.cpp:1978:41:[m[K [01;31m[Kerror: [m[K‘[01m[Kclass IMotorController[m[K’ has no member named ‘[01m[KallTargetsReached[m[K’; did you mean ‘[01m[KisTargetReached[m[K’?
[5.675s]  1978 |             } else if (controllers_[1]->[01;31m[KallTargetsReached[m[K()) {
[5.675s]       |                                         [01;31m[K^~~~~~~~~~~~~~~~~[m[K
[5.675s]       |                                         [32m[KisTargetReached[m[K
[5.676s] [01m[K/home/ubuntu/Desktop/AK8064_ws_Jun/src/motor_driver/src/ControlMotor.cpp:1980:22:[m[K [01;31m[Kerror: [m[K‘[01m[Kqueue[m[K’ is not a member of ‘[01m[Kstd[m[K’
[5.676s]  1980 |                 std::[01;31m[Kqueue[m[K<Request> temp_queue;
[5.676s]       |                      [01;31m[K^~~~~[m[K
[5.676s] [01m[K/home/ubuntu/Desktop/AK8064_ws_Jun/src/motor_driver/src/ControlMotor.cpp:1980:22:[m[K [01;36m[Knote: [m[K‘[01m[Kstd::queue[m[K’ is defined in header ‘[01m[K<queue>[m[K’; did you forget to ‘[01m[K#include <queue>[m[K’?
[5.676s] [01m[K/home/ubuntu/Desktop/AK8064_ws_Jun/src/motor_driver/src/ControlMotor.cpp:1980:35:[m[K [01;31m[Kerror: [m[Kexpected primary-expression before ‘[01m[K>[m[K’ token
[5.676s]  1980 |                 std::queue<Request[01;31m[K>[m[K temp_queue;
[5.676s]       |                                   [01;31m[K^[m[K
[5.688s] [01m[K/home/ubuntu/Desktop/AK8064_ws_Jun/src/motor_driver/src/ControlMotor.cpp:1980:37:[m[K [01;31m[Kerror: [m[K‘[01m[Ktemp_queue[m[K’ was not declared in this scope
[5.688s]  1980 |                 std::queue<Request> [01;31m[Ktemp_queue[m[K;
[5.688s]       |                                     [01;31m[K^~~~~~~~~~[m[K
[5.705s] [01m[K/home/ubuntu/Desktop/AK8064_ws_Jun/src/motor_driver/src/ControlMotor.cpp:1981:25:[m[K [01;31m[Kerror: [m[K‘[01m[Krequest_queue_[m[K’ was not declared in this scope
[5.705s]  1981 |                 while (![01;31m[Krequest_queue_[m[K.empty()) {
[5.706s]       |                         [01;31m[K^~~~~~~~~~~~~~[m[K
[5.722s] [01m[K/home/ubuntu/Desktop/AK8064_ws_Jun/src/motor_driver/src/ControlMotor.cpp:1992:17:[m[K [01;31m[Kerror: [m[K‘[01m[Krequest_queue_[m[K’ was not declared in this scope
[5.722s]  1992 |                 [01;31m[Krequest_queue_[m[K = temp_queue;
[5.722s]       |                 [01;31m[K^~~~~~~~~~~~~~[m[K
[5.723s] [01m[K/home/ubuntu/Desktop/AK8064_ws_Jun/src/motor_driver/src/ControlMotor.cpp:[m[K In member function ‘[01m[Kvoid MotorControlNode::processRequest(const Request&)[m[K’:
[5.723s] [01m[K/home/ubuntu/Desktop/AK8064_ws_Jun/src/motor_driver/src/ControlMotor.cpp:1999:45:[m[K [01;31m[Kerror: [m[K‘[01m[Kclass IMotorController[m[K’ has no member named ‘[01m[KsetWaiting[m[K’
[5.723s]  1999 |         controllers_[req.controller_index]->[01;31m[KsetWaiting[m[K(false); // Cho phép động cơ chạy
[5.723s]       |                                             [01;31m[K^~~~~~~~~~[m[K
[11.705s] gmake[2]: *** [CMakeFiles/ControlMotor.dir/build.make:76: CMakeFiles/ControlMotor.dir/src/ControlMotor.cpp.o] Error 1
[11.705s] gmake[1]: *** [CMakeFiles/Makefile2:137: CMakeFiles/ControlMotor.dir/all] Error 2
[11.705s] gmake: *** [Makefile:146: all] Error 2
[11.710s] Invoked command in '/home/ubuntu/Desktop/AK8064_ws_Jun/build/motor_driver' returned '2': AMENT_PREFIX_PATH=/home/ubuntu/Desktop/AK8064_ws_Jun/install/can_interface:${AMENT_PREFIX_PATH} CMAKE_PREFIX_PATH=/home/ubuntu/Desktop/AK8064_ws_Jun/install/can_interface:/opt/ros/humble LD_LIBRARY_PATH=/home/ubuntu/Desktop/AK8064_ws_Jun/install/can_interface/lib:${LD_LIBRARY_PATH} /usr/bin/cmake --build /home/ubuntu/Desktop/AK8064_ws_Jun/build/motor_driver -- -j8 -l8
