[0.182s] DEBUG:colcon:Command line arguments: ['/usr/bin/colcon', 'build']
[0.182s] DEBUG:colcon:Parsed command line arguments: Namespace(log_base=None, log_level=None, verb_name='build', build_base='build', install_base='install', merge_install=False, symlink_install=False, test_result_base=None, continue_on_error=False, executor='parallel', parallel_workers=8, event_handlers=None, ignore_user_meta=False, metas=['./colcon.meta'], base_paths=['.'], packages_ignore=None, packages_ignore_regex=None, paths=None, packages_up_to=None, packages_up_to_regex=None, packages_above=None, packages_above_and_dependencies=None, packages_above_depth=None, packages_select_by_dep=None, packages_skip_by_dep=None, packages_skip_up_to=None, packages_select_build_failed=False, packages_skip_build_finished=False, packages_select_test_failures=False, packages_skip_test_passed=False, packages_select=None, packages_skip=None, packages_select_regex=None, packages_skip_regex=None, packages_start=None, packages_end=None, allow_overriding=[], cmake_args=None, cmake_target=None, cmake_target_skip_unavailable=False, cmake_clean_cache=False, cmake_clean_first=False, cmake_force_configure=False, ament_cmake_args=None, catkin_cmake_args=None, catkin_skip_building_tests=False, mixin_files=None, mixin=None, verb_parser=<colcon_mixin.mixin.mixin_argument.MixinArgumentDecorator object at 0x7988d4c90580>, verb_extension=<colcon_core.verb.build.BuildVerb object at 0x7988d4c63ee0>, main=<bound method BuildVerb.main of <colcon_core.verb.build.BuildVerb object at 0x7988d4c63ee0>>, mixin_verb=('build',))
[0.265s] Level 1:colcon.colcon_core.package_discovery:discover_packages(colcon_meta) check parameters
[0.265s] Level 1:colcon.colcon_core.package_discovery:discover_packages(recursive) check parameters
[0.265s] Level 1:colcon.colcon_core.package_discovery:discover_packages(ignore) check parameters
[0.265s] Level 1:colcon.colcon_core.package_discovery:discover_packages(path) check parameters
[0.265s] Level 1:colcon.colcon_core.package_discovery:discover_packages(colcon_meta) discover
[0.265s] Level 1:colcon.colcon_core.package_discovery:discover_packages(recursive) discover
[0.265s] INFO:colcon.colcon_core.package_discovery:Crawling recursively for packages in '/home/ubuntu/Desktop/AK8064_ws_Jun'
[0.265s] Level 1:colcon.colcon_core.package_identification:_identify(.) by extensions ['ignore', 'ignore_ament_install']
[0.266s] Level 1:colcon.colcon_core.package_identification:_identify(.) by extension 'ignore'
[0.266s] Level 1:colcon.colcon_core.package_identification:_identify(.) by extension 'ignore_ament_install'
[0.266s] Level 1:colcon.colcon_core.package_identification:_identify(.) by extensions ['colcon_pkg']
[0.266s] Level 1:colcon.colcon_core.package_identification:_identify(.) by extension 'colcon_pkg'
[0.266s] Level 1:colcon.colcon_core.package_identification:_identify(.) by extensions ['colcon_meta']
[0.266s] Level 1:colcon.colcon_core.package_identification:_identify(.) by extension 'colcon_meta'
[0.266s] Level 1:colcon.colcon_core.package_identification:_identify(.) by extensions ['ros']
[0.266s] Level 1:colcon.colcon_core.package_identification:_identify(.) by extension 'ros'
[0.287s] Level 1:colcon.colcon_core.package_identification:_identify(.) by extensions ['cmake', 'python']
[0.287s] Level 1:colcon.colcon_core.package_identification:_identify(.) by extension 'cmake'
[0.287s] Level 1:colcon.colcon_core.package_identification:_identify(.) by extension 'python'
[0.287s] Level 1:colcon.colcon_core.package_identification:_identify(.) by extensions ['python_setup_py']
[0.287s] Level 1:colcon.colcon_core.package_identification:_identify(.) by extension 'python_setup_py'
[0.287s] Level 1:colcon.colcon_core.package_identification:_identify(build) by extensions ['ignore', 'ignore_ament_install']
[0.288s] Level 1:colcon.colcon_core.package_identification:_identify(build) by extension 'ignore'
[0.288s] Level 1:colcon.colcon_core.package_identification:_identify(build) ignored
[0.288s] Level 1:colcon.colcon_core.package_identification:_identify(install) by extensions ['ignore', 'ignore_ament_install']
[0.288s] Level 1:colcon.colcon_core.package_identification:_identify(install) by extension 'ignore'
[0.288s] Level 1:colcon.colcon_core.package_identification:_identify(install) ignored
[0.288s] Level 1:colcon.colcon_core.package_identification:_identify(log) by extensions ['ignore', 'ignore_ament_install']
[0.288s] Level 1:colcon.colcon_core.package_identification:_identify(log) by extension 'ignore'
[0.288s] Level 1:colcon.colcon_core.package_identification:_identify(log) ignored
[0.288s] Level 1:colcon.colcon_core.package_identification:_identify(src) by extensions ['ignore', 'ignore_ament_install']
[0.288s] Level 1:colcon.colcon_core.package_identification:_identify(src) by extension 'ignore'
[0.288s] Level 1:colcon.colcon_core.package_identification:_identify(src) by extension 'ignore_ament_install'
[0.288s] Level 1:colcon.colcon_core.package_identification:_identify(src) by extensions ['colcon_pkg']
[0.288s] Level 1:colcon.colcon_core.package_identification:_identify(src) by extension 'colcon_pkg'
[0.288s] Level 1:colcon.colcon_core.package_identification:_identify(src) by extensions ['colcon_meta']
[0.288s] Level 1:colcon.colcon_core.package_identification:_identify(src) by extension 'colcon_meta'
[0.288s] Level 1:colcon.colcon_core.package_identification:_identify(src) by extensions ['ros']
[0.288s] Level 1:colcon.colcon_core.package_identification:_identify(src) by extension 'ros'
[0.288s] Level 1:colcon.colcon_core.package_identification:_identify(src) by extensions ['cmake', 'python']
[0.288s] Level 1:colcon.colcon_core.package_identification:_identify(src) by extension 'cmake'
[0.288s] Level 1:colcon.colcon_core.package_identification:_identify(src) by extension 'python'
[0.289s] Level 1:colcon.colcon_core.package_identification:_identify(src) by extensions ['python_setup_py']
[0.289s] Level 1:colcon.colcon_core.package_identification:_identify(src) by extension 'python_setup_py'
[0.289s] Level 1:colcon.colcon_core.package_identification:_identify(src/can_interface) by extensions ['ignore', 'ignore_ament_install']
[0.289s] Level 1:colcon.colcon_core.package_identification:_identify(src/can_interface) by extension 'ignore'
[0.289s] Level 1:colcon.colcon_core.package_identification:_identify(src/can_interface) by extension 'ignore_ament_install'
[0.289s] Level 1:colcon.colcon_core.package_identification:_identify(src/can_interface) by extensions ['colcon_pkg']
[0.289s] Level 1:colcon.colcon_core.package_identification:_identify(src/can_interface) by extension 'colcon_pkg'
[0.289s] Level 1:colcon.colcon_core.package_identification:_identify(src/can_interface) by extensions ['colcon_meta']
[0.289s] Level 1:colcon.colcon_core.package_identification:_identify(src/can_interface) by extension 'colcon_meta'
[0.289s] Level 1:colcon.colcon_core.package_identification:_identify(src/can_interface) by extensions ['ros']
[0.289s] Level 1:colcon.colcon_core.package_identification:_identify(src/can_interface) by extension 'ros'
[0.292s] DEBUG:colcon.colcon_core.package_identification:Package 'src/can_interface' with type 'ros.ament_cmake' and name 'can_interface'
[0.292s] Level 1:colcon.colcon_core.package_identification:_identify(src/motor_driver) by extensions ['ignore', 'ignore_ament_install']
[0.293s] Level 1:colcon.colcon_core.package_identification:_identify(src/motor_driver) by extension 'ignore'
[0.293s] Level 1:colcon.colcon_core.package_identification:_identify(src/motor_driver) by extension 'ignore_ament_install'
[0.293s] Level 1:colcon.colcon_core.package_identification:_identify(src/motor_driver) by extensions ['colcon_pkg']
[0.293s] Level 1:colcon.colcon_core.package_identification:_identify(src/motor_driver) by extension 'colcon_pkg'
[0.293s] Level 1:colcon.colcon_core.package_identification:_identify(src/motor_driver) by extensions ['colcon_meta']
[0.293s] Level 1:colcon.colcon_core.package_identification:_identify(src/motor_driver) by extension 'colcon_meta'
[0.293s] Level 1:colcon.colcon_core.package_identification:_identify(src/motor_driver) by extensions ['ros']
[0.293s] Level 1:colcon.colcon_core.package_identification:_identify(src/motor_driver) by extension 'ros'
[0.294s] DEBUG:colcon.colcon_core.package_identification:Package 'src/motor_driver' with type 'ros.ament_cmake' and name 'motor_driver'
[0.294s] Level 1:colcon.colcon_core.package_discovery:discover_packages(recursive) using defaults
[0.294s] Level 1:colcon.colcon_core.package_discovery:discover_packages(ignore) discover
[0.294s] Level 1:colcon.colcon_core.package_discovery:discover_packages(ignore) using defaults
[0.294s] Level 1:colcon.colcon_core.package_discovery:discover_packages(path) discover
[0.294s] Level 1:colcon.colcon_core.package_discovery:discover_packages(path) using defaults
[0.324s] Level 1:colcon.colcon_core.package_discovery:discover_packages(prefix_path) check parameters
[0.324s] Level 1:colcon.colcon_core.package_discovery:discover_packages(prefix_path) discover
[0.328s] DEBUG:colcon.colcon_installed_package_information.package_discovery:Found 352 installed packages in /opt/ros/humble
[0.330s] Level 1:colcon.colcon_core.package_discovery:discover_packages(prefix_path) using defaults
[0.387s] Level 5:colcon.colcon_core.verb:set package 'can_interface' build argument 'cmake_args' from command line to 'None'
[0.387s] Level 5:colcon.colcon_core.verb:set package 'can_interface' build argument 'cmake_target' from command line to 'None'
[0.387s] Level 5:colcon.colcon_core.verb:set package 'can_interface' build argument 'cmake_target_skip_unavailable' from command line to 'False'
[0.387s] Level 5:colcon.colcon_core.verb:set package 'can_interface' build argument 'cmake_clean_cache' from command line to 'False'
[0.387s] Level 5:colcon.colcon_core.verb:set package 'can_interface' build argument 'cmake_clean_first' from command line to 'False'
[0.387s] Level 5:colcon.colcon_core.verb:set package 'can_interface' build argument 'cmake_force_configure' from command line to 'False'
[0.387s] Level 5:colcon.colcon_core.verb:set package 'can_interface' build argument 'ament_cmake_args' from command line to 'None'
[0.387s] Level 5:colcon.colcon_core.verb:set package 'can_interface' build argument 'catkin_cmake_args' from command line to 'None'
[0.387s] Level 5:colcon.colcon_core.verb:set package 'can_interface' build argument 'catkin_skip_building_tests' from command line to 'False'
[0.388s] DEBUG:colcon.colcon_core.verb:Building package 'can_interface' with the following arguments: {'ament_cmake_args': None, 'build_base': '/home/ubuntu/Desktop/AK8064_ws_Jun/build/can_interface', 'catkin_cmake_args': None, 'catkin_skip_building_tests': False, 'cmake_args': None, 'cmake_clean_cache': False, 'cmake_clean_first': False, 'cmake_force_configure': False, 'cmake_target': None, 'cmake_target_skip_unavailable': False, 'install_base': '/home/ubuntu/Desktop/AK8064_ws_Jun/install/can_interface', 'merge_install': False, 'path': '/home/ubuntu/Desktop/AK8064_ws_Jun/src/can_interface', 'symlink_install': False, 'test_result_base': None}
[0.388s] Level 5:colcon.colcon_core.verb:set package 'motor_driver' build argument 'cmake_args' from command line to 'None'
[0.388s] Level 5:colcon.colcon_core.verb:set package 'motor_driver' build argument 'cmake_target' from command line to 'None'
[0.388s] Level 5:colcon.colcon_core.verb:set package 'motor_driver' build argument 'cmake_target_skip_unavailable' from command line to 'False'
[0.388s] Level 5:colcon.colcon_core.verb:set package 'motor_driver' build argument 'cmake_clean_cache' from command line to 'False'
[0.388s] Level 5:colcon.colcon_core.verb:set package 'motor_driver' build argument 'cmake_clean_first' from command line to 'False'
[0.388s] Level 5:colcon.colcon_core.verb:set package 'motor_driver' build argument 'cmake_force_configure' from command line to 'False'
[0.388s] Level 5:colcon.colcon_core.verb:set package 'motor_driver' build argument 'ament_cmake_args' from command line to 'None'
[0.388s] Level 5:colcon.colcon_core.verb:set package 'motor_driver' build argument 'catkin_cmake_args' from command line to 'None'
[0.388s] Level 5:colcon.colcon_core.verb:set package 'motor_driver' build argument 'catkin_skip_building_tests' from command line to 'False'
[0.388s] DEBUG:colcon.colcon_core.verb:Building package 'motor_driver' with the following arguments: {'ament_cmake_args': None, 'build_base': '/home/ubuntu/Desktop/AK8064_ws_Jun/build/motor_driver', 'catkin_cmake_args': None, 'catkin_skip_building_tests': False, 'cmake_args': None, 'cmake_clean_cache': False, 'cmake_clean_first': False, 'cmake_force_configure': False, 'cmake_target': None, 'cmake_target_skip_unavailable': False, 'install_base': '/home/ubuntu/Desktop/AK8064_ws_Jun/install/motor_driver', 'merge_install': False, 'path': '/home/ubuntu/Desktop/AK8064_ws_Jun/src/motor_driver', 'symlink_install': False, 'test_result_base': None}
[0.388s] INFO:colcon.colcon_core.executor:Executing jobs using 'parallel' executor
[0.389s] DEBUG:colcon.colcon_parallel_executor.executor.parallel:run_until_complete
[0.390s] INFO:colcon.colcon_ros.task.ament_cmake.build:Building ROS package in '/home/ubuntu/Desktop/AK8064_ws_Jun/src/can_interface' with build type 'ament_cmake'
[0.390s] INFO:colcon.colcon_cmake.task.cmake.build:Building CMake package in '/home/ubuntu/Desktop/AK8064_ws_Jun/src/can_interface'
[0.394s] INFO:colcon.colcon_core.plugin_system:Skipping extension 'colcon_core.shell.bat': Not used on non-Windows systems
[0.394s] INFO:colcon.colcon_core.shell:Skip shell extension 'powershell' for command environment: Not usable outside of PowerShell
[0.394s] DEBUG:colcon.colcon_core.shell:Skip shell extension 'dsv' for command environment
[0.404s] DEBUG:colcon.colcon_core.event_handler.log_command:Invoking command in '/home/ubuntu/Desktop/AK8064_ws_Jun/build/can_interface': CMAKE_PREFIX_PATH=/opt/ros/humble /usr/bin/cmake --build /home/ubuntu/Desktop/AK8064_ws_Jun/build/can_interface -- -j8 -l8
[0.486s] DEBUG:colcon.colcon_core.event_handler.log_command:Invoked command in '/home/ubuntu/Desktop/AK8064_ws_Jun/build/can_interface' returned '0': CMAKE_PREFIX_PATH=/opt/ros/humble /usr/bin/cmake --build /home/ubuntu/Desktop/AK8064_ws_Jun/build/can_interface -- -j8 -l8
[0.497s] DEBUG:colcon.colcon_core.event_handler.log_command:Invoking command in '/home/ubuntu/Desktop/AK8064_ws_Jun/build/can_interface': CMAKE_PREFIX_PATH=/opt/ros/humble /usr/bin/cmake --install /home/ubuntu/Desktop/AK8064_ws_Jun/build/can_interface
[0.512s] Level 1:colcon.colcon_core.environment:create_environment_scripts_only(can_interface)
[0.514s] DEBUG:colcon.colcon_core.event_handler.log_command:Invoked command in '/home/ubuntu/Desktop/AK8064_ws_Jun/build/can_interface' returned '0': CMAKE_PREFIX_PATH=/opt/ros/humble /usr/bin/cmake --install /home/ubuntu/Desktop/AK8064_ws_Jun/build/can_interface
[0.518s] Level 1:colcon.colcon_core.environment:checking '/home/ubuntu/Desktop/AK8064_ws_Jun/install/can_interface' for CMake module files
[0.519s] Level 1:colcon.colcon_core.environment:checking '/home/ubuntu/Desktop/AK8064_ws_Jun/install/can_interface' for CMake config files
[0.519s] Level 1:colcon.colcon_core.shell:create_environment_hook('can_interface', 'cmake_prefix_path')
[0.520s] INFO:colcon.colcon_core.shell:Creating environment hook '/home/ubuntu/Desktop/AK8064_ws_Jun/install/can_interface/share/can_interface/hook/cmake_prefix_path.ps1'
[0.521s] INFO:colcon.colcon_core.shell:Creating environment descriptor '/home/ubuntu/Desktop/AK8064_ws_Jun/install/can_interface/share/can_interface/hook/cmake_prefix_path.dsv'
[0.522s] INFO:colcon.colcon_core.shell:Creating environment hook '/home/ubuntu/Desktop/AK8064_ws_Jun/install/can_interface/share/can_interface/hook/cmake_prefix_path.sh'
[0.523s] Level 1:colcon.colcon_core.environment:checking '/home/ubuntu/Desktop/AK8064_ws_Jun/install/can_interface/lib'
[0.524s] Level 1:colcon.colcon_core.shell:create_environment_hook('can_interface', 'ld_library_path_lib')
[0.524s] INFO:colcon.colcon_core.shell:Creating environment hook '/home/ubuntu/Desktop/AK8064_ws_Jun/install/can_interface/share/can_interface/hook/ld_library_path_lib.ps1'
[0.525s] INFO:colcon.colcon_core.shell:Creating environment descriptor '/home/ubuntu/Desktop/AK8064_ws_Jun/install/can_interface/share/can_interface/hook/ld_library_path_lib.dsv'
[0.525s] INFO:colcon.colcon_core.shell:Creating environment hook '/home/ubuntu/Desktop/AK8064_ws_Jun/install/can_interface/share/can_interface/hook/ld_library_path_lib.sh'
[0.526s] Level 1:colcon.colcon_core.environment:checking '/home/ubuntu/Desktop/AK8064_ws_Jun/install/can_interface/bin'
[0.526s] Level 1:colcon.colcon_core.environment:checking '/home/ubuntu/Desktop/AK8064_ws_Jun/install/can_interface/lib/pkgconfig/can_interface.pc'
[0.527s] Level 1:colcon.colcon_core.environment:checking '/home/ubuntu/Desktop/AK8064_ws_Jun/install/can_interface/lib/python3.10/site-packages'
[0.527s] Level 1:colcon.colcon_core.environment:checking '/home/ubuntu/Desktop/AK8064_ws_Jun/install/can_interface/bin'
[0.528s] INFO:colcon.colcon_core.shell:Creating package script '/home/ubuntu/Desktop/AK8064_ws_Jun/install/can_interface/share/can_interface/package.ps1'
[0.529s] INFO:colcon.colcon_core.shell:Creating package descriptor '/home/ubuntu/Desktop/AK8064_ws_Jun/install/can_interface/share/can_interface/package.dsv'
[0.530s] INFO:colcon.colcon_core.shell:Creating package script '/home/ubuntu/Desktop/AK8064_ws_Jun/install/can_interface/share/can_interface/package.sh'
[0.531s] INFO:colcon.colcon_core.shell:Creating package script '/home/ubuntu/Desktop/AK8064_ws_Jun/install/can_interface/share/can_interface/package.bash'
[0.532s] INFO:colcon.colcon_core.shell:Creating package script '/home/ubuntu/Desktop/AK8064_ws_Jun/install/can_interface/share/can_interface/package.zsh'
[0.534s] Level 1:colcon.colcon_core.environment:create_file_with_runtime_dependencies(/home/ubuntu/Desktop/AK8064_ws_Jun/install/can_interface/share/colcon-core/packages/can_interface)
[0.535s] Level 1:colcon.colcon_core.environment:create_environment_scripts_only(can_interface)
[0.535s] Level 1:colcon.colcon_core.environment:checking '/home/ubuntu/Desktop/AK8064_ws_Jun/install/can_interface' for CMake module files
[0.536s] Level 1:colcon.colcon_core.environment:checking '/home/ubuntu/Desktop/AK8064_ws_Jun/install/can_interface' for CMake config files
[0.536s] Level 1:colcon.colcon_core.shell:create_environment_hook('can_interface', 'cmake_prefix_path')
[0.537s] INFO:colcon.colcon_core.shell:Creating environment hook '/home/ubuntu/Desktop/AK8064_ws_Jun/install/can_interface/share/can_interface/hook/cmake_prefix_path.ps1'
[0.537s] INFO:colcon.colcon_core.shell:Creating environment descriptor '/home/ubuntu/Desktop/AK8064_ws_Jun/install/can_interface/share/can_interface/hook/cmake_prefix_path.dsv'
[0.538s] INFO:colcon.colcon_core.shell:Creating environment hook '/home/ubuntu/Desktop/AK8064_ws_Jun/install/can_interface/share/can_interface/hook/cmake_prefix_path.sh'
[0.539s] Level 1:colcon.colcon_core.environment:checking '/home/ubuntu/Desktop/AK8064_ws_Jun/install/can_interface/lib'
[0.539s] Level 1:colcon.colcon_core.shell:create_environment_hook('can_interface', 'ld_library_path_lib')
[0.539s] INFO:colcon.colcon_core.shell:Creating environment hook '/home/ubuntu/Desktop/AK8064_ws_Jun/install/can_interface/share/can_interface/hook/ld_library_path_lib.ps1'
[0.540s] INFO:colcon.colcon_core.shell:Creating environment descriptor '/home/ubuntu/Desktop/AK8064_ws_Jun/install/can_interface/share/can_interface/hook/ld_library_path_lib.dsv'
[0.541s] INFO:colcon.colcon_core.shell:Creating environment hook '/home/ubuntu/Desktop/AK8064_ws_Jun/install/can_interface/share/can_interface/hook/ld_library_path_lib.sh'
[0.541s] Level 1:colcon.colcon_core.environment:checking '/home/ubuntu/Desktop/AK8064_ws_Jun/install/can_interface/bin'
[0.541s] Level 1:colcon.colcon_core.environment:checking '/home/ubuntu/Desktop/AK8064_ws_Jun/install/can_interface/lib/pkgconfig/can_interface.pc'
[0.542s] Level 1:colcon.colcon_core.environment:checking '/home/ubuntu/Desktop/AK8064_ws_Jun/install/can_interface/lib/python3.10/site-packages'
[0.542s] Level 1:colcon.colcon_core.environment:checking '/home/ubuntu/Desktop/AK8064_ws_Jun/install/can_interface/bin'
[0.543s] INFO:colcon.colcon_core.shell:Creating package script '/home/ubuntu/Desktop/AK8064_ws_Jun/install/can_interface/share/can_interface/package.ps1'
[0.544s] INFO:colcon.colcon_core.shell:Creating package descriptor '/home/ubuntu/Desktop/AK8064_ws_Jun/install/can_interface/share/can_interface/package.dsv'
[0.544s] INFO:colcon.colcon_core.shell:Creating package script '/home/ubuntu/Desktop/AK8064_ws_Jun/install/can_interface/share/can_interface/package.sh'
[0.545s] INFO:colcon.colcon_core.shell:Creating package script '/home/ubuntu/Desktop/AK8064_ws_Jun/install/can_interface/share/can_interface/package.bash'
[0.545s] INFO:colcon.colcon_core.shell:Creating package script '/home/ubuntu/Desktop/AK8064_ws_Jun/install/can_interface/share/can_interface/package.zsh'
[0.546s] Level 1:colcon.colcon_core.environment:create_file_with_runtime_dependencies(/home/ubuntu/Desktop/AK8064_ws_Jun/install/can_interface/share/colcon-core/packages/can_interface)
[0.547s] INFO:colcon.colcon_ros.task.ament_cmake.build:Building ROS package in '/home/ubuntu/Desktop/AK8064_ws_Jun/src/motor_driver' with build type 'ament_cmake'
[0.547s] INFO:colcon.colcon_cmake.task.cmake.build:Building CMake package in '/home/ubuntu/Desktop/AK8064_ws_Jun/src/motor_driver'
[0.548s] INFO:colcon.colcon_core.shell:Skip shell extension 'powershell' for command environment: Not usable outside of PowerShell
[0.548s] DEBUG:colcon.colcon_core.shell:Skip shell extension 'dsv' for command environment
[0.558s] DEBUG:colcon.colcon_core.event_handler.log_command:Invoking command in '/home/ubuntu/Desktop/AK8064_ws_Jun/build/motor_driver': AMENT_PREFIX_PATH=/home/ubuntu/Desktop/AK8064_ws_Jun/install/can_interface:${AMENT_PREFIX_PATH} CMAKE_PREFIX_PATH=/home/ubuntu/Desktop/AK8064_ws_Jun/install/can_interface:/opt/ros/humble LD_LIBRARY_PATH=/home/ubuntu/Desktop/AK8064_ws_Jun/install/can_interface/lib:${LD_LIBRARY_PATH} /usr/bin/cmake --build /home/ubuntu/Desktop/AK8064_ws_Jun/build/motor_driver -- -j8 -l8
[4.203s] DEBUG:colcon.colcon_core.event_handler.log_command:Invoked command in '/home/ubuntu/Desktop/AK8064_ws_Jun/build/motor_driver' returned '2': AMENT_PREFIX_PATH=/home/ubuntu/Desktop/AK8064_ws_Jun/install/can_interface:${AMENT_PREFIX_PATH} CMAKE_PREFIX_PATH=/home/ubuntu/Desktop/AK8064_ws_Jun/install/can_interface:/opt/ros/humble LD_LIBRARY_PATH=/home/ubuntu/Desktop/AK8064_ws_Jun/install/can_interface/lib:${LD_LIBRARY_PATH} /usr/bin/cmake --build /home/ubuntu/Desktop/AK8064_ws_Jun/build/motor_driver -- -j8 -l8
[4.204s] Level 1:colcon.colcon_core.environment:create_environment_scripts_only(motor_driver)
[4.205s] Level 1:colcon.colcon_core.environment:checking '/home/ubuntu/Desktop/AK8064_ws_Jun/install/motor_driver' for CMake module files
[4.205s] Level 1:colcon.colcon_core.environment:checking '/home/ubuntu/Desktop/AK8064_ws_Jun/install/motor_driver' for CMake config files
[4.205s] Level 1:colcon.colcon_core.shell:create_environment_hook('motor_driver', 'cmake_prefix_path')
[4.206s] INFO:colcon.colcon_core.shell:Creating environment hook '/home/ubuntu/Desktop/AK8064_ws_Jun/install/motor_driver/share/motor_driver/hook/cmake_prefix_path.ps1'
[4.206s] INFO:colcon.colcon_core.shell:Creating environment descriptor '/home/ubuntu/Desktop/AK8064_ws_Jun/install/motor_driver/share/motor_driver/hook/cmake_prefix_path.dsv'
[4.207s] INFO:colcon.colcon_core.shell:Creating environment hook '/home/ubuntu/Desktop/AK8064_ws_Jun/install/motor_driver/share/motor_driver/hook/cmake_prefix_path.sh'
[4.207s] Level 1:colcon.colcon_core.environment:checking '/home/ubuntu/Desktop/AK8064_ws_Jun/install/motor_driver/lib'
[4.208s] Level 1:colcon.colcon_core.environment:checking '/home/ubuntu/Desktop/AK8064_ws_Jun/install/motor_driver/bin'
[4.208s] Level 1:colcon.colcon_core.environment:checking '/home/ubuntu/Desktop/AK8064_ws_Jun/install/motor_driver/lib/pkgconfig/motor_driver.pc'
[4.208s] Level 1:colcon.colcon_core.environment:checking '/home/ubuntu/Desktop/AK8064_ws_Jun/install/motor_driver/lib/python3.10/site-packages'
[4.208s] Level 1:colcon.colcon_core.environment:checking '/home/ubuntu/Desktop/AK8064_ws_Jun/install/motor_driver/bin'
[4.209s] INFO:colcon.colcon_core.shell:Creating package script '/home/ubuntu/Desktop/AK8064_ws_Jun/install/motor_driver/share/motor_driver/package.ps1'
[4.210s] INFO:colcon.colcon_core.shell:Creating package descriptor '/home/ubuntu/Desktop/AK8064_ws_Jun/install/motor_driver/share/motor_driver/package.dsv'
[4.211s] INFO:colcon.colcon_core.shell:Creating package script '/home/ubuntu/Desktop/AK8064_ws_Jun/install/motor_driver/share/motor_driver/package.sh'
[4.211s] INFO:colcon.colcon_core.shell:Creating package script '/home/ubuntu/Desktop/AK8064_ws_Jun/install/motor_driver/share/motor_driver/package.bash'
[4.212s] INFO:colcon.colcon_core.shell:Creating package script '/home/ubuntu/Desktop/AK8064_ws_Jun/install/motor_driver/share/motor_driver/package.zsh'
[4.212s] Level 1:colcon.colcon_core.environment:create_file_with_runtime_dependencies(/home/ubuntu/Desktop/AK8064_ws_Jun/install/motor_driver/share/colcon-core/packages/motor_driver)
[4.223s] DEBUG:colcon.colcon_parallel_executor.executor.parallel:closing loop
[4.223s] DEBUG:colcon.colcon_parallel_executor.executor.parallel:loop closed
[4.223s] DEBUG:colcon.colcon_parallel_executor.executor.parallel:run_until_complete finished with '2'
[4.223s] DEBUG:colcon.colcon_core.event_reactor:joining thread
[4.233s] INFO:colcon.colcon_core.plugin_system:Skipping extension 'colcon_notification.desktop_notification.terminal_notifier': Not used on non-Darwin systems
[4.233s] INFO:colcon.colcon_core.plugin_system:Skipping extension 'colcon_notification.desktop_notification.win32': Not used on non-Windows systems
[4.233s] INFO:colcon.colcon_notification.desktop_notification:Sending desktop notification using 'notify2'
[4.249s] DEBUG:colcon.colcon_core.event_reactor:joined thread
[4.250s] INFO:colcon.colcon_core.shell:Creating prefix script '/home/ubuntu/Desktop/AK8064_ws_Jun/install/local_setup.ps1'
[4.252s] INFO:colcon.colcon_core.shell:Creating prefix util module '/home/ubuntu/Desktop/AK8064_ws_Jun/install/_local_setup_util_ps1.py'
[4.254s] INFO:colcon.colcon_core.shell:Creating prefix chain script '/home/ubuntu/Desktop/AK8064_ws_Jun/install/setup.ps1'
[4.256s] INFO:colcon.colcon_core.shell:Creating prefix script '/home/ubuntu/Desktop/AK8064_ws_Jun/install/local_setup.sh'
[4.256s] INFO:colcon.colcon_core.shell:Creating prefix util module '/home/ubuntu/Desktop/AK8064_ws_Jun/install/_local_setup_util_sh.py'
[4.257s] INFO:colcon.colcon_core.shell:Creating prefix chain script '/home/ubuntu/Desktop/AK8064_ws_Jun/install/setup.sh'
[4.259s] INFO:colcon.colcon_core.shell:Creating prefix script '/home/ubuntu/Desktop/AK8064_ws_Jun/install/local_setup.bash'
[4.260s] INFO:colcon.colcon_core.shell:Creating prefix chain script '/home/ubuntu/Desktop/AK8064_ws_Jun/install/setup.bash'
[4.261s] INFO:colcon.colcon_core.shell:Creating prefix script '/home/ubuntu/Desktop/AK8064_ws_Jun/install/local_setup.zsh'
[4.262s] INFO:colcon.colcon_core.shell:Creating prefix chain script '/home/ubuntu/Desktop/AK8064_ws_Jun/install/setup.zsh'
