[0.235s] DEBUG:colcon:Command line arguments: ['/usr/bin/colcon', 'build']
[0.235s] DEBUG:colcon:Parsed command line arguments: Namespace(log_base=None, log_level=None, verb_name='build', build_base='build', install_base='install', merge_install=False, symlink_install=False, test_result_base=None, continue_on_error=False, executor='parallel', parallel_workers=8, event_handlers=None, ignore_user_meta=False, metas=['./colcon.meta'], base_paths=['.'], packages_ignore=None, packages_ignore_regex=None, paths=None, packages_up_to=None, packages_up_to_regex=None, packages_above=None, packages_above_and_dependencies=None, packages_above_depth=None, packages_select_by_dep=None, packages_skip_by_dep=None, packages_skip_up_to=None, packages_select_build_failed=False, packages_skip_build_finished=False, packages_select_test_failures=False, packages_skip_test_passed=False, packages_select=None, packages_skip=None, packages_select_regex=None, packages_skip_regex=None, packages_start=None, packages_end=None, allow_overriding=[], cmake_args=None, cmake_target=None, cmake_target_skip_unavailable=False, cmake_clean_cache=False, cmake_clean_first=False, cmake_force_configure=False, ament_cmake_args=None, catkin_cmake_args=None, catkin_skip_building_tests=False, mixin_files=None, mixin=None, verb_parser=<colcon_mixin.mixin.mixin_argument.MixinArgumentDecorator object at 0x7cf257e58670>, verb_extension=<colcon_core.verb.build.BuildVerb object at 0x7cf257e58130>, main=<bound method BuildVerb.main of <colcon_core.verb.build.BuildVerb object at 0x7cf257e58130>>, mixin_verb=('build',))
[0.366s] Level 1:colcon.colcon_core.package_discovery:discover_packages(colcon_meta) check parameters
[0.366s] Level 1:colcon.colcon_core.package_discovery:discover_packages(recursive) check parameters
[0.366s] Level 1:colcon.colcon_core.package_discovery:discover_packages(ignore) check parameters
[0.366s] Level 1:colcon.colcon_core.package_discovery:discover_packages(path) check parameters
[0.366s] Level 1:colcon.colcon_core.package_discovery:discover_packages(colcon_meta) discover
[0.366s] Level 1:colcon.colcon_core.package_discovery:discover_packages(recursive) discover
[0.366s] INFO:colcon.colcon_core.package_discovery:Crawling recursively for packages in '/home/ubuntu/Desktop/AK8064_ws_Jun'
[0.366s] Level 1:colcon.colcon_core.package_identification:_identify(.) by extensions ['ignore', 'ignore_ament_install']
[0.367s] Level 1:colcon.colcon_core.package_identification:_identify(.) by extension 'ignore'
[0.367s] Level 1:colcon.colcon_core.package_identification:_identify(.) by extension 'ignore_ament_install'
[0.367s] Level 1:colcon.colcon_core.package_identification:_identify(.) by extensions ['colcon_pkg']
[0.367s] Level 1:colcon.colcon_core.package_identification:_identify(.) by extension 'colcon_pkg'
[0.367s] Level 1:colcon.colcon_core.package_identification:_identify(.) by extensions ['colcon_meta']
[0.367s] Level 1:colcon.colcon_core.package_identification:_identify(.) by extension 'colcon_meta'
[0.367s] Level 1:colcon.colcon_core.package_identification:_identify(.) by extensions ['ros']
[0.367s] Level 1:colcon.colcon_core.package_identification:_identify(.) by extension 'ros'
[0.399s] Level 1:colcon.colcon_core.package_identification:_identify(.) by extensions ['cmake', 'python']
[0.399s] Level 1:colcon.colcon_core.package_identification:_identify(.) by extension 'cmake'
[0.399s] Level 1:colcon.colcon_core.package_identification:_identify(.) by extension 'python'
[0.399s] Level 1:colcon.colcon_core.package_identification:_identify(.) by extensions ['python_setup_py']
[0.399s] Level 1:colcon.colcon_core.package_identification:_identify(.) by extension 'python_setup_py'
[0.400s] Level 1:colcon.colcon_core.package_identification:_identify(build) by extensions ['ignore', 'ignore_ament_install']
[0.400s] Level 1:colcon.colcon_core.package_identification:_identify(build) by extension 'ignore'
[0.400s] Level 1:colcon.colcon_core.package_identification:_identify(build) ignored
[0.400s] Level 1:colcon.colcon_core.package_identification:_identify(install) by extensions ['ignore', 'ignore_ament_install']
[0.400s] Level 1:colcon.colcon_core.package_identification:_identify(install) by extension 'ignore'
[0.401s] Level 1:colcon.colcon_core.package_identification:_identify(install) ignored
[0.401s] Level 1:colcon.colcon_core.package_identification:_identify(log) by extensions ['ignore', 'ignore_ament_install']
[0.401s] Level 1:colcon.colcon_core.package_identification:_identify(log) by extension 'ignore'
[0.401s] Level 1:colcon.colcon_core.package_identification:_identify(log) ignored
[0.401s] Level 1:colcon.colcon_core.package_identification:_identify(src) by extensions ['ignore', 'ignore_ament_install']
[0.402s] Level 1:colcon.colcon_core.package_identification:_identify(src) by extension 'ignore'
[0.402s] Level 1:colcon.colcon_core.package_identification:_identify(src) by extension 'ignore_ament_install'
[0.402s] Level 1:colcon.colcon_core.package_identification:_identify(src) by extensions ['colcon_pkg']
[0.402s] Level 1:colcon.colcon_core.package_identification:_identify(src) by extension 'colcon_pkg'
[0.402s] Level 1:colcon.colcon_core.package_identification:_identify(src) by extensions ['colcon_meta']
[0.402s] Level 1:colcon.colcon_core.package_identification:_identify(src) by extension 'colcon_meta'
[0.402s] Level 1:colcon.colcon_core.package_identification:_identify(src) by extensions ['ros']
[0.402s] Level 1:colcon.colcon_core.package_identification:_identify(src) by extension 'ros'
[0.402s] Level 1:colcon.colcon_core.package_identification:_identify(src) by extensions ['cmake', 'python']
[0.402s] Level 1:colcon.colcon_core.package_identification:_identify(src) by extension 'cmake'
[0.403s] Level 1:colcon.colcon_core.package_identification:_identify(src) by extension 'python'
[0.403s] Level 1:colcon.colcon_core.package_identification:_identify(src) by extensions ['python_setup_py']
[0.403s] Level 1:colcon.colcon_core.package_identification:_identify(src) by extension 'python_setup_py'
[0.403s] Level 1:colcon.colcon_core.package_identification:_identify(src/can_interface) by extensions ['ignore', 'ignore_ament_install']
[0.403s] Level 1:colcon.colcon_core.package_identification:_identify(src/can_interface) by extension 'ignore'
[0.403s] Level 1:colcon.colcon_core.package_identification:_identify(src/can_interface) by extension 'ignore_ament_install'
[0.403s] Level 1:colcon.colcon_core.package_identification:_identify(src/can_interface) by extensions ['colcon_pkg']
[0.403s] Level 1:colcon.colcon_core.package_identification:_identify(src/can_interface) by extension 'colcon_pkg'
[0.403s] Level 1:colcon.colcon_core.package_identification:_identify(src/can_interface) by extensions ['colcon_meta']
[0.403s] Level 1:colcon.colcon_core.package_identification:_identify(src/can_interface) by extension 'colcon_meta'
[0.404s] Level 1:colcon.colcon_core.package_identification:_identify(src/can_interface) by extensions ['ros']
[0.404s] Level 1:colcon.colcon_core.package_identification:_identify(src/can_interface) by extension 'ros'
[0.408s] DEBUG:colcon.colcon_core.package_identification:Package 'src/can_interface' with type 'ros.ament_cmake' and name 'can_interface'
[0.408s] Level 1:colcon.colcon_core.package_identification:_identify(src/motor_driver) by extensions ['ignore', 'ignore_ament_install']
[0.409s] Level 1:colcon.colcon_core.package_identification:_identify(src/motor_driver) by extension 'ignore'
[0.409s] Level 1:colcon.colcon_core.package_identification:_identify(src/motor_driver) by extension 'ignore_ament_install'
[0.409s] Level 1:colcon.colcon_core.package_identification:_identify(src/motor_driver) by extensions ['colcon_pkg']
[0.409s] Level 1:colcon.colcon_core.package_identification:_identify(src/motor_driver) by extension 'colcon_pkg'
[0.409s] Level 1:colcon.colcon_core.package_identification:_identify(src/motor_driver) by extensions ['colcon_meta']
[0.409s] Level 1:colcon.colcon_core.package_identification:_identify(src/motor_driver) by extension 'colcon_meta'
[0.409s] Level 1:colcon.colcon_core.package_identification:_identify(src/motor_driver) by extensions ['ros']
[0.409s] Level 1:colcon.colcon_core.package_identification:_identify(src/motor_driver) by extension 'ros'
[0.411s] DEBUG:colcon.colcon_core.package_identification:Package 'src/motor_driver' with type 'ros.ament_cmake' and name 'motor_driver'
[0.412s] Level 1:colcon.colcon_core.package_discovery:discover_packages(recursive) using defaults
[0.412s] Level 1:colcon.colcon_core.package_discovery:discover_packages(ignore) discover
[0.412s] Level 1:colcon.colcon_core.package_discovery:discover_packages(ignore) using defaults
[0.412s] Level 1:colcon.colcon_core.package_discovery:discover_packages(path) discover
[0.412s] Level 1:colcon.colcon_core.package_discovery:discover_packages(path) using defaults
[0.455s] Level 1:colcon.colcon_core.package_discovery:discover_packages(prefix_path) check parameters
[0.455s] Level 1:colcon.colcon_core.package_discovery:discover_packages(prefix_path) discover
[0.458s] DEBUG:colcon.colcon_installed_package_information.package_discovery:Found 2 installed packages in /home/ubuntu/Desktop/AK8064_ws_Jun/install
[0.461s] DEBUG:colcon.colcon_installed_package_information.package_discovery:Found 352 installed packages in /opt/ros/humble
[0.465s] Level 1:colcon.colcon_core.package_discovery:discover_packages(prefix_path) using defaults
[0.574s] Level 5:colcon.colcon_core.verb:set package 'can_interface' build argument 'cmake_args' from command line to 'None'
[0.574s] Level 5:colcon.colcon_core.verb:set package 'can_interface' build argument 'cmake_target' from command line to 'None'
[0.574s] Level 5:colcon.colcon_core.verb:set package 'can_interface' build argument 'cmake_target_skip_unavailable' from command line to 'False'
[0.574s] Level 5:colcon.colcon_core.verb:set package 'can_interface' build argument 'cmake_clean_cache' from command line to 'False'
[0.574s] Level 5:colcon.colcon_core.verb:set package 'can_interface' build argument 'cmake_clean_first' from command line to 'False'
[0.574s] Level 5:colcon.colcon_core.verb:set package 'can_interface' build argument 'cmake_force_configure' from command line to 'False'
[0.574s] Level 5:colcon.colcon_core.verb:set package 'can_interface' build argument 'ament_cmake_args' from command line to 'None'
[0.574s] Level 5:colcon.colcon_core.verb:set package 'can_interface' build argument 'catkin_cmake_args' from command line to 'None'
[0.574s] Level 5:colcon.colcon_core.verb:set package 'can_interface' build argument 'catkin_skip_building_tests' from command line to 'False'
[0.574s] DEBUG:colcon.colcon_core.verb:Building package 'can_interface' with the following arguments: {'ament_cmake_args': None, 'build_base': '/home/ubuntu/Desktop/AK8064_ws_Jun/build/can_interface', 'catkin_cmake_args': None, 'catkin_skip_building_tests': False, 'cmake_args': None, 'cmake_clean_cache': False, 'cmake_clean_first': False, 'cmake_force_configure': False, 'cmake_target': None, 'cmake_target_skip_unavailable': False, 'install_base': '/home/ubuntu/Desktop/AK8064_ws_Jun/install/can_interface', 'merge_install': False, 'path': '/home/ubuntu/Desktop/AK8064_ws_Jun/src/can_interface', 'symlink_install': False, 'test_result_base': None}
[0.575s] Level 5:colcon.colcon_core.verb:set package 'motor_driver' build argument 'cmake_args' from command line to 'None'
[0.575s] Level 5:colcon.colcon_core.verb:set package 'motor_driver' build argument 'cmake_target' from command line to 'None'
[0.575s] Level 5:colcon.colcon_core.verb:set package 'motor_driver' build argument 'cmake_target_skip_unavailable' from command line to 'False'
[0.575s] Level 5:colcon.colcon_core.verb:set package 'motor_driver' build argument 'cmake_clean_cache' from command line to 'False'
[0.575s] Level 5:colcon.colcon_core.verb:set package 'motor_driver' build argument 'cmake_clean_first' from command line to 'False'
[0.575s] Level 5:colcon.colcon_core.verb:set package 'motor_driver' build argument 'cmake_force_configure' from command line to 'False'
[0.575s] Level 5:colcon.colcon_core.verb:set package 'motor_driver' build argument 'ament_cmake_args' from command line to 'None'
[0.575s] Level 5:colcon.colcon_core.verb:set package 'motor_driver' build argument 'catkin_cmake_args' from command line to 'None'
[0.575s] Level 5:colcon.colcon_core.verb:set package 'motor_driver' build argument 'catkin_skip_building_tests' from command line to 'False'
[0.575s] DEBUG:colcon.colcon_core.verb:Building package 'motor_driver' with the following arguments: {'ament_cmake_args': None, 'build_base': '/home/ubuntu/Desktop/AK8064_ws_Jun/build/motor_driver', 'catkin_cmake_args': None, 'catkin_skip_building_tests': False, 'cmake_args': None, 'cmake_clean_cache': False, 'cmake_clean_first': False, 'cmake_force_configure': False, 'cmake_target': None, 'cmake_target_skip_unavailable': False, 'install_base': '/home/ubuntu/Desktop/AK8064_ws_Jun/install/motor_driver', 'merge_install': False, 'path': '/home/ubuntu/Desktop/AK8064_ws_Jun/src/motor_driver', 'symlink_install': False, 'test_result_base': None}
[0.576s] INFO:colcon.colcon_core.executor:Executing jobs using 'parallel' executor
[0.578s] DEBUG:colcon.colcon_parallel_executor.executor.parallel:run_until_complete
[0.579s] INFO:colcon.colcon_ros.task.ament_cmake.build:Building ROS package in '/home/ubuntu/Desktop/AK8064_ws_Jun/src/can_interface' with build type 'ament_cmake'
[0.579s] INFO:colcon.colcon_cmake.task.cmake.build:Building CMake package in '/home/ubuntu/Desktop/AK8064_ws_Jun/src/can_interface'
[0.583s] INFO:colcon.colcon_core.plugin_system:Skipping extension 'colcon_core.shell.bat': Not used on non-Windows systems
[0.584s] INFO:colcon.colcon_core.shell:Skip shell extension 'powershell' for command environment: Not usable outside of PowerShell
[0.584s] DEBUG:colcon.colcon_core.shell:Skip shell extension 'dsv' for command environment
[0.603s] DEBUG:colcon.colcon_core.event_handler.log_command:Invoking command in '/home/ubuntu/Desktop/AK8064_ws_Jun/build/can_interface': CMAKE_PREFIX_PATH=${CMAKE_PREFIX_PATH}:/opt/ros/humble /usr/bin/cmake --build /home/ubuntu/Desktop/AK8064_ws_Jun/build/can_interface -- -j8 -l8
[0.773s] DEBUG:colcon.colcon_core.event_handler.log_command:Invoked command in '/home/ubuntu/Desktop/AK8064_ws_Jun/build/can_interface' returned '0': CMAKE_PREFIX_PATH=${CMAKE_PREFIX_PATH}:/opt/ros/humble /usr/bin/cmake --build /home/ubuntu/Desktop/AK8064_ws_Jun/build/can_interface -- -j8 -l8
[0.795s] DEBUG:colcon.colcon_core.event_handler.log_command:Invoking command in '/home/ubuntu/Desktop/AK8064_ws_Jun/build/can_interface': CMAKE_PREFIX_PATH=${CMAKE_PREFIX_PATH}:/opt/ros/humble /usr/bin/cmake --install /home/ubuntu/Desktop/AK8064_ws_Jun/build/can_interface
[0.823s] Level 1:colcon.colcon_core.environment:create_environment_scripts_only(can_interface)
[0.831s] DEBUG:colcon.colcon_core.event_handler.log_command:Invoked command in '/home/ubuntu/Desktop/AK8064_ws_Jun/build/can_interface' returned '0': CMAKE_PREFIX_PATH=${CMAKE_PREFIX_PATH}:/opt/ros/humble /usr/bin/cmake --install /home/ubuntu/Desktop/AK8064_ws_Jun/build/can_interface
[0.834s] Level 1:colcon.colcon_core.environment:checking '/home/ubuntu/Desktop/AK8064_ws_Jun/install/can_interface' for CMake module files
[0.835s] Level 1:colcon.colcon_core.environment:checking '/home/ubuntu/Desktop/AK8064_ws_Jun/install/can_interface' for CMake config files
[0.836s] Level 1:colcon.colcon_core.shell:create_environment_hook('can_interface', 'cmake_prefix_path')
[0.836s] INFO:colcon.colcon_core.shell:Creating environment hook '/home/ubuntu/Desktop/AK8064_ws_Jun/install/can_interface/share/can_interface/hook/cmake_prefix_path.ps1'
[0.838s] INFO:colcon.colcon_core.shell:Creating environment descriptor '/home/ubuntu/Desktop/AK8064_ws_Jun/install/can_interface/share/can_interface/hook/cmake_prefix_path.dsv'
[0.840s] INFO:colcon.colcon_core.shell:Creating environment hook '/home/ubuntu/Desktop/AK8064_ws_Jun/install/can_interface/share/can_interface/hook/cmake_prefix_path.sh'
[0.843s] Level 1:colcon.colcon_core.environment:checking '/home/ubuntu/Desktop/AK8064_ws_Jun/install/can_interface/lib'
[0.843s] Level 1:colcon.colcon_core.shell:create_environment_hook('can_interface', 'ld_library_path_lib')
[0.844s] INFO:colcon.colcon_core.shell:Creating environment hook '/home/ubuntu/Desktop/AK8064_ws_Jun/install/can_interface/share/can_interface/hook/ld_library_path_lib.ps1'
[0.845s] INFO:colcon.colcon_core.shell:Creating environment descriptor '/home/ubuntu/Desktop/AK8064_ws_Jun/install/can_interface/share/can_interface/hook/ld_library_path_lib.dsv'
[0.846s] INFO:colcon.colcon_core.shell:Creating environment hook '/home/ubuntu/Desktop/AK8064_ws_Jun/install/can_interface/share/can_interface/hook/ld_library_path_lib.sh'
[0.848s] Level 1:colcon.colcon_core.environment:checking '/home/ubuntu/Desktop/AK8064_ws_Jun/install/can_interface/bin'
[0.848s] Level 1:colcon.colcon_core.environment:checking '/home/ubuntu/Desktop/AK8064_ws_Jun/install/can_interface/lib/pkgconfig/can_interface.pc'
[0.849s] Level 1:colcon.colcon_core.environment:checking '/home/ubuntu/Desktop/AK8064_ws_Jun/install/can_interface/lib/python3.10/site-packages'
[0.849s] Level 1:colcon.colcon_core.environment:checking '/home/ubuntu/Desktop/AK8064_ws_Jun/install/can_interface/bin'
[0.850s] INFO:colcon.colcon_core.shell:Creating package script '/home/ubuntu/Desktop/AK8064_ws_Jun/install/can_interface/share/can_interface/package.ps1'
[0.853s] INFO:colcon.colcon_core.shell:Creating package descriptor '/home/ubuntu/Desktop/AK8064_ws_Jun/install/can_interface/share/can_interface/package.dsv'
[0.855s] INFO:colcon.colcon_core.shell:Creating package script '/home/ubuntu/Desktop/AK8064_ws_Jun/install/can_interface/share/can_interface/package.sh'
[0.858s] INFO:colcon.colcon_core.shell:Creating package script '/home/ubuntu/Desktop/AK8064_ws_Jun/install/can_interface/share/can_interface/package.bash'
[0.860s] INFO:colcon.colcon_core.shell:Creating package script '/home/ubuntu/Desktop/AK8064_ws_Jun/install/can_interface/share/can_interface/package.zsh'
[0.863s] Level 1:colcon.colcon_core.environment:create_file_with_runtime_dependencies(/home/ubuntu/Desktop/AK8064_ws_Jun/install/can_interface/share/colcon-core/packages/can_interface)
[0.864s] Level 1:colcon.colcon_core.environment:create_environment_scripts_only(can_interface)
[0.865s] Level 1:colcon.colcon_core.environment:checking '/home/ubuntu/Desktop/AK8064_ws_Jun/install/can_interface' for CMake module files
[0.867s] Level 1:colcon.colcon_core.environment:checking '/home/ubuntu/Desktop/AK8064_ws_Jun/install/can_interface' for CMake config files
[0.867s] Level 1:colcon.colcon_core.shell:create_environment_hook('can_interface', 'cmake_prefix_path')
[0.868s] INFO:colcon.colcon_core.shell:Creating environment hook '/home/ubuntu/Desktop/AK8064_ws_Jun/install/can_interface/share/can_interface/hook/cmake_prefix_path.ps1'
[0.869s] INFO:colcon.colcon_core.shell:Creating environment descriptor '/home/ubuntu/Desktop/AK8064_ws_Jun/install/can_interface/share/can_interface/hook/cmake_prefix_path.dsv'
[0.870s] INFO:colcon.colcon_core.shell:Creating environment hook '/home/ubuntu/Desktop/AK8064_ws_Jun/install/can_interface/share/can_interface/hook/cmake_prefix_path.sh'
[0.871s] Level 1:colcon.colcon_core.environment:checking '/home/ubuntu/Desktop/AK8064_ws_Jun/install/can_interface/lib'
[0.872s] Level 1:colcon.colcon_core.shell:create_environment_hook('can_interface', 'ld_library_path_lib')
[0.872s] INFO:colcon.colcon_core.shell:Creating environment hook '/home/ubuntu/Desktop/AK8064_ws_Jun/install/can_interface/share/can_interface/hook/ld_library_path_lib.ps1'
[0.873s] INFO:colcon.colcon_core.shell:Creating environment descriptor '/home/ubuntu/Desktop/AK8064_ws_Jun/install/can_interface/share/can_interface/hook/ld_library_path_lib.dsv'
[0.874s] INFO:colcon.colcon_core.shell:Creating environment hook '/home/ubuntu/Desktop/AK8064_ws_Jun/install/can_interface/share/can_interface/hook/ld_library_path_lib.sh'
[0.875s] Level 1:colcon.colcon_core.environment:checking '/home/ubuntu/Desktop/AK8064_ws_Jun/install/can_interface/bin'
[0.875s] Level 1:colcon.colcon_core.environment:checking '/home/ubuntu/Desktop/AK8064_ws_Jun/install/can_interface/lib/pkgconfig/can_interface.pc'
[0.875s] Level 1:colcon.colcon_core.environment:checking '/home/ubuntu/Desktop/AK8064_ws_Jun/install/can_interface/lib/python3.10/site-packages'
[0.876s] Level 1:colcon.colcon_core.environment:checking '/home/ubuntu/Desktop/AK8064_ws_Jun/install/can_interface/bin'
[0.877s] INFO:colcon.colcon_core.shell:Creating package script '/home/ubuntu/Desktop/AK8064_ws_Jun/install/can_interface/share/can_interface/package.ps1'
[0.878s] INFO:colcon.colcon_core.shell:Creating package descriptor '/home/ubuntu/Desktop/AK8064_ws_Jun/install/can_interface/share/can_interface/package.dsv'
[0.880s] INFO:colcon.colcon_core.shell:Creating package script '/home/ubuntu/Desktop/AK8064_ws_Jun/install/can_interface/share/can_interface/package.sh'
[0.881s] INFO:colcon.colcon_core.shell:Creating package script '/home/ubuntu/Desktop/AK8064_ws_Jun/install/can_interface/share/can_interface/package.bash'
[0.882s] INFO:colcon.colcon_core.shell:Creating package script '/home/ubuntu/Desktop/AK8064_ws_Jun/install/can_interface/share/can_interface/package.zsh'
[0.883s] Level 1:colcon.colcon_core.environment:create_file_with_runtime_dependencies(/home/ubuntu/Desktop/AK8064_ws_Jun/install/can_interface/share/colcon-core/packages/can_interface)
[0.884s] INFO:colcon.colcon_ros.task.ament_cmake.build:Building ROS package in '/home/ubuntu/Desktop/AK8064_ws_Jun/src/motor_driver' with build type 'ament_cmake'
[0.884s] INFO:colcon.colcon_cmake.task.cmake.build:Building CMake package in '/home/ubuntu/Desktop/AK8064_ws_Jun/src/motor_driver'
[0.884s] INFO:colcon.colcon_core.shell:Skip shell extension 'powershell' for command environment: Not usable outside of PowerShell
[0.884s] DEBUG:colcon.colcon_core.shell:Skip shell extension 'dsv' for command environment
[0.908s] DEBUG:colcon.colcon_core.event_handler.log_command:Invoking command in '/home/ubuntu/Desktop/AK8064_ws_Jun/build/motor_driver': CMAKE_PREFIX_PATH=/home/ubuntu/Desktop/AK8064_ws_Jun/install/can_interface:/home/ubuntu/Desktop/AK8064_ws_Jun/install/motor_driver:/opt/ros/humble /usr/bin/cmake --build /home/ubuntu/Desktop/AK8064_ws_Jun/build/motor_driver -- -j8 -l8
[23.187s] DEBUG:colcon.colcon_core.event_handler.log_command:Invoked command in '/home/ubuntu/Desktop/AK8064_ws_Jun/build/motor_driver' returned '0': CMAKE_PREFIX_PATH=/home/ubuntu/Desktop/AK8064_ws_Jun/install/can_interface:/home/ubuntu/Desktop/AK8064_ws_Jun/install/motor_driver:/opt/ros/humble /usr/bin/cmake --build /home/ubuntu/Desktop/AK8064_ws_Jun/build/motor_driver -- -j8 -l8
[23.190s] DEBUG:colcon.colcon_core.event_handler.log_command:Invoking command in '/home/ubuntu/Desktop/AK8064_ws_Jun/build/motor_driver': CMAKE_PREFIX_PATH=/home/ubuntu/Desktop/AK8064_ws_Jun/install/can_interface:/home/ubuntu/Desktop/AK8064_ws_Jun/install/motor_driver:/opt/ros/humble /usr/bin/cmake --install /home/ubuntu/Desktop/AK8064_ws_Jun/build/motor_driver
[23.220s] Level 1:colcon.colcon_core.environment:create_environment_scripts_only(motor_driver)
[23.221s] Level 1:colcon.colcon_core.environment:checking '/home/ubuntu/Desktop/AK8064_ws_Jun/install/motor_driver' for CMake module files
[23.222s] DEBUG:colcon.colcon_core.event_handler.log_command:Invoked command in '/home/ubuntu/Desktop/AK8064_ws_Jun/build/motor_driver' returned '0': CMAKE_PREFIX_PATH=/home/ubuntu/Desktop/AK8064_ws_Jun/install/can_interface:/home/ubuntu/Desktop/AK8064_ws_Jun/install/motor_driver:/opt/ros/humble /usr/bin/cmake --install /home/ubuntu/Desktop/AK8064_ws_Jun/build/motor_driver
[23.223s] Level 1:colcon.colcon_core.environment:checking '/home/ubuntu/Desktop/AK8064_ws_Jun/install/motor_driver' for CMake config files
[23.224s] Level 1:colcon.colcon_core.shell:create_environment_hook('motor_driver', 'cmake_prefix_path')
[23.224s] INFO:colcon.colcon_core.shell:Creating environment hook '/home/ubuntu/Desktop/AK8064_ws_Jun/install/motor_driver/share/motor_driver/hook/cmake_prefix_path.ps1'
[23.226s] INFO:colcon.colcon_core.shell:Creating environment descriptor '/home/ubuntu/Desktop/AK8064_ws_Jun/install/motor_driver/share/motor_driver/hook/cmake_prefix_path.dsv'
[23.227s] INFO:colcon.colcon_core.shell:Creating environment hook '/home/ubuntu/Desktop/AK8064_ws_Jun/install/motor_driver/share/motor_driver/hook/cmake_prefix_path.sh'
[23.228s] Level 1:colcon.colcon_core.environment:checking '/home/ubuntu/Desktop/AK8064_ws_Jun/install/motor_driver/lib'
[23.228s] Level 1:colcon.colcon_core.environment:checking '/home/ubuntu/Desktop/AK8064_ws_Jun/install/motor_driver/bin'
[23.229s] Level 1:colcon.colcon_core.environment:checking '/home/ubuntu/Desktop/AK8064_ws_Jun/install/motor_driver/lib/pkgconfig/motor_driver.pc'
[23.229s] Level 1:colcon.colcon_core.environment:checking '/home/ubuntu/Desktop/AK8064_ws_Jun/install/motor_driver/lib/python3.10/site-packages'
[23.230s] Level 1:colcon.colcon_core.environment:checking '/home/ubuntu/Desktop/AK8064_ws_Jun/install/motor_driver/bin'
[23.231s] INFO:colcon.colcon_core.shell:Creating package script '/home/ubuntu/Desktop/AK8064_ws_Jun/install/motor_driver/share/motor_driver/package.ps1'
[23.232s] INFO:colcon.colcon_core.shell:Creating package descriptor '/home/ubuntu/Desktop/AK8064_ws_Jun/install/motor_driver/share/motor_driver/package.dsv'
[23.233s] INFO:colcon.colcon_core.shell:Creating package script '/home/ubuntu/Desktop/AK8064_ws_Jun/install/motor_driver/share/motor_driver/package.sh'
[23.234s] INFO:colcon.colcon_core.shell:Creating package script '/home/ubuntu/Desktop/AK8064_ws_Jun/install/motor_driver/share/motor_driver/package.bash'
[23.235s] INFO:colcon.colcon_core.shell:Creating package script '/home/ubuntu/Desktop/AK8064_ws_Jun/install/motor_driver/share/motor_driver/package.zsh'
[23.235s] Level 1:colcon.colcon_core.environment:create_file_with_runtime_dependencies(/home/ubuntu/Desktop/AK8064_ws_Jun/install/motor_driver/share/colcon-core/packages/motor_driver)
[23.237s] Level 1:colcon.colcon_core.environment:create_environment_scripts_only(motor_driver)
[23.237s] Level 1:colcon.colcon_core.environment:checking '/home/ubuntu/Desktop/AK8064_ws_Jun/install/motor_driver' for CMake module files
[23.239s] Level 1:colcon.colcon_core.environment:checking '/home/ubuntu/Desktop/AK8064_ws_Jun/install/motor_driver' for CMake config files
[23.239s] Level 1:colcon.colcon_core.shell:create_environment_hook('motor_driver', 'cmake_prefix_path')
[23.240s] INFO:colcon.colcon_core.shell:Creating environment hook '/home/ubuntu/Desktop/AK8064_ws_Jun/install/motor_driver/share/motor_driver/hook/cmake_prefix_path.ps1'
[23.241s] INFO:colcon.colcon_core.shell:Creating environment descriptor '/home/ubuntu/Desktop/AK8064_ws_Jun/install/motor_driver/share/motor_driver/hook/cmake_prefix_path.dsv'
[23.242s] INFO:colcon.colcon_core.shell:Creating environment hook '/home/ubuntu/Desktop/AK8064_ws_Jun/install/motor_driver/share/motor_driver/hook/cmake_prefix_path.sh'
[23.243s] Level 1:colcon.colcon_core.environment:checking '/home/ubuntu/Desktop/AK8064_ws_Jun/install/motor_driver/lib'
[23.243s] Level 1:colcon.colcon_core.environment:checking '/home/ubuntu/Desktop/AK8064_ws_Jun/install/motor_driver/bin'
[23.243s] Level 1:colcon.colcon_core.environment:checking '/home/ubuntu/Desktop/AK8064_ws_Jun/install/motor_driver/lib/pkgconfig/motor_driver.pc'
[23.244s] Level 1:colcon.colcon_core.environment:checking '/home/ubuntu/Desktop/AK8064_ws_Jun/install/motor_driver/lib/python3.10/site-packages'
[23.245s] Level 1:colcon.colcon_core.environment:checking '/home/ubuntu/Desktop/AK8064_ws_Jun/install/motor_driver/bin'
[23.245s] INFO:colcon.colcon_core.shell:Creating package script '/home/ubuntu/Desktop/AK8064_ws_Jun/install/motor_driver/share/motor_driver/package.ps1'
[23.246s] INFO:colcon.colcon_core.shell:Creating package descriptor '/home/ubuntu/Desktop/AK8064_ws_Jun/install/motor_driver/share/motor_driver/package.dsv'
[23.247s] INFO:colcon.colcon_core.shell:Creating package script '/home/ubuntu/Desktop/AK8064_ws_Jun/install/motor_driver/share/motor_driver/package.sh'
[23.248s] INFO:colcon.colcon_core.shell:Creating package script '/home/ubuntu/Desktop/AK8064_ws_Jun/install/motor_driver/share/motor_driver/package.bash'
[23.249s] INFO:colcon.colcon_core.shell:Creating package script '/home/ubuntu/Desktop/AK8064_ws_Jun/install/motor_driver/share/motor_driver/package.zsh'
[23.249s] Level 1:colcon.colcon_core.environment:create_file_with_runtime_dependencies(/home/ubuntu/Desktop/AK8064_ws_Jun/install/motor_driver/share/colcon-core/packages/motor_driver)
[23.250s] DEBUG:colcon.colcon_parallel_executor.executor.parallel:closing loop
[23.250s] DEBUG:colcon.colcon_parallel_executor.executor.parallel:loop closed
[23.251s] DEBUG:colcon.colcon_parallel_executor.executor.parallel:run_until_complete finished with '0'
[23.251s] DEBUG:colcon.colcon_core.event_reactor:joining thread
[23.260s] INFO:colcon.colcon_core.plugin_system:Skipping extension 'colcon_notification.desktop_notification.terminal_notifier': Not used on non-Darwin systems
[23.260s] INFO:colcon.colcon_core.plugin_system:Skipping extension 'colcon_notification.desktop_notification.win32': Not used on non-Windows systems
[23.260s] INFO:colcon.colcon_notification.desktop_notification:Sending desktop notification using 'notify2'
[23.280s] DEBUG:colcon.colcon_core.event_reactor:joined thread
[23.281s] INFO:colcon.colcon_core.shell:Creating prefix script '/home/ubuntu/Desktop/AK8064_ws_Jun/install/local_setup.ps1'
[23.283s] INFO:colcon.colcon_core.shell:Creating prefix util module '/home/ubuntu/Desktop/AK8064_ws_Jun/install/_local_setup_util_ps1.py'
[23.286s] INFO:colcon.colcon_core.shell:Creating prefix chain script '/home/ubuntu/Desktop/AK8064_ws_Jun/install/setup.ps1'
[23.288s] INFO:colcon.colcon_core.shell:Creating prefix script '/home/ubuntu/Desktop/AK8064_ws_Jun/install/local_setup.sh'
[23.289s] INFO:colcon.colcon_core.shell:Creating prefix util module '/home/ubuntu/Desktop/AK8064_ws_Jun/install/_local_setup_util_sh.py'
[23.290s] INFO:colcon.colcon_core.shell:Creating prefix chain script '/home/ubuntu/Desktop/AK8064_ws_Jun/install/setup.sh'
[23.292s] INFO:colcon.colcon_core.shell:Creating prefix script '/home/ubuntu/Desktop/AK8064_ws_Jun/install/local_setup.bash'
[23.293s] INFO:colcon.colcon_core.shell:Creating prefix chain script '/home/ubuntu/Desktop/AK8064_ws_Jun/install/setup.bash'
[23.294s] INFO:colcon.colcon_core.shell:Creating prefix script '/home/ubuntu/Desktop/AK8064_ws_Jun/install/local_setup.zsh'
[23.295s] INFO:colcon.colcon_core.shell:Creating prefix chain script '/home/ubuntu/Desktop/AK8064_ws_Jun/install/setup.zsh'
