[35m[1mConsolidate compiler generated dependencies of target ControlMotor[0m
[ 50%] [32mBuilding CXX object CMakeFiles/ControlMotor.dir/src/ControlMotor.cpp.o[0m
In file included from [01m[K/opt/ros/humble/include/rclcpp/rclcpp/logging.hpp:24[m[K,
                 from [01m[K/opt/ros/humble/include/rclcpp/rclcpp/client.hpp:40[m[K,
                 from [01m[K/opt/ros/humble/include/rclcpp/rclcpp/callback_group.hpp:24[m[K,
                 from [01m[K/opt/ros/humble/include/rclcpp/rclcpp/any_executable.hpp:20[m[K,
                 from [01m[K/opt/ros/humble/include/rclcpp/rclcpp/memory_strategy.hpp:25[m[K,
                 from [01m[K/opt/ros/humble/include/rclcpp/rclcpp/memory_strategies.hpp:18[m[K,
                 from [01m[K/opt/ros/humble/include/rclcpp/rclcpp/executor_options.hpp:20[m[K,
                 from [01m[K/opt/ros/humble/include/rclcpp/rclcpp/executor.hpp:37[m[K,
                 from [01m[K/opt/ros/humble/include/rclcpp/rclcpp/executors/multi_threaded_executor.hpp:25[m[K,
                 from [01m[K/opt/ros/humble/include/rclcpp/rclcpp/executors.hpp:21[m[K,
                 from [01m[K/opt/ros/humble/include/rclcpp/rclcpp/rclcpp.hpp:155[m[K,
                 from [01m[K/home/ubuntu/Desktop/AK8064_ws_Jun/src/motor_driver/src/ControlMotor.cpp:727[m[K:
[01m[K/home/ubuntu/Desktop/AK8064_ws_Jun/src/motor_driver/src/ControlMotor.cpp:[m[K In member function ‘[01m[Kvirtual void MotorController::control(const MotorData&)[m[K’:
[01m[K/home/ubuntu/Desktop/AK8064_ws_Jun/src/motor_driver/src/ControlMotor.cpp:1004:77:[m[K [01;31m[Kerror: [m[Kexpected ‘[01m[K)[m[K’ before ‘[01m[K;[m[K’ token
 1004 |                                 motor_id_, current_repeat_++[01;31m[K;[m[K + 1, repeat_);
      |                                                             [01;31m[K^[m[K

[01m[K/home/ubuntu/Desktop/AK8064_ws_Jun/src/motor_driver/src/ControlMotor.cpp:1003:37:[m[K [01;36m[Knote: [m[Kto match this ‘[01m[K([m[K’
 1003 |                                     [01;36m[KRCLCPP_INFO[m[K(logger_, "Motor 0x%02X: Repeating target_positions, repeat %d/%d",
      |                                     [01;36m[K^~~~~~~~~~~[m[K
[01m[K/home/ubuntu/Desktop/AK8064_ws_Jun/src/motor_driver/src/ControlMotor.cpp:1003:37:[m[K [01;31m[Kerror: [m[Kexpected ‘[01m[K;[m[K’ before ‘[01m[K)[m[K’ token
 1003 |                                     [01;31m[KRCLCPP_INFO[m[K(logger_, "Motor 0x%02X: Repeating target_positions, repeat %d/%d",
      |                                     [01;31m[K^~~~~~~~~~~[m[K
gmake[2]: *** [CMakeFiles/ControlMotor.dir/build.make:76: CMakeFiles/ControlMotor.dir/src/ControlMotor.cpp.o] Error 1
gmake[1]: *** [CMakeFiles/Makefile2:137: CMakeFiles/ControlMotor.dir/all] Error 2
gmake: *** [Makefile:146: all] Error 2
