[01m[K/home/ubuntu/Desktop/AK8064_ws_Jun/src/motor_driver/src/ControlMotor.cpp:1380:31:[m[K [01;31m[Kerror: [m[K‘[01m[KState[m[K’ has not been declared
 1380 |     std::string stateToString([01;31m[KState[m[K state) const {
      |                               [01;31m[K^~~~~[m[K
[01m[K/home/ubuntu/Desktop/AK8064_ws_Jun/src/motor_driver/src/ControlMotor.cpp:1703:23:[m[K [01;31m[Kerror: [m[K‘[01m[KState[m[K’ has not been declared
 1703 |     void transitionTo([01;31m[KState[m[K new_state) {
      |                       [01;31m[K^~~~~[m[K
[01m[K/home/ubuntu/Desktop/AK8064_ws_Jun/src/motor_driver/src/ControlMotor.cpp:1778:5:[m[K [01;31m[Kerror: [m[K‘[01m[KState[m[K’ does not name a type; did you mean ‘[01m[K_xstate[m[K’?
 1778 |     [01;31m[KState[m[K state_; // Current motor state
      |     [01;31m[K^~~~~[m[K
      |     [32m[K_xstate[m[K
[01m[K/home/ubuntu/Desktop/AK8064_ws_Jun/src/motor_driver/src/ControlMotor.cpp:[m[K In constructor ‘[01m[KMotorController::MotorController(uint8_t, std::shared_ptr<ICANInterface>, rclcpp::Node*, const string&)[m[K’:
[01m[K/home/ubuntu/Desktop/AK8064_ws_Jun/src/motor_driver/src/ControlMotor.cpp:1181:11:[m[K [01;31m[Kerror: [m[Kclass ‘[01m[KMotorController[m[K’ does not have any field named ‘[01m[Kstate_[m[K’
 1181 |           [01;31m[Kstate_[m[K(State::INITIALIZING), mode_(Mode::MANUAL), is_origin_set_(false),
      |           [01;31m[K^~~~~~[m[K
[01m[K/home/ubuntu/Desktop/AK8064_ws_Jun/src/motor_driver/src/ControlMotor.cpp:1181:18:[m[K [01;31m[Kerror: [m[K‘[01m[KState[m[K’ has not been declared
 1181 |           state_([01;31m[KState[m[K::INITIALIZING), mode_(Mode::MANUAL), is_origin_set_(false),
      |                  [01;31m[K^~~~~[m[K
[01m[K/home/ubuntu/Desktop/AK8064_ws_Jun/src/motor_driver/src/ControlMotor.cpp:1186:34:[m[K [01;31m[Kerror: [m[K‘[01m[Kname925[m[K’ was not declared in this scope; did you mean ‘[01m[Kname[m[K’?
 1186 |           state_publisher_(node, [01;31m[Kname925[m[K, param_prefix_(name + "."),
      |                                  [01;31m[K^~~~~~~[m[K
      |                                  [32m[Kname[m[K
[01m[K/home/ubuntu/Desktop/AK8064_ws_Jun/src/motor_driver/src/ControlMotor.cpp:1186:56:[m[K [01;31m[Kerror: [m[Kno match for call to ‘[01m[K(std::string {aka std::__cxx11::basic_string<char>}) (std::__cxx11::basic_string<char>)[m[K’
 1186 |           state_publisher_(node, name925, [01;31m[Kparam_prefix_(name + ".")[m[K,
      |                                           [01;31m[K~~~~~~~~~~~~~^~~~~~~~~~~~[m[K
[01m[K/home/ubuntu/Desktop/AK8064_ws_Jun/src/motor_driver/src/ControlMotor.cpp:1187:24:[m[K [01;31m[Kerror: [m[Kno match for call to ‘[01m[K(std::string {aka std::__cxx11::basic_string<char>}) (const char [1])[m[K’
 1187 |           [01;31m[Klast_command_("")[m[K, pre_pause_command_(""), last_command_time_(node_->now()),
      |           [01;31m[K~~~~~~~~~~~~~^~~~[m[K
[01m[K/home/ubuntu/Desktop/AK8064_ws_Jun/src/motor_driver/src/ControlMotor.cpp:1187:48:[m[K [01;31m[Kerror: [m[Kno match for call to ‘[01m[K(std::string {aka std::__cxx11::basic_string<char>}) (const char [1])[m[K’
 1187 |           last_command_(""), [01;31m[Kpre_pause_command_("")[m[K, last_command_time_(node_->now()),
      |                              [01;31m[K~~~~~~~~~~~~~~~~~~^~~~[m[K
[01m[K/home/ubuntu/Desktop/AK8064_ws_Jun/src/motor_driver/src/ControlMotor.cpp:1187:72:[m[K [01;31m[Kerror: [m[Kno match for call to ‘[01m[K(rclcpp::Time) (rclcpp::Time)[m[K’
 1187 | ast_command_(""), pre_pause_command_(""), [01;31m[Klast_command_time_(node_->now())[m[K,
      |                                           [01;31m[K~~~~~~~~~~~~~~~~~~^~~~~~~~~~~~~~[m[K

[01m[K/home/ubuntu/Desktop/AK8064_ws_Jun/src/motor_driver/src/ControlMotor.cpp:1188:18:[m[K [01;31m[Kerror: [m[Kexpression cannot be used as a function
 1188 |           [01;31m[Krepeat_(1)[m[K {
      |           [01;31m[K~~~~~~~^~~[m[K
[01m[K/home/ubuntu/Desktop/AK8064_ws_Jun/src/motor_driver/src/ControlMotor.cpp:1376:77:[m[K [01;31m[Kerror: [m[Kno matching function for call to ‘[01m[KStatePublisher::StatePublisher()[m[K’
 1376 | tate { INITIALIZING, HOMING, MOVING, STOPPED, PAUSED, ERROR [01;31m[K}[m[K; // Motor states
      |                                                             [01;31m[K^[m[K

[01m[K/home/ubuntu/Desktop/AK8064_ws_Jun/src/motor_driver/src/ControlMotor.cpp:1122:5:[m[K [01;36m[Knote: [m[Kcandidate: ‘[01m[KStatePublisher::StatePublisher(rclcpp::Node*, const string&)[m[K’
 1122 |     [01;36m[KStatePublisher[m[K(rclcpp::Node* node, const std::string& name)
      |     [01;36m[K^~~~~~~~~~~~~~[m[K
[01m[K/home/ubuntu/Desktop/AK8064_ws_Jun/src/motor_driver/src/ControlMotor.cpp:1122:5:[m[K [01;36m[Knote: [m[K  candidate expects 2 arguments, 0 provided
[01m[K/home/ubuntu/Desktop/AK8064_ws_Jun/src/motor_driver/src/ControlMotor.cpp:1120:7:[m[K [01;36m[Knote: [m[Kcandidate: ‘[01m[KStatePublisher::StatePublisher(const StatePublisher&)[m[K’
 1120 | class [01;36m[KStatePublisher[m[K {
      |       [01;36m[K^~~~~~~~~~~~~~[m[K
[01m[K/home/ubuntu/Desktop/AK8064_ws_Jun/src/motor_driver/src/ControlMotor.cpp:1120:7:[m[K [01;36m[Knote: [m[K  candidate expects 1 argument, 0 provided
[01m[K/home/ubuntu/Desktop/AK8064_ws_Jun/src/motor_driver/src/ControlMotor.cpp:1120:7:[m[K [01;36m[Knote: [m[Kcandidate: ‘[01m[KStatePublisher::StatePublisher(StatePublisher&&)[m[K’
[01m[K/home/ubuntu/Desktop/AK8064_ws_Jun/src/motor_driver/src/ControlMotor.cpp:1120:7:[m[K [01;36m[Knote: [m[K  candidate expects 1 argument, 0 provided
[01m[K/home/ubuntu/Desktop/AK8064_ws_Jun/src/motor_driver/src/ControlMotor.cpp:1376:78:[m[K [01;31m[Kerror: [m[Kexpected ‘[01m[K{[m[K’ at end of input
 1376 | ate { INITIALIZING, HOMING, MOVING, STOPPED, PAUSED, ERROR }[01;31m[K;[m[K // Motor states
      |                                                             [01;31m[K^[m[K

[01m[K/home/ubuntu/Desktop/AK8064_ws_Jun/src/motor_driver/src/ControlMotor.cpp:[m[K In member function ‘[01m[Kstd::string MotorController::stateToString(int) const[m[K’:
[01m[K/home/ubuntu/Desktop/AK8064_ws_Jun/src/motor_driver/src/ControlMotor.cpp:1382:18:[m[K [01;31m[Kerror: [m[K‘[01m[KState[m[K’ has not been declared
 1382 |             case [01;31m[KState[m[K::INITIALIZING: return "INITIALIZING";
      |                  [01;31m[K^~~~~[m[K
[01m[K/home/ubuntu/Desktop/AK8064_ws_Jun/src/motor_driver/src/ControlMotor.cpp:1383:18:[m[K [01;31m[Kerror: [m[K‘[01m[KState[m[K’ has not been declared
 1383 |             case [01;31m[KState[m[K::HOMING: return "HOMING";
      |                  [01;31m[K^~~~~[m[K
[01m[K/home/ubuntu/Desktop/AK8064_ws_Jun/src/motor_driver/src/ControlMotor.cpp:1384:18:[m[K [01;31m[Kerror: [m[K‘[01m[KState[m[K’ has not been declared
 1384 |             case [01;31m[KState[m[K::MOVING: return "MOVING";
      |                  [01;31m[K^~~~~[m[K
[01m[K/home/ubuntu/Desktop/AK8064_ws_Jun/src/motor_driver/src/ControlMotor.cpp:1385:18:[m[K [01;31m[Kerror: [m[K‘[01m[KState[m[K’ has not been declared
 1385 |             case [01;31m[KState[m[K::STOPPED: return "STOPPED";
      |                  [01;31m[K^~~~~[m[K
[01m[K/home/ubuntu/Desktop/AK8064_ws_Jun/src/motor_driver/src/ControlMotor.cpp:1386:18:[m[K [01;31m[Kerror: [m[K‘[01m[KState[m[K’ has not been declared
 1386 |             case [01;31m[KState[m[K::PAUSED: return "PAUSED";
      |                  [01;31m[K^~~~~[m[K
[01m[K/home/ubuntu/Desktop/AK8064_ws_Jun/src/motor_driver/src/ControlMotor.cpp:1387:18:[m[K [01;31m[Kerror: [m[K‘[01m[KState[m[K’ has not been declared
 1387 |             case [01;31m[KState[m[K::ERROR: return "ERROR";
      |                  [01;31m[K^~~~~[m[K
[01m[K/home/ubuntu/Desktop/AK8064_ws_Jun/src/motor_driver/src/ControlMotor.cpp:[m[K In member function ‘[01m[Kvoid MotorController::handleInitializing(const MotorData&)[m[K’:
[01m[K/home/ubuntu/Desktop/AK8064_ws_Jun/src/motor_driver/src/ControlMotor.cpp:1397:26:[m[K [01;31m[Kerror: [m[K‘[01m[KState[m[K’ has not been declared
 1397 |             transitionTo([01;31m[KState[m[K::HOMING);
      |                          [01;31m[K^~~~~[m[K
[01m[K/home/ubuntu/Desktop/AK8064_ws_Jun/src/motor_driver/src/ControlMotor.cpp:[m[K In member function ‘[01m[Kvoid MotorController::handleHoming(const MotorData&)[m[K’:
[01m[K/home/ubuntu/Desktop/AK8064_ws_Jun/src/motor_driver/src/ControlMotor.cpp:1409:26:[m[K [01;31m[Kerror: [m[K‘[01m[KState[m[K’ has not been declared
 1409 |             transitionTo([01;31m[KState[m[K::MOVING);
      |                          [01;31m[K^~~~~[m[K
[01m[K/home/ubuntu/Desktop/AK8064_ws_Jun/src/motor_driver/src/ControlMotor.cpp:[m[K In member function ‘[01m[Kvoid MotorController::handleMoving(const MotorData&)[m[K’:
[01m[K/home/ubuntu/Desktop/AK8064_ws_Jun/src/motor_driver/src/ControlMotor.cpp:1450:26:[m[K [01;31m[Kerror: [m[K‘[01m[KState[m[K’ has not been declared
 1450 |             transitionTo([01;31m[KState[m[K::STOPPED);
      |                          [01;31m[K^~~~~[m[K
[01m[K/home/ubuntu/Desktop/AK8064_ws_Jun/src/motor_driver/src/ControlMotor.cpp:[m[K In member function ‘[01m[Kvoid MotorController::handlePaused(const MotorData&)[m[K’:
[01m[K/home/ubuntu/Desktop/AK8064_ws_Jun/src/motor_driver/src/ControlMotor.cpp:1465:34:[m[K [01;31m[Kerror: [m[K‘[01m[KState[m[K’ has not been declared
 1465 |                     transitionTo([01;31m[KState[m[K::ERROR);
      |                                  [01;31m[K^~~~~[m[K
[01m[K/home/ubuntu/Desktop/AK8064_ws_Jun/src/motor_driver/src/ControlMotor.cpp:1480:38:[m[K [01;31m[Kerror: [m[K‘[01m[KState[m[K’ has not been declared
 1480 |                         transitionTo([01;31m[KState[m[K::ERROR);
      |                                      [01;31m[K^~~~~[m[K
[01m[K/home/ubuntu/Desktop/AK8064_ws_Jun/src/motor_driver/src/ControlMotor.cpp:1490:38:[m[K [01;31m[Kerror: [m[K‘[01m[KState[m[K’ has not been declared
 1490 |                         transitionTo([01;31m[KState[m[K::ERROR);
      |                                      [01;31m[K^~~~~[m[K
[01m[K/home/ubuntu/Desktop/AK8064_ws_Jun/src/motor_driver/src/ControlMotor.cpp:1497:26:[m[K [01;31m[Kerror: [m[K‘[01m[KState[m[K’ has not been declared
 1497 |             transitionTo([01;31m[KState[m[K::ERROR);
      |                          [01;31m[K^~~~~[m[K
[01m[K/home/ubuntu/Desktop/AK8064_ws_Jun/src/motor_driver/src/ControlMotor.cpp:[m[K In lambda function:
[01m[K/home/ubuntu/Desktop/AK8064_ws_Jun/src/motor_driver/src/ControlMotor.cpp:1549:34:[m[K [01;31m[Kerror: [m[K‘[01m[KState[m[K’ has not been declared
 1549 |                     transitionTo([01;31m[KState[m[K::MOVING);
      |                                  [01;31m[K^~~~~[m[K
[01m[K/home/ubuntu/Desktop/AK8064_ws_Jun/src/motor_driver/src/ControlMotor.cpp:[m[K In lambda function:
[01m[K/home/ubuntu/Desktop/AK8064_ws_Jun/src/motor_driver/src/ControlMotor.cpp:1571:34:[m[K [01;31m[Kerror: [m[K‘[01m[KState[m[K’ has not been declared
 1571 |                     transitionTo([01;31m[KState[m[K::MOVING);
      |                                  [01;31m[K^~~~~[m[K
[01m[K/home/ubuntu/Desktop/AK8064_ws_Jun/src/motor_driver/src/ControlMotor.cpp:[m[K In lambda function:
[01m[K/home/ubuntu/Desktop/AK8064_ws_Jun/src/motor_driver/src/ControlMotor.cpp:1596:34:[m[K [01;31m[Kerror: [m[K‘[01m[KState[m[K’ has not been declared
 1596 |                     transitionTo([01;31m[KState[m[K::PAUSED);
      |                                  [01;31m[K^~~~~[m[K
[01m[K/home/ubuntu/Desktop/AK8064_ws_Jun/src/motor_driver/src/ControlMotor.cpp:1601:34:[m[K [01;31m[Kerror: [m[K‘[01m[KState[m[K’ has not been declared
 1601 |                     transitionTo([01;31m[KState[m[K::ERROR);
      |                                  [01;31m[K^~~~~[m[K
[01m[K/home/ubuntu/Desktop/AK8064_ws_Jun/src/motor_driver/src/ControlMotor.cpp:[m[K In lambda function:
[01m[K/home/ubuntu/Desktop/AK8064_ws_Jun/src/motor_driver/src/ControlMotor.cpp:1612:34:[m[K [01;31m[Kerror: [m[K‘[01m[KState[m[K’ has not been declared
 1612 |                     transitionTo([01;31m[KState[m[K::MOVING);
      |                                  [01;31m[K^~~~~[m[K
[01m[K/home/ubuntu/Desktop/AK8064_ws_Jun/src/motor_driver/src/ControlMotor.cpp:[m[K In lambda function:
[01m[K/home/ubuntu/Desktop/AK8064_ws_Jun/src/motor_driver/src/ControlMotor.cpp:1636:30:[m[K [01;31m[Kerror: [m[K‘[01m[KState[m[K’ has not been declared
 1636 |                 transitionTo([01;31m[KState[m[K::HOMING);
      |                              [01;31m[K^~~~~[m[K
[01m[K/home/ubuntu/Desktop/AK8064_ws_Jun/src/motor_driver/src/ControlMotor.cpp:[m[K In lambda function:
[01m[K/home/ubuntu/Desktop/AK8064_ws_Jun/src/motor_driver/src/ControlMotor.cpp:1647:34:[m[K [01;31m[Kerror: [m[K‘[01m[KState[m[K’ has not been declared
 1647 |                     transitionTo([01;31m[KState[m[K::ERROR);
      |                                  [01;31m[K^~~~~[m[K
[01m[K/home/ubuntu/Desktop/AK8064_ws_Jun/src/motor_driver/src/ControlMotor.cpp:[m[K In member function ‘[01m[Kvoid MotorController::transitionTo(int)[m[K’:
[01m[K/home/ubuntu/Desktop/AK8064_ws_Jun/src/motor_driver/src/ControlMotor.cpp:1704:13:[m[K [01;31m[Kerror: [m[K‘[01m[Kstate_[m[K’ was not declared in this scope; did you mean ‘[01m[Kstatic[m[K’?
 1704 |         if ([01;31m[Kstate_[m[K != new_state) {
      |             [01;31m[K^~~~~~[m[K
      |             [32m[Kstatic[m[K
In file included from [01m[K/usr/include/c++/11/memory:76[m[K,
                 from [01m[K/opt/ros/humble/include/rclcpp/rclcpp/rclcpp.hpp:153[m[K,
                 from [01m[K/home/ubuntu/Desktop/AK8064_ws_Jun/src/motor_driver/src/ControlMotor.cpp:973[m[K:
/usr/include/c++/11/bits/unique_ptr.h: In instantiation of ‘[01m[Ktypename std::_MakeUniq<_Tp>::__single_object std::make_unique(_Args&& ...) [with _Tp = MotorController; _Args = {int, std::shared_ptr<ICANInterface>&, MotorControlNode*, const char (&)[21]}; typename std::_MakeUniq<_Tp>::__single_object = std::unique_ptr<MotorController, std::default_delete<MotorController> >][m[K’:
[01m[K/home/ubuntu/Desktop/AK8064_ws_Jun/src/motor_driver/src/ControlMotor.cpp:1815:65:[m[K   required from here
[01m[K/usr/include/c++/11/bits/unique_ptr.h:962:30:[m[K [01;31m[Kerror: [m[Kinvalid new-expression of abstract class type ‘[01m[KMotorController[m[K’
  962 |     { return unique_ptr<_Tp>([01;31m[Knew _Tp(std::forward<_Args>(__args)...)[m[K); }
      |                              [01;31m[K^~~~~~~~~~~~~~~~~~~~~~~~~~~~~~~~~~~~~~~[m[K
[01m[K/home/ubuntu/Desktop/AK8064_ws_Jun/src/motor_driver/src/ControlMotor.cpp:1176:7:[m[K [01;36m[Knote: [m[K  because the following virtual functions are pure within ‘[01m[KMotorController[m[K’:
 1176 | class [01;36m[KMotorController[m[K : public IMotorController {
      |       [01;36m[K^~~~~~~~~~~~~~~[m[K
[01m[K/home/ubuntu/Desktop/AK8064_ws_Jun/src/motor_driver/src/ControlMotor.cpp:1083:18:[m[K [01;36m[Knote: [m[K    ‘[01m[Kvirtual void IMotorController::control(const MotorData&)[m[K’
 1083 |     virtual void [01;36m[Kcontrol[m[K(const MotorData& data) = 0; // Process motor control logic
      |                  [01;36m[K^~~~~~~[m[K
[01m[K/home/ubuntu/Desktop/AK8064_ws_Jun/src/motor_driver/src/ControlMotor.cpp:1084:18:[m[K [01;36m[Knote: [m[K    ‘[01m[Kvirtual void IMotorController::setParameters(const std::vector<rcl_interfaces::msg::Parameter_<std::allocator<void> >, std::allocator<rcl_interfaces::msg::Parameter_<std::allocator<void> > > >&)[m[K’
 1084 |     virtual void [01;36m[KsetParameters[m[K(const std::vector<rcl_interfaces::msg::Parameter>& parameters) = 0; // Set motor parameters
      |                  [01;36m[K^~~~~~~~~~~~~[m[K
[01m[K/home/ubuntu/Desktop/AK8064_ws_Jun/src/motor_driver/src/ControlMotor.cpp:1085:18:[m[K [01;36m[Knote: [m[K    ‘[01m[Kvirtual bool IMotorController::isOriginSet() const[m[K’
 1085 |     virtual bool [01;36m[KisOriginSet[m[K() const = 0; // Check if motor origin is set
      |                  [01;36m[K^~~~~~~~~~~[m[K
[01m[K/home/ubuntu/Desktop/AK8064_ws_Jun/src/motor_driver/src/ControlMotor.cpp:1086:18:[m[K [01;36m[Knote: [m[K    ‘[01m[Kvirtual bool IMotorController::isTargetReached() const[m[K’
 1086 |     virtual bool [01;36m[KisTargetReached[m[K() const = 0; // Check if target position is reached
      |                  [01;36m[K^~~~~~~~~~~~~~~[m[K
[01m[K/home/ubuntu/Desktop/AK8064_ws_Jun/src/motor_driver/src/ControlMotor.cpp:1087:18:[m[K [01;36m[Knote: [m[K    ‘[01m[Kvirtual void IMotorController::stop()[m[K’
 1087 |     virtual void [01;36m[Kstop[m[K() = 0; // Stop motor operation
      |                  [01;36m[K^~~~[m[K
[01m[K/home/ubuntu/Desktop/AK8064_ws_Jun/src/motor_driver/src/ControlMotor.cpp:1088:18:[m[K [01;36m[Knote: [m[K    ‘[01m[Kvirtual void IMotorController::handleCommand(const string&)[m[K’
 1088 |     virtual void [01;36m[KhandleCommand[m[K(const std::string& command) = 0; // Handle motor commands
      |                  [01;36m[K^~~~~~~~~~~~~[m[K
[01m[K/home/ubuntu/Desktop/AK8064_ws_Jun/src/motor_driver/src/ControlMotor.cpp:1089:21:[m[K [01;36m[Knote: [m[K    ‘[01m[Kvirtual uint8_t IMotorController::motorId() const[m[K’
 1089 |     virtual uint8_t [01;36m[KmotorId[m[K() const = 0; // Get motor ID
      |                     [01;36m[K^~~~~~~[m[K
gmake[2]: *** [CMakeFiles/ControlMotor.dir/build.make:76: CMakeFiles/ControlMotor.dir/src/ControlMotor.cpp.o] Error 1
gmake[1]: *** [CMakeFiles/Makefile2:137: CMakeFiles/ControlMotor.dir/all] Error 2
gmake: *** [Makefile:146: all] Error 2
