[0.022s] Invoking command in '/home/ubuntu/Desktop/AK8064_ws_Jun/build/motor_driver': AMENT_PREFIX_PATH=/home/ubuntu/Desktop/AK8064_ws_Jun/install/can_interface:${AMENT_PREFIX_PATH} CMAKE_PREFIX_PATH=/home/ubuntu/Desktop/AK8064_ws_Jun/install/can_interface:/opt/ros/humble LD_LIBRARY_PATH=/home/ubuntu/Desktop/AK8064_ws_Jun/install/can_interface/lib:${LD_LIBRARY_PATH} /usr/bin/cmake --build /home/ubuntu/Desktop/AK8064_ws_Jun/build/motor_driver -- -j8 -l8
[0.101s] [35m[1mConsolidate compiler generated dependencies of target ControlMotor[0m
[0.138s] [ 50%] [32mBuilding CXX object CMakeFiles/ControlMotor.dir/src/ControlMotor.cpp.o[0m
[5.043s] [01m[K/home/ubuntu/Desktop/AK8064_ws_Jun/src/motor_driver/src/ControlMotor.cpp:1380:31:[m[K [01;31m[Kerror: [m[K‘[01m[KState[m[K’ has not been declared
[5.044s]  1380 |     std::string stateToString([01;31m[KState[m[K state) const {
[5.044s]       |                               [01;31m[K^~~~~[m[K
[5.044s] [01m[K/home/ubuntu/Desktop/AK8064_ws_Jun/src/motor_driver/src/ControlMotor.cpp:1703:23:[m[K [01;31m[Kerror: [m[K‘[01m[KState[m[K’ has not been declared
[5.044s]  1703 |     void transitionTo([01;31m[KState[m[K new_state) {
[5.044s]       |                       [01;31m[K^~~~~[m[K
[5.052s] [01m[K/home/ubuntu/Desktop/AK8064_ws_Jun/src/motor_driver/src/ControlMotor.cpp:1778:5:[m[K [01;31m[Kerror: [m[K‘[01m[KState[m[K’ does not name a type; did you mean ‘[01m[K_xstate[m[K’?
[5.052s]  1778 |     [01;31m[KState[m[K state_; // Current motor state
[5.053s]       |     [01;31m[K^~~~~[m[K
[5.053s]       |     [32m[K_xstate[m[K
[5.074s] [01m[K/home/ubuntu/Desktop/AK8064_ws_Jun/src/motor_driver/src/ControlMotor.cpp:[m[K In constructor ‘[01m[KMotorController::MotorController(uint8_t, std::shared_ptr<ICANInterface>, rclcpp::Node*, const string&)[m[K’:
[5.074s] [01m[K/home/ubuntu/Desktop/AK8064_ws_Jun/src/motor_driver/src/ControlMotor.cpp:1181:11:[m[K [01;31m[Kerror: [m[Kclass ‘[01m[KMotorController[m[K’ does not have any field named ‘[01m[Kstate_[m[K’
[5.074s]  1181 |           [01;31m[Kstate_[m[K(State::INITIALIZING), mode_(Mode::MANUAL), is_origin_set_(false),
[5.074s]       |           [01;31m[K^~~~~~[m[K
[5.084s] [01m[K/home/ubuntu/Desktop/AK8064_ws_Jun/src/motor_driver/src/ControlMotor.cpp:1181:18:[m[K [01;31m[Kerror: [m[K‘[01m[KState[m[K’ has not been declared
[5.084s]  1181 |           state_([01;31m[KState[m[K::INITIALIZING), mode_(Mode::MANUAL), is_origin_set_(false),
[5.085s]       |                  [01;31m[K^~~~~[m[K
[5.097s] [01m[K/home/ubuntu/Desktop/AK8064_ws_Jun/src/motor_driver/src/ControlMotor.cpp:1186:34:[m[K [01;31m[Kerror: [m[K‘[01m[Kname925[m[K’ was not declared in this scope; did you mean ‘[01m[Kname[m[K’?
[5.098s]  1186 |           state_publisher_(node, [01;31m[Kname925[m[K, param_prefix_(name + "."),
[5.098s]       |                                  [01;31m[K^~~~~~~[m[K
[5.098s]       |                                  [32m[Kname[m[K
[5.098s] [01m[K/home/ubuntu/Desktop/AK8064_ws_Jun/src/motor_driver/src/ControlMotor.cpp:1186:56:[m[K [01;31m[Kerror: [m[Kno match for call to ‘[01m[K(std::string {aka std::__cxx11::basic_string<char>}) (std::__cxx11::basic_string<char>)[m[K’
[5.098s]  1186 |           state_publisher_(node, name925, [01;31m[Kparam_prefix_(name + ".")[m[K,
[5.099s]       |                                           [01;31m[K~~~~~~~~~~~~~^~~~~~~~~~~~[m[K
[5.099s] [01m[K/home/ubuntu/Desktop/AK8064_ws_Jun/src/motor_driver/src/ControlMotor.cpp:1187:24:[m[K [01;31m[Kerror: [m[Kno match for call to ‘[01m[K(std::string {aka std::__cxx11::basic_string<char>}) (const char [1])[m[K’
[5.099s]  1187 |           [01;31m[Klast_command_("")[m[K, pre_pause_command_(""), last_command_time_(node_->now()),
[5.099s]       |           [01;31m[K~~~~~~~~~~~~~^~~~[m[K
[5.099s] [01m[K/home/ubuntu/Desktop/AK8064_ws_Jun/src/motor_driver/src/ControlMotor.cpp:1187:48:[m[K [01;31m[Kerror: [m[Kno match for call to ‘[01m[K(std::string {aka std::__cxx11::basic_string<char>}) (const char [1])[m[K’
[5.100s]  1187 |           last_command_(""), [01;31m[Kpre_pause_command_("")[m[K, last_command_time_(node_->now()),
[5.100s]       |                              [01;31m[K~~~~~~~~~~~~~~~~~~^~~~[m[K
[5.100s] [01m[K/home/ubuntu/Desktop/AK8064_ws_Jun/src/motor_driver/src/ControlMotor.cpp:1187:72:[m[K [01;31m[Kerror: [m[Kno match for call to ‘[01m[K(rclcpp::Time) (rclcpp::Time)[m[K’
[5.100s]  1187 | ast_command_(""), pre_pause_command_(""), [01;31m[Klast_command_time_(node_->now())[m[K,
[5.100s]       |                                           [01;31m[K~~~~~~~~~~~~~~~~~~^~~~~~~~~~~~~~[m[K
[5.101s] 
[5.101s] [01m[K/home/ubuntu/Desktop/AK8064_ws_Jun/src/motor_driver/src/ControlMotor.cpp:1188:18:[m[K [01;31m[Kerror: [m[Kexpression cannot be used as a function
[5.101s]  1188 |           [01;31m[Krepeat_(1)[m[K {
[5.101s]       |           [01;31m[K~~~~~~~^~~[m[K
[5.104s] [01m[K/home/ubuntu/Desktop/AK8064_ws_Jun/src/motor_driver/src/ControlMotor.cpp:1376:77:[m[K [01;31m[Kerror: [m[Kno matching function for call to ‘[01m[KStatePublisher::StatePublisher()[m[K’
[5.104s]  1376 | tate { INITIALIZING, HOMING, MOVING, STOPPED, PAUSED, ERROR [01;31m[K}[m[K; // Motor states
[5.104s]       |                                                             [01;31m[K^[m[K
[5.104s] 
[5.105s] [01m[K/home/ubuntu/Desktop/AK8064_ws_Jun/src/motor_driver/src/ControlMotor.cpp:1122:5:[m[K [01;36m[Knote: [m[Kcandidate: ‘[01m[KStatePublisher::StatePublisher(rclcpp::Node*, const string&)[m[K’
[5.105s]  1122 |     [01;36m[KStatePublisher[m[K(rclcpp::Node* node, const std::string& name)
[5.105s]       |     [01;36m[K^~~~~~~~~~~~~~[m[K
[5.105s] [01m[K/home/ubuntu/Desktop/AK8064_ws_Jun/src/motor_driver/src/ControlMotor.cpp:1122:5:[m[K [01;36m[Knote: [m[K  candidate expects 2 arguments, 0 provided
[5.105s] [01m[K/home/ubuntu/Desktop/AK8064_ws_Jun/src/motor_driver/src/ControlMotor.cpp:1120:7:[m[K [01;36m[Knote: [m[Kcandidate: ‘[01m[KStatePublisher::StatePublisher(const StatePublisher&)[m[K’
[5.105s]  1120 | class [01;36m[KStatePublisher[m[K {
[5.106s]       |       [01;36m[K^~~~~~~~~~~~~~[m[K
[5.106s] [01m[K/home/ubuntu/Desktop/AK8064_ws_Jun/src/motor_driver/src/ControlMotor.cpp:1120:7:[m[K [01;36m[Knote: [m[K  candidate expects 1 argument, 0 provided
[5.106s] [01m[K/home/ubuntu/Desktop/AK8064_ws_Jun/src/motor_driver/src/ControlMotor.cpp:1120:7:[m[K [01;36m[Knote: [m[Kcandidate: ‘[01m[KStatePublisher::StatePublisher(StatePublisher&&)[m[K’
[5.106s] [01m[K/home/ubuntu/Desktop/AK8064_ws_Jun/src/motor_driver/src/ControlMotor.cpp:1120:7:[m[K [01;36m[Knote: [m[K  candidate expects 1 argument, 0 provided
[5.107s] [01m[K/home/ubuntu/Desktop/AK8064_ws_Jun/src/motor_driver/src/ControlMotor.cpp:1376:78:[m[K [01;31m[Kerror: [m[Kexpected ‘[01m[K{[m[K’ at end of input
[5.107s]  1376 | ate { INITIALIZING, HOMING, MOVING, STOPPED, PAUSED, ERROR }[01;31m[K;[m[K // Motor states
[5.107s]       |                                                             [01;31m[K^[m[K
[5.107s] 
[5.108s] [01m[K/home/ubuntu/Desktop/AK8064_ws_Jun/src/motor_driver/src/ControlMotor.cpp:[m[K In member function ‘[01m[Kstd::string MotorController::stateToString(int) const[m[K’:
[5.108s] [01m[K/home/ubuntu/Desktop/AK8064_ws_Jun/src/motor_driver/src/ControlMotor.cpp:1382:18:[m[K [01;31m[Kerror: [m[K‘[01m[KState[m[K’ has not been declared
[5.108s]  1382 |             case [01;31m[KState[m[K::INITIALIZING: return "INITIALIZING";
[5.108s]       |                  [01;31m[K^~~~~[m[K
[5.108s] [01m[K/home/ubuntu/Desktop/AK8064_ws_Jun/src/motor_driver/src/ControlMotor.cpp:1383:18:[m[K [01;31m[Kerror: [m[K‘[01m[KState[m[K’ has not been declared
[5.109s]  1383 |             case [01;31m[KState[m[K::HOMING: return "HOMING";
[5.109s]       |                  [01;31m[K^~~~~[m[K
[5.109s] [01m[K/home/ubuntu/Desktop/AK8064_ws_Jun/src/motor_driver/src/ControlMotor.cpp:1384:18:[m[K [01;31m[Kerror: [m[K‘[01m[KState[m[K’ has not been declared
[5.109s]  1384 |             case [01;31m[KState[m[K::MOVING: return "MOVING";
[5.109s]       |                  [01;31m[K^~~~~[m[K
[5.110s] [01m[K/home/ubuntu/Desktop/AK8064_ws_Jun/src/motor_driver/src/ControlMotor.cpp:1385:18:[m[K [01;31m[Kerror: [m[K‘[01m[KState[m[K’ has not been declared
[5.110s]  1385 |             case [01;31m[KState[m[K::STOPPED: return "STOPPED";
[5.110s]       |                  [01;31m[K^~~~~[m[K
[5.110s] [01m[K/home/ubuntu/Desktop/AK8064_ws_Jun/src/motor_driver/src/ControlMotor.cpp:1386:18:[m[K [01;31m[Kerror: [m[K‘[01m[KState[m[K’ has not been declared
[5.110s]  1386 |             case [01;31m[KState[m[K::PAUSED: return "PAUSED";
[5.111s]       |                  [01;31m[K^~~~~[m[K
[5.111s] [01m[K/home/ubuntu/Desktop/AK8064_ws_Jun/src/motor_driver/src/ControlMotor.cpp:1387:18:[m[K [01;31m[Kerror: [m[K‘[01m[KState[m[K’ has not been declared
[5.111s]  1387 |             case [01;31m[KState[m[K::ERROR: return "ERROR";
[5.111s]       |                  [01;31m[K^~~~~[m[K
[5.112s] [01m[K/home/ubuntu/Desktop/AK8064_ws_Jun/src/motor_driver/src/ControlMotor.cpp:[m[K In member function ‘[01m[Kvoid MotorController::handleInitializing(const MotorData&)[m[K’:
[5.112s] [01m[K/home/ubuntu/Desktop/AK8064_ws_Jun/src/motor_driver/src/ControlMotor.cpp:1397:26:[m[K [01;31m[Kerror: [m[K‘[01m[KState[m[K’ has not been declared
[5.112s]  1397 |             transitionTo([01;31m[KState[m[K::HOMING);
[5.112s]       |                          [01;31m[K^~~~~[m[K
[5.112s] [01m[K/home/ubuntu/Desktop/AK8064_ws_Jun/src/motor_driver/src/ControlMotor.cpp:[m[K In member function ‘[01m[Kvoid MotorController::handleHoming(const MotorData&)[m[K’:
[5.113s] [01m[K/home/ubuntu/Desktop/AK8064_ws_Jun/src/motor_driver/src/ControlMotor.cpp:1409:26:[m[K [01;31m[Kerror: [m[K‘[01m[KState[m[K’ has not been declared
[5.113s]  1409 |             transitionTo([01;31m[KState[m[K::MOVING);
[5.113s]       |                          [01;31m[K^~~~~[m[K
[5.114s] [01m[K/home/ubuntu/Desktop/AK8064_ws_Jun/src/motor_driver/src/ControlMotor.cpp:[m[K In member function ‘[01m[Kvoid MotorController::handleMoving(const MotorData&)[m[K’:
[5.114s] [01m[K/home/ubuntu/Desktop/AK8064_ws_Jun/src/motor_driver/src/ControlMotor.cpp:1450:26:[m[K [01;31m[Kerror: [m[K‘[01m[KState[m[K’ has not been declared
[5.114s]  1450 |             transitionTo([01;31m[KState[m[K::STOPPED);
[5.115s]       |                          [01;31m[K^~~~~[m[K
[5.117s] [01m[K/home/ubuntu/Desktop/AK8064_ws_Jun/src/motor_driver/src/ControlMotor.cpp:[m[K In member function ‘[01m[Kvoid MotorController::handlePaused(const MotorData&)[m[K’:
[5.118s] [01m[K/home/ubuntu/Desktop/AK8064_ws_Jun/src/motor_driver/src/ControlMotor.cpp:1465:34:[m[K [01;31m[Kerror: [m[K‘[01m[KState[m[K’ has not been declared
[5.118s]  1465 |                     transitionTo([01;31m[KState[m[K::ERROR);
[5.118s]       |                                  [01;31m[K^~~~~[m[K
[5.119s] [01m[K/home/ubuntu/Desktop/AK8064_ws_Jun/src/motor_driver/src/ControlMotor.cpp:1480:38:[m[K [01;31m[Kerror: [m[K‘[01m[KState[m[K’ has not been declared
[5.119s]  1480 |                         transitionTo([01;31m[KState[m[K::ERROR);
[5.119s]       |                                      [01;31m[K^~~~~[m[K
[5.120s] [01m[K/home/ubuntu/Desktop/AK8064_ws_Jun/src/motor_driver/src/ControlMotor.cpp:1490:38:[m[K [01;31m[Kerror: [m[K‘[01m[KState[m[K’ has not been declared
[5.121s]  1490 |                         transitionTo([01;31m[KState[m[K::ERROR);
[5.121s]       |                                      [01;31m[K^~~~~[m[K
[5.121s] [01m[K/home/ubuntu/Desktop/AK8064_ws_Jun/src/motor_driver/src/ControlMotor.cpp:1497:26:[m[K [01;31m[Kerror: [m[K‘[01m[KState[m[K’ has not been declared
[5.121s]  1497 |             transitionTo([01;31m[KState[m[K::ERROR);
[5.122s]       |                          [01;31m[K^~~~~[m[K
[5.128s] [01m[K/home/ubuntu/Desktop/AK8064_ws_Jun/src/motor_driver/src/ControlMotor.cpp:[m[K In lambda function:
[5.128s] [01m[K/home/ubuntu/Desktop/AK8064_ws_Jun/src/motor_driver/src/ControlMotor.cpp:1549:34:[m[K [01;31m[Kerror: [m[K‘[01m[KState[m[K’ has not been declared
[5.128s]  1549 |                     transitionTo([01;31m[KState[m[K::MOVING);
[5.128s]       |                                  [01;31m[K^~~~~[m[K
[5.133s] [01m[K/home/ubuntu/Desktop/AK8064_ws_Jun/src/motor_driver/src/ControlMotor.cpp:[m[K In lambda function:
[5.133s] [01m[K/home/ubuntu/Desktop/AK8064_ws_Jun/src/motor_driver/src/ControlMotor.cpp:1571:34:[m[K [01;31m[Kerror: [m[K‘[01m[KState[m[K’ has not been declared
[5.134s]  1571 |                     transitionTo([01;31m[KState[m[K::MOVING);
[5.134s]       |                                  [01;31m[K^~~~~[m[K
[5.140s] [01m[K/home/ubuntu/Desktop/AK8064_ws_Jun/src/motor_driver/src/ControlMotor.cpp:[m[K In lambda function:
[5.141s] [01m[K/home/ubuntu/Desktop/AK8064_ws_Jun/src/motor_driver/src/ControlMotor.cpp:1596:34:[m[K [01;31m[Kerror: [m[K‘[01m[KState[m[K’ has not been declared
[5.141s]  1596 |                     transitionTo([01;31m[KState[m[K::PAUSED);
[5.141s]       |                                  [01;31m[K^~~~~[m[K
[5.142s] [01m[K/home/ubuntu/Desktop/AK8064_ws_Jun/src/motor_driver/src/ControlMotor.cpp:1601:34:[m[K [01;31m[Kerror: [m[K‘[01m[KState[m[K’ has not been declared
[5.142s]  1601 |                     transitionTo([01;31m[KState[m[K::ERROR);
[5.142s]       |                                  [01;31m[K^~~~~[m[K
[5.145s] [01m[K/home/ubuntu/Desktop/AK8064_ws_Jun/src/motor_driver/src/ControlMotor.cpp:[m[K In lambda function:
[5.145s] [01m[K/home/ubuntu/Desktop/AK8064_ws_Jun/src/motor_driver/src/ControlMotor.cpp:1612:34:[m[K [01;31m[Kerror: [m[K‘[01m[KState[m[K’ has not been declared
[5.145s]  1612 |                     transitionTo([01;31m[KState[m[K::MOVING);
[5.145s]       |                                  [01;31m[K^~~~~[m[K
[5.151s] [01m[K/home/ubuntu/Desktop/AK8064_ws_Jun/src/motor_driver/src/ControlMotor.cpp:[m[K In lambda function:
[5.151s] [01m[K/home/ubuntu/Desktop/AK8064_ws_Jun/src/motor_driver/src/ControlMotor.cpp:1636:30:[m[K [01;31m[Kerror: [m[K‘[01m[KState[m[K’ has not been declared
[5.151s]  1636 |                 transitionTo([01;31m[KState[m[K::HOMING);
[5.151s]       |                              [01;31m[K^~~~~[m[K
[5.154s] [01m[K/home/ubuntu/Desktop/AK8064_ws_Jun/src/motor_driver/src/ControlMotor.cpp:[m[K In lambda function:
[5.154s] [01m[K/home/ubuntu/Desktop/AK8064_ws_Jun/src/motor_driver/src/ControlMotor.cpp:1647:34:[m[K [01;31m[Kerror: [m[K‘[01m[KState[m[K’ has not been declared
[5.154s]  1647 |                     transitionTo([01;31m[KState[m[K::ERROR);
[5.155s]       |                                  [01;31m[K^~~~~[m[K
[5.220s] [01m[K/home/ubuntu/Desktop/AK8064_ws_Jun/src/motor_driver/src/ControlMotor.cpp:[m[K In member function ‘[01m[Kvoid MotorController::transitionTo(int)[m[K’:
[5.220s] [01m[K/home/ubuntu/Desktop/AK8064_ws_Jun/src/motor_driver/src/ControlMotor.cpp:1704:13:[m[K [01;31m[Kerror: [m[K‘[01m[Kstate_[m[K’ was not declared in this scope; did you mean ‘[01m[Kstatic[m[K’?
[5.221s]  1704 |         if ([01;31m[Kstate_[m[K != new_state) {
[5.221s]       |             [01;31m[K^~~~~~[m[K
[5.221s]       |             [32m[Kstatic[m[K
[5.671s] In file included from [01m[K/usr/include/c++/11/memory:76[m[K,
[5.671s]                  from [01m[K/opt/ros/humble/include/rclcpp/rclcpp/rclcpp.hpp:153[m[K,
[5.671s]                  from [01m[K/home/ubuntu/Desktop/AK8064_ws_Jun/src/motor_driver/src/ControlMotor.cpp:973[m[K:
[5.671s] /usr/include/c++/11/bits/unique_ptr.h: In instantiation of ‘[01m[Ktypename std::_MakeUniq<_Tp>::__single_object std::make_unique(_Args&& ...) [with _Tp = MotorController; _Args = {int, std::shared_ptr<ICANInterface>&, MotorControlNode*, const char (&)[21]}; typename std::_MakeUniq<_Tp>::__single_object = std::unique_ptr<MotorController, std::default_delete<MotorController> >][m[K’:
[5.671s] [01m[K/home/ubuntu/Desktop/AK8064_ws_Jun/src/motor_driver/src/ControlMotor.cpp:1815:65:[m[K   required from here
[5.671s] [01m[K/usr/include/c++/11/bits/unique_ptr.h:962:30:[m[K [01;31m[Kerror: [m[Kinvalid new-expression of abstract class type ‘[01m[KMotorController[m[K’
[5.672s]   962 |     { return unique_ptr<_Tp>([01;31m[Knew _Tp(std::forward<_Args>(__args)...)[m[K); }
[5.672s]       |                              [01;31m[K^~~~~~~~~~~~~~~~~~~~~~~~~~~~~~~~~~~~~~~[m[K
[5.672s] [01m[K/home/ubuntu/Desktop/AK8064_ws_Jun/src/motor_driver/src/ControlMotor.cpp:1176:7:[m[K [01;36m[Knote: [m[K  because the following virtual functions are pure within ‘[01m[KMotorController[m[K’:
[5.672s]  1176 | class [01;36m[KMotorController[m[K : public IMotorController {
[5.672s]       |       [01;36m[K^~~~~~~~~~~~~~~[m[K
[5.672s] [01m[K/home/ubuntu/Desktop/AK8064_ws_Jun/src/motor_driver/src/ControlMotor.cpp:1083:18:[m[K [01;36m[Knote: [m[K    ‘[01m[Kvirtual void IMotorController::control(const MotorData&)[m[K’
[5.672s]  1083 |     virtual void [01;36m[Kcontrol[m[K(const MotorData& data) = 0; // Process motor control logic
[5.672s]       |                  [01;36m[K^~~~~~~[m[K
[5.672s] [01m[K/home/ubuntu/Desktop/AK8064_ws_Jun/src/motor_driver/src/ControlMotor.cpp:1084:18:[m[K [01;36m[Knote: [m[K    ‘[01m[Kvirtual void IMotorController::setParameters(const std::vector<rcl_interfaces::msg::Parameter_<std::allocator<void> >, std::allocator<rcl_interfaces::msg::Parameter_<std::allocator<void> > > >&)[m[K’
[5.673s]  1084 |     virtual void [01;36m[KsetParameters[m[K(const std::vector<rcl_interfaces::msg::Parameter>& parameters) = 0; // Set motor parameters
[5.673s]       |                  [01;36m[K^~~~~~~~~~~~~[m[K
[5.673s] [01m[K/home/ubuntu/Desktop/AK8064_ws_Jun/src/motor_driver/src/ControlMotor.cpp:1085:18:[m[K [01;36m[Knote: [m[K    ‘[01m[Kvirtual bool IMotorController::isOriginSet() const[m[K’
[5.673s]  1085 |     virtual bool [01;36m[KisOriginSet[m[K() const = 0; // Check if motor origin is set
[5.673s]       |                  [01;36m[K^~~~~~~~~~~[m[K
[5.673s] [01m[K/home/ubuntu/Desktop/AK8064_ws_Jun/src/motor_driver/src/ControlMotor.cpp:1086:18:[m[K [01;36m[Knote: [m[K    ‘[01m[Kvirtual bool IMotorController::isTargetReached() const[m[K’
[5.673s]  1086 |     virtual bool [01;36m[KisTargetReached[m[K() const = 0; // Check if target position is reached
[5.673s]       |                  [01;36m[K^~~~~~~~~~~~~~~[m[K
[5.673s] [01m[K/home/ubuntu/Desktop/AK8064_ws_Jun/src/motor_driver/src/ControlMotor.cpp:1087:18:[m[K [01;36m[Knote: [m[K    ‘[01m[Kvirtual void IMotorController::stop()[m[K’
[5.673s]  1087 |     virtual void [01;36m[Kstop[m[K() = 0; // Stop motor operation
[5.674s]       |                  [01;36m[K^~~~[m[K
[5.674s] [01m[K/home/ubuntu/Desktop/AK8064_ws_Jun/src/motor_driver/src/ControlMotor.cpp:1088:18:[m[K [01;36m[Knote: [m[K    ‘[01m[Kvirtual void IMotorController::handleCommand(const string&)[m[K’
[5.674s]  1088 |     virtual void [01;36m[KhandleCommand[m[K(const std::string& command) = 0; // Handle motor commands
[5.674s]       |                  [01;36m[K^~~~~~~~~~~~~[m[K
[5.674s] [01m[K/home/ubuntu/Desktop/AK8064_ws_Jun/src/motor_driver/src/ControlMotor.cpp:1089:21:[m[K [01;36m[Knote: [m[K    ‘[01m[Kvirtual uint8_t IMotorController::motorId() const[m[K’
[5.674s]  1089 |     virtual uint8_t [01;36m[KmotorId[m[K() const = 0; // Get motor ID
[5.674s]       |                     [01;36m[K^~~~~~~[m[K
[11.176s] gmake[2]: *** [CMakeFiles/ControlMotor.dir/build.make:76: CMakeFiles/ControlMotor.dir/src/ControlMotor.cpp.o] Error 1
[11.176s] gmake[1]: *** [CMakeFiles/Makefile2:137: CMakeFiles/ControlMotor.dir/all] Error 2
[11.177s] gmake: *** [Makefile:146: all] Error 2
[11.180s] Invoked command in '/home/ubuntu/Desktop/AK8064_ws_Jun/build/motor_driver' returned '2': AMENT_PREFIX_PATH=/home/ubuntu/Desktop/AK8064_ws_Jun/install/can_interface:${AMENT_PREFIX_PATH} CMAKE_PREFIX_PATH=/home/ubuntu/Desktop/AK8064_ws_Jun/install/can_interface:/opt/ros/humble LD_LIBRARY_PATH=/home/ubuntu/Desktop/AK8064_ws_Jun/install/can_interface/lib:${LD_LIBRARY_PATH} /usr/bin/cmake --build /home/ubuntu/Desktop/AK8064_ws_Jun/build/motor_driver -- -j8 -l8
