[0.006s] Invoking command in '/home/ubuntu/Desktop/AK8064_ws_Jun/build/can_interface': CMAKE_PREFIX_PATH=/opt/ros/humble /usr/bin/cmake /home/ubuntu/Desktop/AK8064_ws_Jun/src/can_interface -DCMAKE_INSTALL_PREFIX=/home/ubuntu/Desktop/AK8064_ws_Jun/install/can_interface
[0.058s] -- The C compiler identification is GNU 11.4.0
[0.107s] -- The CXX compiler identification is GNU 11.4.0
[0.116s] -- Detecting C compiler ABI info
[0.191s] -- Detecting C compiler ABI info - done
[0.206s] -- Check for working C compiler: /usr/bin/cc - skipped
[0.206s] -- Detecting C compile features
[0.206s] -- Detecting C compile features - done
[0.209s] -- Detecting CXX compiler ABI info
[0.284s] -- Detecting CXX compiler ABI info - done
[0.290s] -- Check for working CXX compiler: /usr/bin/c++ - skipped
[0.290s] -- Detecting CXX compile features
[0.290s] -- Detecting CXX compile features - done
[0.298s] -- Found ament_cmake: 1.3.11 (/opt/ros/humble/share/ament_cmake/cmake)
[0.627s] -- Found Python3: /usr/bin/python3 (found version "3.10.12") found components: Interpreter 
[0.791s] -- Configuring done
[0.794s] -- Generating done
[0.796s] -- Build files have been written to: /home/ubuntu/Desktop/AK8064_ws_Jun/build/can_interface
[0.799s] Invoked command in '/home/ubuntu/Desktop/AK8064_ws_Jun/build/can_interface' returned '0': CMAKE_PREFIX_PATH=/opt/ros/humble /usr/bin/cmake /home/ubuntu/Desktop/AK8064_ws_Jun/src/can_interface -DCMAKE_INSTALL_PREFIX=/home/ubuntu/Desktop/AK8064_ws_Jun/install/can_interface
[0.800s] Invoking command in '/home/ubuntu/Desktop/AK8064_ws_Jun/build/can_interface': CMAKE_PREFIX_PATH=/opt/ros/humble /usr/bin/cmake --build /home/ubuntu/Desktop/AK8064_ws_Jun/build/can_interface -- -j8 -l8
[0.834s] [ 50%] [32mBuilding CXX object CMakeFiles/can_interface.dir/src/caninterface.cpp.o[0m
[1.073s] [100%] [32m[1mLinking CXX shared library libcan_interface.so[0m
[1.130s] [100%] Built target can_interface
[1.139s] Invoked command in '/home/ubuntu/Desktop/AK8064_ws_Jun/build/can_interface' returned '0': CMAKE_PREFIX_PATH=/opt/ros/humble /usr/bin/cmake --build /home/ubuntu/Desktop/AK8064_ws_Jun/build/can_interface -- -j8 -l8
[1.148s] Invoking command in '/home/ubuntu/Desktop/AK8064_ws_Jun/build/can_interface': CMAKE_PREFIX_PATH=/opt/ros/humble /usr/bin/cmake --install /home/ubuntu/Desktop/AK8064_ws_Jun/build/can_interface
[1.155s] -- Install configuration: ""
[1.155s] -- Installing: /home/ubuntu/Desktop/AK8064_ws_Jun/install/can_interface/lib/libcan_interface.so
[1.155s] -- Installing: /home/ubuntu/Desktop/AK8064_ws_Jun/install/can_interface/include
[1.155s] -- Installing: /home/ubuntu/Desktop/AK8064_ws_Jun/install/can_interface/include/can_interface
[1.155s] -- Installing: /home/ubuntu/Desktop/AK8064_ws_Jun/install/can_interface/include/can_interface/caninterface.hpp
[1.156s] -- Installing: /home/ubuntu/Desktop/AK8064_ws_Jun/install/can_interface/share/can_interface/environment/library_path.sh
[1.156s] -- Installing: /home/ubuntu/Desktop/AK8064_ws_Jun/install/can_interface/share/can_interface/environment/library_path.dsv
[1.156s] -- Installing: /home/ubuntu/Desktop/AK8064_ws_Jun/install/can_interface/share/ament_index/resource_index/package_run_dependencies/can_interface
[1.156s] -- Installing: /home/ubuntu/Desktop/AK8064_ws_Jun/install/can_interface/share/ament_index/resource_index/parent_prefix_path/can_interface
[1.156s] -- Installing: /home/ubuntu/Desktop/AK8064_ws_Jun/install/can_interface/share/can_interface/environment/ament_prefix_path.sh
[1.156s] -- Installing: /home/ubuntu/Desktop/AK8064_ws_Jun/install/can_interface/share/can_interface/environment/ament_prefix_path.dsv
[1.156s] -- Installing: /home/ubuntu/Desktop/AK8064_ws_Jun/install/can_interface/share/can_interface/environment/path.sh
[1.156s] -- Installing: /home/ubuntu/Desktop/AK8064_ws_Jun/install/can_interface/share/can_interface/environment/path.dsv
[1.157s] -- Installing: /home/ubuntu/Desktop/AK8064_ws_Jun/install/can_interface/share/can_interface/local_setup.bash
[1.157s] -- Installing: /home/ubuntu/Desktop/AK8064_ws_Jun/install/can_interface/share/can_interface/local_setup.sh
[1.157s] -- Installing: /home/ubuntu/Desktop/AK8064_ws_Jun/install/can_interface/share/can_interface/local_setup.zsh
[1.157s] -- Installing: /home/ubuntu/Desktop/AK8064_ws_Jun/install/can_interface/share/can_interface/local_setup.dsv
[1.157s] -- Installing: /home/ubuntu/Desktop/AK8064_ws_Jun/install/can_interface/share/can_interface/package.dsv
[1.157s] -- Installing: /home/ubuntu/Desktop/AK8064_ws_Jun/install/can_interface/share/ament_index/resource_index/packages/can_interface
[1.157s] -- Installing: /home/ubuntu/Desktop/AK8064_ws_Jun/install/can_interface/share/can_interface/cmake/export_can_interfaceExport.cmake
[1.158s] -- Installing: /home/ubuntu/Desktop/AK8064_ws_Jun/install/can_interface/share/can_interface/cmake/export_can_interfaceExport-noconfig.cmake
[1.158s] -- Installing: /home/ubuntu/Desktop/AK8064_ws_Jun/install/can_interface/share/can_interface/cmake/ament_cmake_export_targets-extras.cmake
[1.158s] -- Installing: /home/ubuntu/Desktop/AK8064_ws_Jun/install/can_interface/share/can_interface/cmake/ament_cmake_export_include_directories-extras.cmake
[1.158s] -- Installing: /home/ubuntu/Desktop/AK8064_ws_Jun/install/can_interface/share/can_interface/cmake/ament_cmake_export_libraries-extras.cmake
[1.158s] -- Installing: /home/ubuntu/Desktop/AK8064_ws_Jun/install/can_interface/share/can_interface/cmake/can_interfaceConfig.cmake
[1.158s] -- Installing: /home/ubuntu/Desktop/AK8064_ws_Jun/install/can_interface/share/can_interface/cmake/can_interfaceConfig-version.cmake
[1.158s] -- Installing: /home/ubuntu/Desktop/AK8064_ws_Jun/install/can_interface/share/can_interface/package.xml
[1.161s] Invoked command in '/home/ubuntu/Desktop/AK8064_ws_Jun/build/can_interface' returned '0': CMAKE_PREFIX_PATH=/opt/ros/humble /usr/bin/cmake --install /home/ubuntu/Desktop/AK8064_ws_Jun/build/can_interface
