[01m[K/home/ubuntu/Desktop/AK8064_ws_Jun/src/motor_driver/src/ControlMotor.cpp:[m[K In member function ‘[01m[Kvirtual void MotorController::stop()[m[K’:
[01m[K/home/ubuntu/Desktop/AK8064_ws_Jun/src/motor_driver/src/ControlMotor.cpp:1899:30:[m[K [01;31m[Kerror: [m[K‘[01m[Kcontroller[m[K’ was not declared in this scope; did you mean ‘[01m[Kcontrol[m[K’?
 1899 |             can_->setCurrent([01;31m[Kcontroller[m[K->motorId(), 0.0);
      |                              [01;31m[K^~~~~~~~~~[m[K
      |                              [32m[Kcontrol[m[K
In file included from [01m[K/opt/ros/humble/include/rclcpp/rclcpp/client.hpp:40[m[K,
                 from [01m[K/opt/ros/humble/include/rclcpp/rclcpp/callback_group.hpp:24[m[K,
                 from [01m[K/opt/ros/humble/include/rclcpp/rclcpp/any_executable.hpp:20[m[K,
                 from [01m[K/opt/ros/humble/include/rclcpp/rclcpp/memory_strategy.hpp:25[m[K,
                 from [01m[K/opt/ros/humble/include/rclcpp/rclcpp/memory_strategies.hpp:18[m[K,
                 from [01m[K/opt/ros/humble/include/rclcpp/rclcpp/executor_options.hpp:20[m[K,
                 from [01m[K/opt/ros/humble/include/rclcpp/rclcpp/executor.hpp:37[m[K,
                 from [01m[K/opt/ros/humble/include/rclcpp/rclcpp/executors/multi_threaded_executor.hpp:25[m[K,
                 from [01m[K/opt/ros/humble/include/rclcpp/rclcpp/executors.hpp:21[m[K,
                 from [01m[K/opt/ros/humble/include/rclcpp/rclcpp/rclcpp.hpp:155[m[K,
                 from [01m[K/home/ubuntu/Desktop/AK8064_ws_Jun/src/motor_driver/src/ControlMotor.cpp:1522[m[K:
[01m[K/home/ubuntu/Desktop/AK8064_ws_Jun/src/motor_driver/src/ControlMotor.cpp:1900:26:[m[K [01;31m[Kerror: [m[K‘[01m[Kget_logger[m[K’ was not declared in this scope; did you mean ‘[01m[Krclcpp::get_logger[m[K’?
 1900 |             RCLCPP_ERROR([01;31m[Kget_logger[m[K(), "Motor 0x%02X: Disabled torque due to system error",
      |                          [01;31m[K^~~~~~~~~~[m[K
In file included from [01m[K/opt/ros/humble/include/rclcpp/rclcpp/logging.hpp:23[m[K,
                 from [01m[K/opt/ros/humble/include/rclcpp/rclcpp/client.hpp:40[m[K,
                 from [01m[K/opt/ros/humble/include/rclcpp/rclcpp/callback_group.hpp:24[m[K,
                 from [01m[K/opt/ros/humble/include/rclcpp/rclcpp/any_executable.hpp:20[m[K,
                 from [01m[K/opt/ros/humble/include/rclcpp/rclcpp/memory_strategy.hpp:25[m[K,
                 from [01m[K/opt/ros/humble/include/rclcpp/rclcpp/memory_strategies.hpp:18[m[K,
                 from [01m[K/opt/ros/humble/include/rclcpp/rclcpp/executor_options.hpp:20[m[K,
                 from [01m[K/opt/ros/humble/include/rclcpp/rclcpp/executor.hpp:37[m[K,
                 from [01m[K/opt/ros/humble/include/rclcpp/rclcpp/executors/multi_threaded_executor.hpp:25[m[K,
                 from [01m[K/opt/ros/humble/include/rclcpp/rclcpp/executors.hpp:21[m[K,
                 from [01m[K/opt/ros/humble/include/rclcpp/rclcpp/rclcpp.hpp:155[m[K,
                 from [01m[K/home/ubuntu/Desktop/AK8064_ws_Jun/src/motor_driver/src/ControlMotor.cpp:1522[m[K:
[01m[K/opt/ros/humble/include/rclcpp/rclcpp/logger.hpp:106:17:[m[K [01;36m[Knote: [m[K‘[01m[Krclcpp::get_logger[m[K’ declared here
  106 |   friend Logger [01;36m[Krclcpp[m[K::get_logger(const std::string & name);
      |                 [01;36m[K^~~~~~[m[K
In file included from [01m[K/opt/ros/humble/include/rclcpp/rclcpp/client.hpp:40[m[K,
                 from [01m[K/opt/ros/humble/include/rclcpp/rclcpp/callback_group.hpp:24[m[K,
                 from [01m[K/opt/ros/humble/include/rclcpp/rclcpp/any_executable.hpp:20[m[K,
                 from [01m[K/opt/ros/humble/include/rclcpp/rclcpp/memory_strategy.hpp:25[m[K,
                 from [01m[K/opt/ros/humble/include/rclcpp/rclcpp/memory_strategies.hpp:18[m[K,
                 from [01m[K/opt/ros/humble/include/rclcpp/rclcpp/executor_options.hpp:20[m[K,
                 from [01m[K/opt/ros/humble/include/rclcpp/rclcpp/executor.hpp:37[m[K,
                 from [01m[K/opt/ros/humble/include/rclcpp/rclcpp/executors/multi_threaded_executor.hpp:25[m[K,
                 from [01m[K/opt/ros/humble/include/rclcpp/rclcpp/executors.hpp:21[m[K,
                 from [01m[K/opt/ros/humble/include/rclcpp/rclcpp/rclcpp.hpp:155[m[K,
                 from [01m[K/home/ubuntu/Desktop/AK8064_ws_Jun/src/motor_driver/src/ControlMotor.cpp:1522[m[K:
[01m[K/home/ubuntu/Desktop/AK8064_ws_Jun/src/motor_driver/src/ControlMotor.cpp:1900:13:[m[K [01;31m[Kerror: [m[Ktemplate argument 1 is invalid
 1900 |             [01;31m[KRCLCPP_ERROR[m[K(get_logger(), "Motor 0x%02X: Disabled torque due to system error",
      |             [01;31m[K^~~~~~~~~~~~[m[K
[01m[K/home/ubuntu/Desktop/AK8064_ws_Jun/src/motor_driver/src/ControlMotor.cpp:1900:13:[m[K [01;31m[Kerror: [m[Ktemplate argument 1 is invalid
 1900 |             [01;31m[KRCLCPP_ERROR[m[K(get_logger(), "Motor 0x%02X: Disabled torque due to system error",
      |             [01;31m[K^~~~~~~~~~~~[m[K
[01m[K/home/ubuntu/Desktop/AK8064_ws_Jun/src/motor_driver/src/ControlMotor.cpp:1900:13:[m[K [01;31m[Kerror: [m[Ktemplate argument 1 is invalid
 1900 |             [01;31m[KRCLCPP_ERROR[m[K(get_logger(), "Motor 0x%02X: Disabled torque due to system error",
      |             [01;31m[K^~~~~~~~~~~~[m[K
[01m[K/home/ubuntu/Desktop/AK8064_ws_Jun/src/motor_driver/src/ControlMotor.cpp:1905:13:[m[K [01;31m[Kerror: [m[K‘[01m[Ksystem_error_publisher_[m[K’ was not declared in this scope
 1905 |             [01;31m[Ksystem_error_publisher_[m[K->publish(error_msg);
      |             [01;31m[K^~~~~~~~~~~~~~~~~~~~~~~[m[K
In file included from [01m[K/opt/ros/humble/include/rclcpp/rclcpp/client.hpp:40[m[K,
                 from [01m[K/opt/ros/humble/include/rclcpp/rclcpp/callback_group.hpp:24[m[K,
                 from [01m[K/opt/ros/humble/include/rclcpp/rclcpp/any_executable.hpp:20[m[K,
                 from [01m[K/opt/ros/humble/include/rclcpp/rclcpp/memory_strategy.hpp:25[m[K,
                 from [01m[K/opt/ros/humble/include/rclcpp/rclcpp/memory_strategies.hpp:18[m[K,
                 from [01m[K/opt/ros/humble/include/rclcpp/rclcpp/executor_options.hpp:20[m[K,
                 from [01m[K/opt/ros/humble/include/rclcpp/rclcpp/executor.hpp:37[m[K,
                 from [01m[K/opt/ros/humble/include/rclcpp/rclcpp/executors/multi_threaded_executor.hpp:25[m[K,
                 from [01m[K/opt/ros/humble/include/rclcpp/rclcpp/executors.hpp:21[m[K,
                 from [01m[K/opt/ros/humble/include/rclcpp/rclcpp/rclcpp.hpp:155[m[K,
                 from [01m[K/home/ubuntu/Desktop/AK8064_ws_Jun/src/motor_driver/src/ControlMotor.cpp:1522[m[K:
[01m[K/home/ubuntu/Desktop/AK8064_ws_Jun/src/motor_driver/src/ControlMotor.cpp:1907:26:[m[K [01;31m[Kerror: [m[K‘[01m[Kget_logger[m[K’ was not declared in this scope; did you mean ‘[01m[Krclcpp::get_logger[m[K’?
 1907 |             RCLCPP_ERROR([01;31m[Kget_logger[m[K(), "Motor 0x%02X: Failed to disable torque: %s",
      |                          [01;31m[K^~~~~~~~~~[m[K
In file included from [01m[K/opt/ros/humble/include/rclcpp/rclcpp/logging.hpp:23[m[K,
                 from [01m[K/opt/ros/humble/include/rclcpp/rclcpp/client.hpp:40[m[K,
                 from [01m[K/opt/ros/humble/include/rclcpp/rclcpp/callback_group.hpp:24[m[K,
                 from [01m[K/opt/ros/humble/include/rclcpp/rclcpp/any_executable.hpp:20[m[K,
                 from [01m[K/opt/ros/humble/include/rclcpp/rclcpp/memory_strategy.hpp:25[m[K,
                 from [01m[K/opt/ros/humble/include/rclcpp/rclcpp/memory_strategies.hpp:18[m[K,
                 from [01m[K/opt/ros/humble/include/rclcpp/rclcpp/executor_options.hpp:20[m[K,
                 from [01m[K/opt/ros/humble/include/rclcpp/rclcpp/executor.hpp:37[m[K,
                 from [01m[K/opt/ros/humble/include/rclcpp/rclcpp/executors/multi_threaded_executor.hpp:25[m[K,
                 from [01m[K/opt/ros/humble/include/rclcpp/rclcpp/executors.hpp:21[m[K,
                 from [01m[K/opt/ros/humble/include/rclcpp/rclcpp/rclcpp.hpp:155[m[K,
                 from [01m[K/home/ubuntu/Desktop/AK8064_ws_Jun/src/motor_driver/src/ControlMotor.cpp:1522[m[K:
[01m[K/opt/ros/humble/include/rclcpp/rclcpp/logger.hpp:106:17:[m[K [01;36m[Knote: [m[K‘[01m[Krclcpp::get_logger[m[K’ declared here
  106 |   friend Logger [01;36m[Krclcpp[m[K::get_logger(const std::string & name);
      |                 [01;36m[K^~~~~~[m[K
In file included from [01m[K/opt/ros/humble/include/rclcpp/rclcpp/client.hpp:40[m[K,
                 from [01m[K/opt/ros/humble/include/rclcpp/rclcpp/callback_group.hpp:24[m[K,
                 from [01m[K/opt/ros/humble/include/rclcpp/rclcpp/any_executable.hpp:20[m[K,
                 from [01m[K/opt/ros/humble/include/rclcpp/rclcpp/memory_strategy.hpp:25[m[K,
                 from [01m[K/opt/ros/humble/include/rclcpp/rclcpp/memory_strategies.hpp:18[m[K,
                 from [01m[K/opt/ros/humble/include/rclcpp/rclcpp/executor_options.hpp:20[m[K,
                 from [01m[K/opt/ros/humble/include/rclcpp/rclcpp/executor.hpp:37[m[K,
                 from [01m[K/opt/ros/humble/include/rclcpp/rclcpp/executors/multi_threaded_executor.hpp:25[m[K,
                 from [01m[K/opt/ros/humble/include/rclcpp/rclcpp/executors.hpp:21[m[K,
                 from [01m[K/opt/ros/humble/include/rclcpp/rclcpp/rclcpp.hpp:155[m[K,
                 from [01m[K/home/ubuntu/Desktop/AK8064_ws_Jun/src/motor_driver/src/ControlMotor.cpp:1522[m[K:
[01m[K/home/ubuntu/Desktop/AK8064_ws_Jun/src/motor_driver/src/ControlMotor.cpp:1907:13:[m[K [01;31m[Kerror: [m[Ktemplate argument 1 is invalid
 1907 |             [01;31m[KRCLCPP_ERROR[m[K(get_logger(), "Motor 0x%02X: Failed to disable torque: %s",
      |             [01;31m[K^~~~~~~~~~~~[m[K
[01m[K/home/ubuntu/Desktop/AK8064_ws_Jun/src/motor_driver/src/ControlMotor.cpp:1907:13:[m[K [01;31m[Kerror: [m[Ktemplate argument 1 is invalid
 1907 |             [01;31m[KRCLCPP_ERROR[m[K(get_logger(), "Motor 0x%02X: Failed to disable torque: %s",
      |             [01;31m[K^~~~~~~~~~~~[m[K
[01m[K/home/ubuntu/Desktop/AK8064_ws_Jun/src/motor_driver/src/ControlMotor.cpp:1907:13:[m[K [01;31m[Kerror: [m[Ktemplate argument 1 is invalid
 1907 |             [01;31m[KRCLCPP_ERROR[m[K(get_logger(), "Motor 0x%02X: Failed to disable torque: %s",
      |             [01;31m[K^~~~~~~~~~~~[m[K
In file included from [01m[K/opt/ros/humble/include/rclcpp/rclcpp/logging.hpp:24[m[K,
                 from [01m[K/opt/ros/humble/include/rclcpp/rclcpp/client.hpp:40[m[K,
                 from [01m[K/opt/ros/humble/include/rclcpp/rclcpp/callback_group.hpp:24[m[K,
                 from [01m[K/opt/ros/humble/include/rclcpp/rclcpp/any_executable.hpp:20[m[K,
                 from [01m[K/opt/ros/humble/include/rclcpp/rclcpp/memory_strategy.hpp:25[m[K,
                 from [01m[K/opt/ros/humble/include/rclcpp/rclcpp/memory_strategies.hpp:18[m[K,
                 from [01m[K/opt/ros/humble/include/rclcpp/rclcpp/executor_options.hpp:20[m[K,
                 from [01m[K/opt/ros/humble/include/rclcpp/rclcpp/executor.hpp:37[m[K,
                 from [01m[K/opt/ros/humble/include/rclcpp/rclcpp/executors/multi_threaded_executor.hpp:25[m[K,
                 from [01m[K/opt/ros/humble/include/rclcpp/rclcpp/executors.hpp:21[m[K,
                 from [01m[K/opt/ros/humble/include/rclcpp/rclcpp/rclcpp.hpp:155[m[K,
                 from [01m[K/home/ubuntu/Desktop/AK8064_ws_Jun/src/motor_driver/src/ControlMotor.cpp:1522[m[K:
[01m[K/home/ubuntu/Desktop/AK8064_ws_Jun/src/motor_driver/src/ControlMotor.cpp:1908:26:[m[K [01;31m[Kerror: [m[K‘[01m[Kcontroller[m[K’ was not declared in this scope; did you mean ‘[01m[Kcontrol[m[K’?
 1908 |                          [01;31m[Kcontroller[m[K->motorId(), e.what());
      |                          [01;31m[K^~~~~~~~~~[m[K
[01m[K/home/ubuntu/Desktop/AK8064_ws_Jun/src/motor_driver/src/ControlMotor.cpp:[m[K In lambda function:
[01m[K/home/ubuntu/Desktop/AK8064_ws_Jun/src/motor_driver/src/ControlMotor.cpp:2106:78:[m[K [01;31m[Kerror: [m[K‘[01m[Kbrake_current_[m[K’ was not declared in this scope
 2106 | nse << "Failed to apply brake with current " << [01;31m[Kbrake_current_[m[K;
      |                                                 [01;31m[K^~~~~~~~~~~~~~[m[K

[01m[K/home/ubuntu/Desktop/AK8064_ws_Jun/src/motor_driver/src/ControlMotor.cpp:[m[K In member function ‘[01m[Kvoid MotorControlNode::stopAllMotors()[m[K’:
[01m[K/home/ubuntu/Desktop/AK8064_ws_Jun/src/motor_driver/src/ControlMotor.cpp:2374:17:[m[K [01;31m[Kerror: [m[K‘[01m[Ksystem_error_publisher_[m[K’ was not declared in this scope
 2374 |                 [01;31m[Ksystem_error_publisher_[m[K->publish(error_msg);
      |                 [01;31m[K^~~~~~~~~~~~~~~~~~~~~~~[m[K
gmake[2]: *** [CMakeFiles/ControlMotor.dir/build.make:76: CMakeFiles/ControlMotor.dir/src/ControlMotor.cpp.o] Error 1
gmake[1]: *** [CMakeFiles/Makefile2:137: CMakeFiles/ControlMotor.dir/all] Error 2
gmake: *** [Makefile:146: all] Error 2
