[0.007s] Invoking command in '/home/ubuntu/Desktop/AK8064_ws_Jun/build/motor_driver': AMENT_PREFIX_PATH=/home/ubuntu/Desktop/AK8064_ws_Jun/install/can_interface:${AMENT_PREFIX_PATH} CMAKE_PREFIX_PATH=/home/ubuntu/Desktop/AK8064_ws_Jun/install/can_interface:/opt/ros/humble LD_LIBRARY_PATH=/home/ubuntu/Desktop/AK8064_ws_Jun/install/can_interface/lib:${LD_LIBRARY_PATH} /usr/bin/cmake --build /home/ubuntu/Desktop/AK8064_ws_Jun/build/motor_driver -- -j8 -l8
[0.040s] [35m[1mConsolidate compiler generated dependencies of target ControlMotor[0m
[0.055s] [ 50%] [32mBuilding CXX object CMakeFiles/ControlMotor.dir/src/ControlMotor.cpp.o[0m
[1.928s] In file included from [01m[K/opt/ros/humble/include/rclcpp/rclcpp/logging.hpp:24[m[K,
[1.928s]                  from [01m[K/opt/ros/humble/include/rclcpp/rclcpp/client.hpp:40[m[K,
[1.928s]                  from [01m[K/opt/ros/humble/include/rclcpp/rclcpp/callback_group.hpp:24[m[K,
[1.929s]                  from [01m[K/opt/ros/humble/include/rclcpp/rclcpp/any_executable.hpp:20[m[K,
[1.929s]                  from [01m[K/opt/ros/humble/include/rclcpp/rclcpp/memory_strategy.hpp:25[m[K,
[1.929s]                  from [01m[K/opt/ros/humble/include/rclcpp/rclcpp/memory_strategies.hpp:18[m[K,
[1.929s]                  from [01m[K/opt/ros/humble/include/rclcpp/rclcpp/executor_options.hpp:20[m[K,
[1.929s]                  from [01m[K/opt/ros/humble/include/rclcpp/rclcpp/executor.hpp:37[m[K,
[1.929s]                  from [01m[K/opt/ros/humble/include/rclcpp/rclcpp/executors/multi_threaded_executor.hpp:25[m[K,
[1.929s]                  from [01m[K/opt/ros/humble/include/rclcpp/rclcpp/executors.hpp:21[m[K,
[1.929s]                  from [01m[K/opt/ros/humble/include/rclcpp/rclcpp/rclcpp.hpp:155[m[K,
[1.929s]                  from [01m[K/home/ubuntu/Desktop/AK8064_ws_Jun/src/motor_driver/src/ControlMotor.cpp:1522[m[K:
[1.929s] [01m[K/home/ubuntu/Desktop/AK8064_ws_Jun/src/motor_driver/src/ControlMotor.cpp:[m[K In member function ‘[01m[Kvoid MotorController::handlePaused(const MotorData&)[m[K’:
[1.929s] [01m[K/home/ubuntu/Desktop/AK8064_ws_Jun/src/motor_driver/src/ControlMotor.cpp:1993:41:[m[K [01;31m[Kerror: [m[K‘[01m[Kresponse[m[K’ was not declared in this scope
[1.929s]  1993 |   RCLCPP_ERROR(logger_, "{}", [01;31m[Kresponse[m[K);
[1.929s]       |                               [01;31m[K^~~~~~~~[m[K
[1.929s] 
[1.929s] [01m[K/home/ubuntu/Desktop/AK8064_ws_Jun/src/motor_driver/src/ControlMotor.cpp:[m[K In member function ‘[01m[Kvoid MotorController::handleError(const MotorData&)[m[K’:
[1.929s] [01m[K/home/ubuntu/Desktop/AK8064_ws_Jun/src/motor_driver/src/ControlMotor.cpp:2004:22:[m[K [01;31m[Kerror: [m[Kno matching function for call to ‘[01m[KMotorController::handleStopped()[m[K’
[1.929s]  2004 |         [01;31m[KhandleStopped()[m[K;
[1.929s]       |         [01;31m[K~~~~~~~~~~~~~^~[m[K
[1.929s] [01m[K/home/ubuntu/Desktop/AK8064_ws_Jun/src/motor_driver/src/ControlMotor.cpp:1999:10:[m[K [01;36m[Knote: [m[Kcandidate: ‘[01m[Kvoid MotorController::handleStopped(const MotorData&)[m[K’
[1.929s]  1999 |     void [01;36m[KhandleStopped[m[K(const MotorData& data) {
[1.929s]       |          [01;36m[K^~~~~~~~~~~~~[m[K
[1.929s] [01m[K/home/ubuntu/Desktop/AK8064_ws_Jun/src/motor_driver/src/ControlMotor.cpp:1999:10:[m[K [01;36m[Knote: [m[K  candidate expects 1 argument, 0 provided
[1.929s] [01m[K/home/ubuntu/Desktop/AK8064_ws_Jun/src/motor_driver/src/ControlMotor.cpp:2011:25:[m[K [01;31m[Kerror: [m[Kno matching function for call to ‘[01m[KMotorController::handleHoming()[m[K’
[1.929s]  2011 |             [01;31m[KhandleHoming()[m[K;
[1.929s]       |             [01;31m[K~~~~~~~~~~~~^~[m[K
[1.929s] [01m[K/home/ubuntu/Desktop/AK8064_ws_Jun/src/motor_driver/src/ControlMotor.cpp:1923:10:[m[K [01;36m[Knote: [m[Kcandidate: ‘[01m[Kvoid MotorController::handleHoming(const MotorData&)[m[K’
[1.929s]  1923 |     void [01;36m[KhandleHoming[m[K(const MotorData& data) {
[1.930s]       |          [01;36m[K^~~~~~~~~~~~[m[K
[1.930s] [01m[K/home/ubuntu/Desktop/AK8064_ws_Jun/src/motor_driver/src/ControlMotor.cpp:1923:10:[m[K [01;36m[Knote: [m[K  candidate expects 1 argument, 0 provided
[4.441s] gmake[2]: *** [CMakeFiles/ControlMotor.dir/build.make:76: CMakeFiles/ControlMotor.dir/src/ControlMotor.cpp.o] Error 1
[4.441s] gmake[1]: *** [CMakeFiles/Makefile2:137: CMakeFiles/ControlMotor.dir/all] Error 2
[4.441s] gmake: *** [Makefile:146: all] Error 2
[4.443s] Invoked command in '/home/ubuntu/Desktop/AK8064_ws_Jun/build/motor_driver' returned '2': AMENT_PREFIX_PATH=/home/ubuntu/Desktop/AK8064_ws_Jun/install/can_interface:${AMENT_PREFIX_PATH} CMAKE_PREFIX_PATH=/home/ubuntu/Desktop/AK8064_ws_Jun/install/can_interface:/opt/ros/humble LD_LIBRARY_PATH=/home/ubuntu/Desktop/AK8064_ws_Jun/install/can_interface/lib:${LD_LIBRARY_PATH} /usr/bin/cmake --build /home/ubuntu/Desktop/AK8064_ws_Jun/build/motor_driver -- -j8 -l8
