[0.020s] Invoking command in '/home/ubuntu/Desktop/AK8064_ws_Jun/build/motor_driver': AMENT_PREFIX_PATH=/home/ubuntu/Desktop/AK8064_ws_Jun/install/can_interface:${AMENT_PREFIX_PATH} CMAKE_PREFIX_PATH=/home/ubuntu/Desktop/AK8064_ws_Jun/install/can_interface:/opt/ros/humble LD_LIBRARY_PATH=/home/ubuntu/Desktop/AK8064_ws_Jun/install/can_interface/lib:${LD_LIBRARY_PATH} /usr/bin/cmake --build /home/ubuntu/Desktop/AK8064_ws_Jun/build/motor_driver -- -j8 -l8
[0.106s] [35m[1mConsolidate compiler generated dependencies of target ControlMotor[0m
[0.146s] [ 50%] [32mBuilding CXX object CMakeFiles/ControlMotor.dir/src/ControlMotor.cpp.o[0m
[5.119s] [01m[K/home/ubuntu/Desktop/AK8064_ws_Jun/src/motor_driver/src/ControlMotor.cpp:[m[K In member function ‘[01m[Kvirtual void CANInterfaceWrapper::decodeMotorData(const std::vector<unsigned char, std::allocator<unsigned char> >&, float&, float&, float&, float&, int8_t&)[m[K’:
[5.119s] [01m[K/home/ubuntu/Desktop/AK8064_ws_Jun/src/motor_driver/src/ControlMotor.cpp:1062:51:[m[K [01;31m[Kerror: [m[Kcannot bind non-const lvalue reference of type ‘[01m[Kint8_t&[m[K’ {aka ‘[01m[Ksigned char&[m[K’} to a value of type ‘[01m[Kfloat[m[K’
[5.119s]  1062 |         can_.decodeMotorData(data, pos, vel, cur, [01;31m[Ktemp[m[K, err);
[5.119s]       |                                                   [01;31m[K^~~~[m[K
[5.129s] In file included from [01m[K/home/ubuntu/Desktop/AK8064_ws_Jun/src/motor_driver/src/ControlMotor.cpp:985[m[K:
[5.129s] [01m[K/home/ubuntu/Desktop/AK8064_ws_Jun/install/can_interface/include/can_interface/caninterface.hpp:31:122:[m[K [01;36m[Knote: [m[K  initializing argument 5 of ‘[01m[Kvoid CANInterface::decodeMotorData(const std::vector<unsigned char, std::allocator<unsigned char> >&, float&, float&, float&, int8_t&, int8_t&)[m[K’
[5.129s]    31 | oat& motor_pos, float& motor_spd, float& motor_cur, [01;36m[Kint8_t& motor_temp[m[K, int8_t& motor_error);
[5.129s]       |                                                     [01;36m[K~~~~~~~~^~~~~~~~~~[m[K
[5.130s] 
[5.131s] In file included from [01m[K/opt/ros/humble/include/rclcpp/rclcpp/logging.hpp:24[m[K,
[5.131s]                  from [01m[K/opt/ros/humble/include/rclcpp/rclcpp/client.hpp:40[m[K,
[5.131s]                  from [01m[K/opt/ros/humble/include/rclcpp/rclcpp/callback_group.hpp:24[m[K,
[5.132s]                  from [01m[K/opt/ros/humble/include/rclcpp/rclcpp/any_executable.hpp:20[m[K,
[5.132s]                  from [01m[K/opt/ros/humble/include/rclcpp/rclcpp/memory_strategy.hpp:25[m[K,
[5.132s]                  from [01m[K/opt/ros/humble/include/rclcpp/rclcpp/memory_strategies.hpp:18[m[K,
[5.132s]                  from [01m[K/opt/ros/humble/include/rclcpp/rclcpp/executor_options.hpp:20[m[K,
[5.132s]                  from [01m[K/opt/ros/humble/include/rclcpp/rclcpp/executor.hpp:37[m[K,
[5.132s]                  from [01m[K/opt/ros/humble/include/rclcpp/rclcpp/executors/multi_threaded_executor.hpp:25[m[K,
[5.132s]                  from [01m[K/opt/ros/humble/include/rclcpp/rclcpp/executors.hpp:21[m[K,
[5.132s]                  from [01m[K/opt/ros/humble/include/rclcpp/rclcpp/rclcpp.hpp:155[m[K,
[5.132s]                  from [01m[K/home/ubuntu/Desktop/AK8064_ws_Jun/src/motor_driver/src/ControlMotor.cpp:972[m[K:
[5.133s] [01m[K/home/ubuntu/Desktop/AK8064_ws_Jun/src/motor_driver/src/ControlMotor.cpp:[m[K In member function ‘[01m[Kbool SafetyChecker::check(const MotorData&, const rclcpp::Logger&) const[m[K’:
[5.133s] [01m[K/home/ubuntu/Desktop/AK8064_ws_Jun/src/motor_driver/src/ControlMotor.cpp:1100:34:[m[K [01;35m[Kwarning: [m[Kformat ‘[01m[K%d[m[K’ expects argument of type ‘[01m[Kint[m[K’, but argument 5 has type ‘[01m[Kdouble[m[K’ [[01;35m[K]8;;https://gcc.gnu.org/onlinedocs/gcc/Warning-Options.html#index-Wformat=-Wformat=]8;;[m[K]
[5.133s]  1100 |             RCLCPP_ERROR(logger, [01;35m[K"Motor issue! Temp: %d°C, Error: %d"[m[K, [32m[Kdata.temperature[m[K, data.error);
[5.133s]       |                                  [01;35m[K^~~~~~~~~~~~~~~~~~~~~~~~~~~~~~~~~~~~[m[K  [32m[K~~~~~~~~~~~~~~~~[m[K
[5.133s]       |                                                                             [32m[K|[m[K
[5.133s]       |                                                                             [32m[Kdouble[m[K
[5.133s] [01m[K/home/ubuntu/Desktop/AK8064_ws_Jun/src/motor_driver/src/ControlMotor.cpp:1100:55:[m[K [01;36m[Knote: [m[Kformat string is defined here
[5.133s]  1100 |             RCLCPP_ERROR(logger, "Motor issue! Temp: [01;36m[K%d[m[K°C, Error: %d", data.temperature, data.error);
[5.133s]       |                                                      [01;36m[K~^[m[K
[5.134s]       |                                                       [01;36m[K|[m[K
[5.134s]       |                                                       [01;36m[Kint[m[K
[5.134s]       |                                                      [32m[K%f[m[K
[11.386s] gmake[2]: *** [CMakeFiles/ControlMotor.dir/build.make:76: CMakeFiles/ControlMotor.dir/src/ControlMotor.cpp.o] Error 1
[11.386s] gmake[1]: *** [CMakeFiles/Makefile2:137: CMakeFiles/ControlMotor.dir/all] Error 2
[11.387s] gmake: *** [Makefile:146: all] Error 2
[11.390s] Invoked command in '/home/ubuntu/Desktop/AK8064_ws_Jun/build/motor_driver' returned '2': AMENT_PREFIX_PATH=/home/ubuntu/Desktop/AK8064_ws_Jun/install/can_interface:${AMENT_PREFIX_PATH} CMAKE_PREFIX_PATH=/home/ubuntu/Desktop/AK8064_ws_Jun/install/can_interface:/opt/ros/humble LD_LIBRARY_PATH=/home/ubuntu/Desktop/AK8064_ws_Jun/install/can_interface/lib:${LD_LIBRARY_PATH} /usr/bin/cmake --build /home/ubuntu/Desktop/AK8064_ws_Jun/build/motor_driver -- -j8 -l8
