[01m[K/home/ubuntu/Desktop/AK8064_ws_Jun/src/motor_driver/src/ControlMotor.cpp:1509:22:[m[K [01;31m[Kerror: [m[K‘[01m[Krclcpp[m[K’ is not a member of ‘[01m[Kstd[m[K’; did you mean ‘[01m[Krclcpp[m[K’?
 1509 |     std::vector<std::[01;31m[Krclcpp[m[K::Service<rcl_interfaces::srv::SetParameters>::SharedPtr> services_;
      |                      [01;31m[K^~~~~~[m[K
In file included from [01m[K/opt/ros/humble/include/rclcpp/rclcpp/context.hpp:34[m[K,
                 from [01m[K/opt/ros/humble/include/rclcpp/rclcpp/executor.hpp:34[m[K,
                 from [01m[K/opt/ros/humble/include/rclcpp/rclcpp/executors/multi_threaded_executor.hpp:25[m[K,
                 from [01m[K/opt/ros/humble/include/rclcpp/rclcpp/executors.hpp:21[m[K,
                 from [01m[K/opt/ros/humble/include/rclcpp/rclcpp/rclcpp.hpp:155[m[K,
                 from [01m[K/home/ubuntu/Desktop/AK8064_ws_Jun/src/motor_driver/src/ControlMotor.cpp:725[m[K:
[01m[K/opt/ros/humble/include/rclcpp/rclcpp/init_options.hpp:24:11:[m[K [01;36m[Knote: [m[K‘[01m[Krclcpp[m[K’ declared here
   24 | namespace [01;36m[Krclcpp[m[K
      |           [01;36m[K^~~~~~[m[K
[01m[K/home/ubuntu/Desktop/AK8064_ws_Jun/src/motor_driver/src/ControlMotor.cpp:1509:84:[m[K [01;31m[Kerror: [m[Ktemplate argument 1 is invalid
 1509 | lcpp::Service<rcl_interfaces::srv::SetParameters>::SharedPtr[01;31m[K>[m[K services_;
      |                                                             [01;31m[K^[m[K

[01m[K/home/ubuntu/Desktop/AK8064_ws_Jun/src/motor_driver/src/ControlMotor.cpp:1509:84:[m[K [01;31m[Kerror: [m[Ktemplate argument 2 is invalid
[01m[K/home/ubuntu/Desktop/AK8064_ws_Jun/src/motor_driver/src/ControlMotor.cpp:[m[K In constructor ‘[01m[KMotorControlNode::MotorControlNode()[m[K’:
[01m[K/home/ubuntu/Desktop/AK8064_ws_Jun/src/motor_driver/src/ControlMotor.cpp:1429:19:[m[K [01;31m[Kerror: [m[Krequest for member ‘[01m[Kpush_back[m[K’ in ‘[01m[K((MotorControlNode*)this)->MotorControlNode::services_[m[K’, which is of non-class type ‘[01m[Kint[m[K’
 1429 |         services_.[01;31m[Kpush_back[m[K(create_service<rcl_interfaces::srv::SetParameters>(
      |                   [01;31m[K^~~~~~~~~[m[K
[01m[K/home/ubuntu/Desktop/AK8064_ws_Jun/src/motor_driver/src/ControlMotor.cpp:1433:19:[m[K [01;31m[Kerror: [m[Krequest for member ‘[01m[Kpush_back[m[K’ in ‘[01m[K((MotorControlNode*)this)->MotorControlNode::services_[m[K’, which is of non-class type ‘[01m[Kint[m[K’
 1433 |         services_.[01;31m[Kpush_back[m[K(create_service<rcl_interfaces::srv::SetParameters>(
      |                   [01;31m[K^~~~~~~~~[m[K
[01m[K/home/ubuntu/Desktop/AK8064_ws_Jun/src/motor_driver/src/ControlMotor.cpp:[m[K In member function ‘[01m[Kvoid MotorControlNode::controlLoop()[m[K’:
[01m[K/home/ubuntu/Desktop/AK8064_ws_Jun/src/motor_driver/src/ControlMotor.cpp:1464:59:[m[K [01;31m[Kerror: [m[K‘[01m[KVELOCITY_CONVERSION_FACTOR[m[K’ is not a member of ‘[01m[KMotorController[m[K’
 1464 |                         data.velocity *= MotorController::[01;31m[KVELOCITY_CONVERSION_FACTOR[m[K;
      |                                                           [01;31m[K^~~~~~~~~~~~~~~~~~~~~~~~~~[m[K
gmake[2]: *** [CMakeFiles/ControlMotor.dir/build.make:76: CMakeFiles/ControlMotor.dir/src/ControlMotor.cpp.o] Error 1
gmake[1]: *** [CMakeFiles/Makefile2:137: CMakeFiles/ControlMotor.dir/all] Error 2
gmake: *** [Makefile:146: all] Error 2
