[0.242s] DEBUG:colcon:Command line arguments: ['/usr/bin/colcon', 'build']
[0.242s] DEBUG:colcon:Parsed command line arguments: Namespace(log_base=None, log_level=None, verb_name='build', build_base='build', install_base='install', merge_install=False, symlink_install=False, test_result_base=None, continue_on_error=False, executor='parallel', parallel_workers=8, event_handlers=None, ignore_user_meta=False, metas=['./colcon.meta'], base_paths=['.'], packages_ignore=None, packages_ignore_regex=None, paths=None, packages_up_to=None, packages_up_to_regex=None, packages_above=None, packages_above_and_dependencies=None, packages_above_depth=None, packages_select_by_dep=None, packages_skip_by_dep=None, packages_skip_up_to=None, packages_select_build_failed=False, packages_skip_build_finished=False, packages_select_test_failures=False, packages_skip_test_passed=False, packages_select=None, packages_skip=None, packages_select_regex=None, packages_skip_regex=None, packages_start=None, packages_end=None, allow_overriding=[], cmake_args=None, cmake_target=None, cmake_target_skip_unavailable=False, cmake_clean_cache=False, cmake_clean_first=False, cmake_force_configure=False, ament_cmake_args=None, catkin_cmake_args=None, catkin_skip_building_tests=False, mixin_files=None, mixin=None, verb_parser=<colcon_mixin.mixin.mixin_argument.MixinArgumentDecorator object at 0x768d6cd906d0>, verb_extension=<colcon_core.verb.build.BuildVerb object at 0x768d6cd90190>, main=<bound method BuildVerb.main of <colcon_core.verb.build.BuildVerb object at 0x768d6cd90190>>, mixin_verb=('build',))
[0.372s] Level 1:colcon.colcon_core.package_discovery:discover_packages(colcon_meta) check parameters
[0.372s] Level 1:colcon.colcon_core.package_discovery:discover_packages(recursive) check parameters
[0.372s] Level 1:colcon.colcon_core.package_discovery:discover_packages(ignore) check parameters
[0.372s] Level 1:colcon.colcon_core.package_discovery:discover_packages(path) check parameters
[0.372s] Level 1:colcon.colcon_core.package_discovery:discover_packages(colcon_meta) discover
[0.372s] Level 1:colcon.colcon_core.package_discovery:discover_packages(recursive) discover
[0.373s] INFO:colcon.colcon_core.package_discovery:Crawling recursively for packages in '/home/ubuntu/Desktop/AK8064_ws_Jun'
[0.373s] Level 1:colcon.colcon_core.package_identification:_identify(.) by extensions ['ignore', 'ignore_ament_install']
[0.373s] Level 1:colcon.colcon_core.package_identification:_identify(.) by extension 'ignore'
[0.373s] Level 1:colcon.colcon_core.package_identification:_identify(.) by extension 'ignore_ament_install'
[0.373s] Level 1:colcon.colcon_core.package_identification:_identify(.) by extensions ['colcon_pkg']
[0.373s] Level 1:colcon.colcon_core.package_identification:_identify(.) by extension 'colcon_pkg'
[0.373s] Level 1:colcon.colcon_core.package_identification:_identify(.) by extensions ['colcon_meta']
[0.373s] Level 1:colcon.colcon_core.package_identification:_identify(.) by extension 'colcon_meta'
[0.373s] Level 1:colcon.colcon_core.package_identification:_identify(.) by extensions ['ros']
[0.373s] Level 1:colcon.colcon_core.package_identification:_identify(.) by extension 'ros'
[0.406s] Level 1:colcon.colcon_core.package_identification:_identify(.) by extensions ['cmake', 'python']
[0.406s] Level 1:colcon.colcon_core.package_identification:_identify(.) by extension 'cmake'
[0.406s] Level 1:colcon.colcon_core.package_identification:_identify(.) by extension 'python'
[0.406s] Level 1:colcon.colcon_core.package_identification:_identify(.) by extensions ['python_setup_py']
[0.406s] Level 1:colcon.colcon_core.package_identification:_identify(.) by extension 'python_setup_py'
[0.407s] Level 1:colcon.colcon_core.package_identification:_identify(build) by extensions ['ignore', 'ignore_ament_install']
[0.407s] Level 1:colcon.colcon_core.package_identification:_identify(build) by extension 'ignore'
[0.407s] Level 1:colcon.colcon_core.package_identification:_identify(build) ignored
[0.407s] Level 1:colcon.colcon_core.package_identification:_identify(install) by extensions ['ignore', 'ignore_ament_install']
[0.407s] Level 1:colcon.colcon_core.package_identification:_identify(install) by extension 'ignore'
[0.407s] Level 1:colcon.colcon_core.package_identification:_identify(install) ignored
[0.408s] Level 1:colcon.colcon_core.package_identification:_identify(log) by extensions ['ignore', 'ignore_ament_install']
[0.408s] Level 1:colcon.colcon_core.package_identification:_identify(log) by extension 'ignore'
[0.408s] Level 1:colcon.colcon_core.package_identification:_identify(log) ignored
[0.408s] Level 1:colcon.colcon_core.package_identification:_identify(src) by extensions ['ignore', 'ignore_ament_install']
[0.408s] Level 1:colcon.colcon_core.package_identification:_identify(src) by extension 'ignore'
[0.408s] Level 1:colcon.colcon_core.package_identification:_identify(src) by extension 'ignore_ament_install'
[0.408s] Level 1:colcon.colcon_core.package_identification:_identify(src) by extensions ['colcon_pkg']
[0.408s] Level 1:colcon.colcon_core.package_identification:_identify(src) by extension 'colcon_pkg'
[0.409s] Level 1:colcon.colcon_core.package_identification:_identify(src) by extensions ['colcon_meta']
[0.409s] Level 1:colcon.colcon_core.package_identification:_identify(src) by extension 'colcon_meta'
[0.409s] Level 1:colcon.colcon_core.package_identification:_identify(src) by extensions ['ros']
[0.409s] Level 1:colcon.colcon_core.package_identification:_identify(src) by extension 'ros'
[0.409s] Level 1:colcon.colcon_core.package_identification:_identify(src) by extensions ['cmake', 'python']
[0.409s] Level 1:colcon.colcon_core.package_identification:_identify(src) by extension 'cmake'
[0.409s] Level 1:colcon.colcon_core.package_identification:_identify(src) by extension 'python'
[0.409s] Level 1:colcon.colcon_core.package_identification:_identify(src) by extensions ['python_setup_py']
[0.409s] Level 1:colcon.colcon_core.package_identification:_identify(src) by extension 'python_setup_py'
[0.409s] Level 1:colcon.colcon_core.package_identification:_identify(src/can_interface) by extensions ['ignore', 'ignore_ament_install']
[0.409s] Level 1:colcon.colcon_core.package_identification:_identify(src/can_interface) by extension 'ignore'
[0.410s] Level 1:colcon.colcon_core.package_identification:_identify(src/can_interface) by extension 'ignore_ament_install'
[0.410s] Level 1:colcon.colcon_core.package_identification:_identify(src/can_interface) by extensions ['colcon_pkg']
[0.410s] Level 1:colcon.colcon_core.package_identification:_identify(src/can_interface) by extension 'colcon_pkg'
[0.410s] Level 1:colcon.colcon_core.package_identification:_identify(src/can_interface) by extensions ['colcon_meta']
[0.410s] Level 1:colcon.colcon_core.package_identification:_identify(src/can_interface) by extension 'colcon_meta'
[0.410s] Level 1:colcon.colcon_core.package_identification:_identify(src/can_interface) by extensions ['ros']
[0.410s] Level 1:colcon.colcon_core.package_identification:_identify(src/can_interface) by extension 'ros'
[0.415s] DEBUG:colcon.colcon_core.package_identification:Package 'src/can_interface' with type 'ros.ament_cmake' and name 'can_interface'
[0.415s] Level 1:colcon.colcon_core.package_identification:_identify(src/motor_driver) by extensions ['ignore', 'ignore_ament_install']
[0.415s] Level 1:colcon.colcon_core.package_identification:_identify(src/motor_driver) by extension 'ignore'
[0.415s] Level 1:colcon.colcon_core.package_identification:_identify(src/motor_driver) by extension 'ignore_ament_install'
[0.416s] Level 1:colcon.colcon_core.package_identification:_identify(src/motor_driver) by extensions ['colcon_pkg']
[0.416s] Level 1:colcon.colcon_core.package_identification:_identify(src/motor_driver) by extension 'colcon_pkg'
[0.416s] Level 1:colcon.colcon_core.package_identification:_identify(src/motor_driver) by extensions ['colcon_meta']
[0.416s] Level 1:colcon.colcon_core.package_identification:_identify(src/motor_driver) by extension 'colcon_meta'
[0.416s] Level 1:colcon.colcon_core.package_identification:_identify(src/motor_driver) by extensions ['ros']
[0.416s] Level 1:colcon.colcon_core.package_identification:_identify(src/motor_driver) by extension 'ros'
[0.419s] DEBUG:colcon.colcon_core.package_identification:Package 'src/motor_driver' with type 'ros.ament_cmake' and name 'motor_driver'
[0.419s] Level 1:colcon.colcon_core.package_discovery:discover_packages(recursive) using defaults
[0.419s] Level 1:colcon.colcon_core.package_discovery:discover_packages(ignore) discover
[0.419s] Level 1:colcon.colcon_core.package_discovery:discover_packages(ignore) using defaults
[0.419s] Level 1:colcon.colcon_core.package_discovery:discover_packages(path) discover
[0.419s] Level 1:colcon.colcon_core.package_discovery:discover_packages(path) using defaults
[0.463s] Level 1:colcon.colcon_core.package_discovery:discover_packages(prefix_path) check parameters
[0.463s] Level 1:colcon.colcon_core.package_discovery:discover_packages(prefix_path) discover
[0.467s] DEBUG:colcon.colcon_installed_package_information.package_discovery:Found 2 installed packages in /home/ubuntu/Desktop/AK8064_ws_Jun/install
[0.470s] DEBUG:colcon.colcon_installed_package_information.package_discovery:Found 352 installed packages in /opt/ros/humble
[0.476s] Level 1:colcon.colcon_core.package_discovery:discover_packages(prefix_path) using defaults
[0.596s] Level 5:colcon.colcon_core.verb:set package 'can_interface' build argument 'cmake_args' from command line to 'None'
[0.596s] Level 5:colcon.colcon_core.verb:set package 'can_interface' build argument 'cmake_target' from command line to 'None'
[0.596s] Level 5:colcon.colcon_core.verb:set package 'can_interface' build argument 'cmake_target_skip_unavailable' from command line to 'False'
[0.596s] Level 5:colcon.colcon_core.verb:set package 'can_interface' build argument 'cmake_clean_cache' from command line to 'False'
[0.596s] Level 5:colcon.colcon_core.verb:set package 'can_interface' build argument 'cmake_clean_first' from command line to 'False'
[0.596s] Level 5:colcon.colcon_core.verb:set package 'can_interface' build argument 'cmake_force_configure' from command line to 'False'
[0.596s] Level 5:colcon.colcon_core.verb:set package 'can_interface' build argument 'ament_cmake_args' from command line to 'None'
[0.596s] Level 5:colcon.colcon_core.verb:set package 'can_interface' build argument 'catkin_cmake_args' from command line to 'None'
[0.596s] Level 5:colcon.colcon_core.verb:set package 'can_interface' build argument 'catkin_skip_building_tests' from command line to 'False'
[0.596s] DEBUG:colcon.colcon_core.verb:Building package 'can_interface' with the following arguments: {'ament_cmake_args': None, 'build_base': '/home/ubuntu/Desktop/AK8064_ws_Jun/build/can_interface', 'catkin_cmake_args': None, 'catkin_skip_building_tests': False, 'cmake_args': None, 'cmake_clean_cache': False, 'cmake_clean_first': False, 'cmake_force_configure': False, 'cmake_target': None, 'cmake_target_skip_unavailable': False, 'install_base': '/home/ubuntu/Desktop/AK8064_ws_Jun/install/can_interface', 'merge_install': False, 'path': '/home/ubuntu/Desktop/AK8064_ws_Jun/src/can_interface', 'symlink_install': False, 'test_result_base': None}
[0.597s] Level 5:colcon.colcon_core.verb:set package 'motor_driver' build argument 'cmake_args' from command line to 'None'
[0.597s] Level 5:colcon.colcon_core.verb:set package 'motor_driver' build argument 'cmake_target' from command line to 'None'
[0.597s] Level 5:colcon.colcon_core.verb:set package 'motor_driver' build argument 'cmake_target_skip_unavailable' from command line to 'False'
[0.597s] Level 5:colcon.colcon_core.verb:set package 'motor_driver' build argument 'cmake_clean_cache' from command line to 'False'
[0.597s] Level 5:colcon.colcon_core.verb:set package 'motor_driver' build argument 'cmake_clean_first' from command line to 'False'
[0.597s] Level 5:colcon.colcon_core.verb:set package 'motor_driver' build argument 'cmake_force_configure' from command line to 'False'
[0.597s] Level 5:colcon.colcon_core.verb:set package 'motor_driver' build argument 'ament_cmake_args' from command line to 'None'
[0.597s] Level 5:colcon.colcon_core.verb:set package 'motor_driver' build argument 'catkin_cmake_args' from command line to 'None'
[0.597s] Level 5:colcon.colcon_core.verb:set package 'motor_driver' build argument 'catkin_skip_building_tests' from command line to 'False'
[0.598s] DEBUG:colcon.colcon_core.verb:Building package 'motor_driver' with the following arguments: {'ament_cmake_args': None, 'build_base': '/home/ubuntu/Desktop/AK8064_ws_Jun/build/motor_driver', 'catkin_cmake_args': None, 'catkin_skip_building_tests': False, 'cmake_args': None, 'cmake_clean_cache': False, 'cmake_clean_first': False, 'cmake_force_configure': False, 'cmake_target': None, 'cmake_target_skip_unavailable': False, 'install_base': '/home/ubuntu/Desktop/AK8064_ws_Jun/install/motor_driver', 'merge_install': False, 'path': '/home/ubuntu/Desktop/AK8064_ws_Jun/src/motor_driver', 'symlink_install': False, 'test_result_base': None}
[0.598s] INFO:colcon.colcon_core.executor:Executing jobs using 'parallel' executor
[0.600s] DEBUG:colcon.colcon_parallel_executor.executor.parallel:run_until_complete
[0.601s] INFO:colcon.colcon_ros.task.ament_cmake.build:Building ROS package in '/home/ubuntu/Desktop/AK8064_ws_Jun/src/can_interface' with build type 'ament_cmake'
[0.601s] INFO:colcon.colcon_cmake.task.cmake.build:Building CMake package in '/home/ubuntu/Desktop/AK8064_ws_Jun/src/can_interface'
[0.606s] INFO:colcon.colcon_core.plugin_system:Skipping extension 'colcon_core.shell.bat': Not used on non-Windows systems
[0.606s] INFO:colcon.colcon_core.shell:Skip shell extension 'powershell' for command environment: Not usable outside of PowerShell
[0.607s] DEBUG:colcon.colcon_core.shell:Skip shell extension 'dsv' for command environment
[0.637s] DEBUG:colcon.colcon_core.event_handler.log_command:Invoking command in '/home/ubuntu/Desktop/AK8064_ws_Jun/build/can_interface': CMAKE_PREFIX_PATH=${CMAKE_PREFIX_PATH}:/opt/ros/humble /usr/bin/cmake --build /home/ubuntu/Desktop/AK8064_ws_Jun/build/can_interface -- -j8 -l8
[0.754s] DEBUG:colcon.colcon_core.event_handler.log_command:Invoked command in '/home/ubuntu/Desktop/AK8064_ws_Jun/build/can_interface' returned '0': CMAKE_PREFIX_PATH=${CMAKE_PREFIX_PATH}:/opt/ros/humble /usr/bin/cmake --build /home/ubuntu/Desktop/AK8064_ws_Jun/build/can_interface -- -j8 -l8
[0.773s] DEBUG:colcon.colcon_core.event_handler.log_command:Invoking command in '/home/ubuntu/Desktop/AK8064_ws_Jun/build/can_interface': CMAKE_PREFIX_PATH=${CMAKE_PREFIX_PATH}:/opt/ros/humble /usr/bin/cmake --install /home/ubuntu/Desktop/AK8064_ws_Jun/build/can_interface
[0.800s] Level 1:colcon.colcon_core.environment:create_environment_scripts_only(can_interface)
[0.801s] DEBUG:colcon.colcon_core.event_handler.log_command:Invoked command in '/home/ubuntu/Desktop/AK8064_ws_Jun/build/can_interface' returned '0': CMAKE_PREFIX_PATH=${CMAKE_PREFIX_PATH}:/opt/ros/humble /usr/bin/cmake --install /home/ubuntu/Desktop/AK8064_ws_Jun/build/can_interface
[0.808s] Level 1:colcon.colcon_core.environment:checking '/home/ubuntu/Desktop/AK8064_ws_Jun/install/can_interface' for CMake module files
[0.810s] Level 1:colcon.colcon_core.environment:checking '/home/ubuntu/Desktop/AK8064_ws_Jun/install/can_interface' for CMake config files
[0.810s] Level 1:colcon.colcon_core.shell:create_environment_hook('can_interface', 'cmake_prefix_path')
[0.811s] INFO:colcon.colcon_core.shell:Creating environment hook '/home/ubuntu/Desktop/AK8064_ws_Jun/install/can_interface/share/can_interface/hook/cmake_prefix_path.ps1'
[0.813s] INFO:colcon.colcon_core.shell:Creating environment descriptor '/home/ubuntu/Desktop/AK8064_ws_Jun/install/can_interface/share/can_interface/hook/cmake_prefix_path.dsv'
[0.814s] INFO:colcon.colcon_core.shell:Creating environment hook '/home/ubuntu/Desktop/AK8064_ws_Jun/install/can_interface/share/can_interface/hook/cmake_prefix_path.sh'
[0.817s] Level 1:colcon.colcon_core.environment:checking '/home/ubuntu/Desktop/AK8064_ws_Jun/install/can_interface/lib'
[0.818s] Level 1:colcon.colcon_core.shell:create_environment_hook('can_interface', 'ld_library_path_lib')
[0.818s] INFO:colcon.colcon_core.shell:Creating environment hook '/home/ubuntu/Desktop/AK8064_ws_Jun/install/can_interface/share/can_interface/hook/ld_library_path_lib.ps1'
[0.820s] INFO:colcon.colcon_core.shell:Creating environment descriptor '/home/ubuntu/Desktop/AK8064_ws_Jun/install/can_interface/share/can_interface/hook/ld_library_path_lib.dsv'
[0.821s] INFO:colcon.colcon_core.shell:Creating environment hook '/home/ubuntu/Desktop/AK8064_ws_Jun/install/can_interface/share/can_interface/hook/ld_library_path_lib.sh'
[0.822s] Level 1:colcon.colcon_core.environment:checking '/home/ubuntu/Desktop/AK8064_ws_Jun/install/can_interface/bin'
[0.822s] Level 1:colcon.colcon_core.environment:checking '/home/ubuntu/Desktop/AK8064_ws_Jun/install/can_interface/lib/pkgconfig/can_interface.pc'
[0.823s] Level 1:colcon.colcon_core.environment:checking '/home/ubuntu/Desktop/AK8064_ws_Jun/install/can_interface/lib/python3.10/site-packages'
[0.823s] Level 1:colcon.colcon_core.environment:checking '/home/ubuntu/Desktop/AK8064_ws_Jun/install/can_interface/bin'
[0.825s] INFO:colcon.colcon_core.shell:Creating package script '/home/ubuntu/Desktop/AK8064_ws_Jun/install/can_interface/share/can_interface/package.ps1'
[0.827s] INFO:colcon.colcon_core.shell:Creating package descriptor '/home/ubuntu/Desktop/AK8064_ws_Jun/install/can_interface/share/can_interface/package.dsv'
[0.829s] INFO:colcon.colcon_core.shell:Creating package script '/home/ubuntu/Desktop/AK8064_ws_Jun/install/can_interface/share/can_interface/package.sh'
[0.832s] INFO:colcon.colcon_core.shell:Creating package script '/home/ubuntu/Desktop/AK8064_ws_Jun/install/can_interface/share/can_interface/package.bash'
[0.834s] INFO:colcon.colcon_core.shell:Creating package script '/home/ubuntu/Desktop/AK8064_ws_Jun/install/can_interface/share/can_interface/package.zsh'
[0.837s] Level 1:colcon.colcon_core.environment:create_file_with_runtime_dependencies(/home/ubuntu/Desktop/AK8064_ws_Jun/install/can_interface/share/colcon-core/packages/can_interface)
[0.838s] Level 1:colcon.colcon_core.environment:create_environment_scripts_only(can_interface)
[0.839s] Level 1:colcon.colcon_core.environment:checking '/home/ubuntu/Desktop/AK8064_ws_Jun/install/can_interface' for CMake module files
[0.840s] Level 1:colcon.colcon_core.environment:checking '/home/ubuntu/Desktop/AK8064_ws_Jun/install/can_interface' for CMake config files
[0.841s] Level 1:colcon.colcon_core.shell:create_environment_hook('can_interface', 'cmake_prefix_path')
[0.841s] INFO:colcon.colcon_core.shell:Creating environment hook '/home/ubuntu/Desktop/AK8064_ws_Jun/install/can_interface/share/can_interface/hook/cmake_prefix_path.ps1'
[0.842s] INFO:colcon.colcon_core.shell:Creating environment descriptor '/home/ubuntu/Desktop/AK8064_ws_Jun/install/can_interface/share/can_interface/hook/cmake_prefix_path.dsv'
[0.843s] INFO:colcon.colcon_core.shell:Creating environment hook '/home/ubuntu/Desktop/AK8064_ws_Jun/install/can_interface/share/can_interface/hook/cmake_prefix_path.sh'
[0.844s] Level 1:colcon.colcon_core.environment:checking '/home/ubuntu/Desktop/AK8064_ws_Jun/install/can_interface/lib'
[0.844s] Level 1:colcon.colcon_core.shell:create_environment_hook('can_interface', 'ld_library_path_lib')
[0.844s] INFO:colcon.colcon_core.shell:Creating environment hook '/home/ubuntu/Desktop/AK8064_ws_Jun/install/can_interface/share/can_interface/hook/ld_library_path_lib.ps1'
[0.845s] INFO:colcon.colcon_core.shell:Creating environment descriptor '/home/ubuntu/Desktop/AK8064_ws_Jun/install/can_interface/share/can_interface/hook/ld_library_path_lib.dsv'
[0.846s] INFO:colcon.colcon_core.shell:Creating environment hook '/home/ubuntu/Desktop/AK8064_ws_Jun/install/can_interface/share/can_interface/hook/ld_library_path_lib.sh'
[0.846s] Level 1:colcon.colcon_core.environment:checking '/home/ubuntu/Desktop/AK8064_ws_Jun/install/can_interface/bin'
[0.846s] Level 1:colcon.colcon_core.environment:checking '/home/ubuntu/Desktop/AK8064_ws_Jun/install/can_interface/lib/pkgconfig/can_interface.pc'
[0.847s] Level 1:colcon.colcon_core.environment:checking '/home/ubuntu/Desktop/AK8064_ws_Jun/install/can_interface/lib/python3.10/site-packages'
[0.848s] Level 1:colcon.colcon_core.environment:checking '/home/ubuntu/Desktop/AK8064_ws_Jun/install/can_interface/bin'
[0.848s] INFO:colcon.colcon_core.shell:Creating package script '/home/ubuntu/Desktop/AK8064_ws_Jun/install/can_interface/share/can_interface/package.ps1'
[0.850s] INFO:colcon.colcon_core.shell:Creating package descriptor '/home/ubuntu/Desktop/AK8064_ws_Jun/install/can_interface/share/can_interface/package.dsv'
[0.851s] INFO:colcon.colcon_core.shell:Creating package script '/home/ubuntu/Desktop/AK8064_ws_Jun/install/can_interface/share/can_interface/package.sh'
[0.852s] INFO:colcon.colcon_core.shell:Creating package script '/home/ubuntu/Desktop/AK8064_ws_Jun/install/can_interface/share/can_interface/package.bash'
[0.853s] INFO:colcon.colcon_core.shell:Creating package script '/home/ubuntu/Desktop/AK8064_ws_Jun/install/can_interface/share/can_interface/package.zsh'
[0.854s] Level 1:colcon.colcon_core.environment:create_file_with_runtime_dependencies(/home/ubuntu/Desktop/AK8064_ws_Jun/install/can_interface/share/colcon-core/packages/can_interface)
[0.854s] INFO:colcon.colcon_ros.task.ament_cmake.build:Building ROS package in '/home/ubuntu/Desktop/AK8064_ws_Jun/src/motor_driver' with build type 'ament_cmake'
[0.855s] INFO:colcon.colcon_cmake.task.cmake.build:Building CMake package in '/home/ubuntu/Desktop/AK8064_ws_Jun/src/motor_driver'
[0.855s] INFO:colcon.colcon_core.shell:Skip shell extension 'powershell' for command environment: Not usable outside of PowerShell
[0.856s] DEBUG:colcon.colcon_core.shell:Skip shell extension 'dsv' for command environment
[0.876s] DEBUG:colcon.colcon_core.event_handler.log_command:Invoking command in '/home/ubuntu/Desktop/AK8064_ws_Jun/build/motor_driver': CMAKE_PREFIX_PATH=/home/ubuntu/Desktop/AK8064_ws_Jun/install/can_interface:/home/ubuntu/Desktop/AK8064_ws_Jun/install/motor_driver:/opt/ros/humble /usr/bin/cmake --build /home/ubuntu/Desktop/AK8064_ws_Jun/build/motor_driver -- -j8 -l8
[23.174s] DEBUG:colcon.colcon_core.event_handler.log_command:Invoked command in '/home/ubuntu/Desktop/AK8064_ws_Jun/build/motor_driver' returned '0': CMAKE_PREFIX_PATH=/home/ubuntu/Desktop/AK8064_ws_Jun/install/can_interface:/home/ubuntu/Desktop/AK8064_ws_Jun/install/motor_driver:/opt/ros/humble /usr/bin/cmake --build /home/ubuntu/Desktop/AK8064_ws_Jun/build/motor_driver -- -j8 -l8
[23.177s] DEBUG:colcon.colcon_core.event_handler.log_command:Invoking command in '/home/ubuntu/Desktop/AK8064_ws_Jun/build/motor_driver': CMAKE_PREFIX_PATH=/home/ubuntu/Desktop/AK8064_ws_Jun/install/can_interface:/home/ubuntu/Desktop/AK8064_ws_Jun/install/motor_driver:/opt/ros/humble /usr/bin/cmake --install /home/ubuntu/Desktop/AK8064_ws_Jun/build/motor_driver
[23.204s] Level 1:colcon.colcon_core.environment:create_environment_scripts_only(motor_driver)
[23.204s] Level 1:colcon.colcon_core.environment:checking '/home/ubuntu/Desktop/AK8064_ws_Jun/install/motor_driver' for CMake module files
[23.208s] DEBUG:colcon.colcon_core.event_handler.log_command:Invoked command in '/home/ubuntu/Desktop/AK8064_ws_Jun/build/motor_driver' returned '0': CMAKE_PREFIX_PATH=/home/ubuntu/Desktop/AK8064_ws_Jun/install/can_interface:/home/ubuntu/Desktop/AK8064_ws_Jun/install/motor_driver:/opt/ros/humble /usr/bin/cmake --install /home/ubuntu/Desktop/AK8064_ws_Jun/build/motor_driver
[23.208s] Level 1:colcon.colcon_core.environment:checking '/home/ubuntu/Desktop/AK8064_ws_Jun/install/motor_driver' for CMake config files
[23.208s] Level 1:colcon.colcon_core.shell:create_environment_hook('motor_driver', 'cmake_prefix_path')
[23.209s] INFO:colcon.colcon_core.shell:Creating environment hook '/home/ubuntu/Desktop/AK8064_ws_Jun/install/motor_driver/share/motor_driver/hook/cmake_prefix_path.ps1'
[23.210s] INFO:colcon.colcon_core.shell:Creating environment descriptor '/home/ubuntu/Desktop/AK8064_ws_Jun/install/motor_driver/share/motor_driver/hook/cmake_prefix_path.dsv'
[23.210s] INFO:colcon.colcon_core.shell:Creating environment hook '/home/ubuntu/Desktop/AK8064_ws_Jun/install/motor_driver/share/motor_driver/hook/cmake_prefix_path.sh'
[23.211s] Level 1:colcon.colcon_core.environment:checking '/home/ubuntu/Desktop/AK8064_ws_Jun/install/motor_driver/lib'
[23.211s] Level 1:colcon.colcon_core.environment:checking '/home/ubuntu/Desktop/AK8064_ws_Jun/install/motor_driver/bin'
[23.211s] Level 1:colcon.colcon_core.environment:checking '/home/ubuntu/Desktop/AK8064_ws_Jun/install/motor_driver/lib/pkgconfig/motor_driver.pc'
[23.212s] Level 1:colcon.colcon_core.environment:checking '/home/ubuntu/Desktop/AK8064_ws_Jun/install/motor_driver/lib/python3.10/site-packages'
[23.212s] Level 1:colcon.colcon_core.environment:checking '/home/ubuntu/Desktop/AK8064_ws_Jun/install/motor_driver/bin'
[23.213s] INFO:colcon.colcon_core.shell:Creating package script '/home/ubuntu/Desktop/AK8064_ws_Jun/install/motor_driver/share/motor_driver/package.ps1'
[23.214s] INFO:colcon.colcon_core.shell:Creating package descriptor '/home/ubuntu/Desktop/AK8064_ws_Jun/install/motor_driver/share/motor_driver/package.dsv'
[23.214s] INFO:colcon.colcon_core.shell:Creating package script '/home/ubuntu/Desktop/AK8064_ws_Jun/install/motor_driver/share/motor_driver/package.sh'
[23.215s] INFO:colcon.colcon_core.shell:Creating package script '/home/ubuntu/Desktop/AK8064_ws_Jun/install/motor_driver/share/motor_driver/package.bash'
[23.215s] INFO:colcon.colcon_core.shell:Creating package script '/home/ubuntu/Desktop/AK8064_ws_Jun/install/motor_driver/share/motor_driver/package.zsh'
[23.216s] Level 1:colcon.colcon_core.environment:create_file_with_runtime_dependencies(/home/ubuntu/Desktop/AK8064_ws_Jun/install/motor_driver/share/colcon-core/packages/motor_driver)
[23.217s] Level 1:colcon.colcon_core.environment:create_environment_scripts_only(motor_driver)
[23.217s] Level 1:colcon.colcon_core.environment:checking '/home/ubuntu/Desktop/AK8064_ws_Jun/install/motor_driver' for CMake module files
[23.219s] Level 1:colcon.colcon_core.environment:checking '/home/ubuntu/Desktop/AK8064_ws_Jun/install/motor_driver' for CMake config files
[23.219s] Level 1:colcon.colcon_core.shell:create_environment_hook('motor_driver', 'cmake_prefix_path')
[23.219s] INFO:colcon.colcon_core.shell:Creating environment hook '/home/ubuntu/Desktop/AK8064_ws_Jun/install/motor_driver/share/motor_driver/hook/cmake_prefix_path.ps1'
[23.220s] INFO:colcon.colcon_core.shell:Creating environment descriptor '/home/ubuntu/Desktop/AK8064_ws_Jun/install/motor_driver/share/motor_driver/hook/cmake_prefix_path.dsv'
[23.221s] INFO:colcon.colcon_core.shell:Creating environment hook '/home/ubuntu/Desktop/AK8064_ws_Jun/install/motor_driver/share/motor_driver/hook/cmake_prefix_path.sh'
[23.222s] Level 1:colcon.colcon_core.environment:checking '/home/ubuntu/Desktop/AK8064_ws_Jun/install/motor_driver/lib'
[23.222s] Level 1:colcon.colcon_core.environment:checking '/home/ubuntu/Desktop/AK8064_ws_Jun/install/motor_driver/bin'
[23.222s] Level 1:colcon.colcon_core.environment:checking '/home/ubuntu/Desktop/AK8064_ws_Jun/install/motor_driver/lib/pkgconfig/motor_driver.pc'
[23.222s] Level 1:colcon.colcon_core.environment:checking '/home/ubuntu/Desktop/AK8064_ws_Jun/install/motor_driver/lib/python3.10/site-packages'
[23.223s] Level 1:colcon.colcon_core.environment:checking '/home/ubuntu/Desktop/AK8064_ws_Jun/install/motor_driver/bin'
[23.223s] INFO:colcon.colcon_core.shell:Creating package script '/home/ubuntu/Desktop/AK8064_ws_Jun/install/motor_driver/share/motor_driver/package.ps1'
[23.224s] INFO:colcon.colcon_core.shell:Creating package descriptor '/home/ubuntu/Desktop/AK8064_ws_Jun/install/motor_driver/share/motor_driver/package.dsv'
[23.225s] INFO:colcon.colcon_core.shell:Creating package script '/home/ubuntu/Desktop/AK8064_ws_Jun/install/motor_driver/share/motor_driver/package.sh'
[23.226s] INFO:colcon.colcon_core.shell:Creating package script '/home/ubuntu/Desktop/AK8064_ws_Jun/install/motor_driver/share/motor_driver/package.bash'
[23.226s] INFO:colcon.colcon_core.shell:Creating package script '/home/ubuntu/Desktop/AK8064_ws_Jun/install/motor_driver/share/motor_driver/package.zsh'
[23.227s] Level 1:colcon.colcon_core.environment:create_file_with_runtime_dependencies(/home/ubuntu/Desktop/AK8064_ws_Jun/install/motor_driver/share/colcon-core/packages/motor_driver)
[23.227s] DEBUG:colcon.colcon_parallel_executor.executor.parallel:closing loop
[23.228s] DEBUG:colcon.colcon_parallel_executor.executor.parallel:loop closed
[23.228s] DEBUG:colcon.colcon_parallel_executor.executor.parallel:run_until_complete finished with '0'
[23.228s] DEBUG:colcon.colcon_core.event_reactor:joining thread
[23.237s] INFO:colcon.colcon_core.plugin_system:Skipping extension 'colcon_notification.desktop_notification.terminal_notifier': Not used on non-Darwin systems
[23.237s] INFO:colcon.colcon_core.plugin_system:Skipping extension 'colcon_notification.desktop_notification.win32': Not used on non-Windows systems
[23.238s] INFO:colcon.colcon_notification.desktop_notification:Sending desktop notification using 'notify2'
[23.258s] DEBUG:colcon.colcon_core.event_reactor:joined thread
[23.259s] INFO:colcon.colcon_core.shell:Creating prefix script '/home/ubuntu/Desktop/AK8064_ws_Jun/install/local_setup.ps1'
[23.261s] INFO:colcon.colcon_core.shell:Creating prefix util module '/home/ubuntu/Desktop/AK8064_ws_Jun/install/_local_setup_util_ps1.py'
[23.263s] INFO:colcon.colcon_core.shell:Creating prefix chain script '/home/ubuntu/Desktop/AK8064_ws_Jun/install/setup.ps1'
[23.265s] INFO:colcon.colcon_core.shell:Creating prefix script '/home/ubuntu/Desktop/AK8064_ws_Jun/install/local_setup.sh'
[23.266s] INFO:colcon.colcon_core.shell:Creating prefix util module '/home/ubuntu/Desktop/AK8064_ws_Jun/install/_local_setup_util_sh.py'
[23.267s] INFO:colcon.colcon_core.shell:Creating prefix chain script '/home/ubuntu/Desktop/AK8064_ws_Jun/install/setup.sh'
[23.269s] INFO:colcon.colcon_core.shell:Creating prefix script '/home/ubuntu/Desktop/AK8064_ws_Jun/install/local_setup.bash'
[23.270s] INFO:colcon.colcon_core.shell:Creating prefix chain script '/home/ubuntu/Desktop/AK8064_ws_Jun/install/setup.bash'
[23.272s] INFO:colcon.colcon_core.shell:Creating prefix script '/home/ubuntu/Desktop/AK8064_ws_Jun/install/local_setup.zsh'
[23.273s] INFO:colcon.colcon_core.shell:Creating prefix chain script '/home/ubuntu/Desktop/AK8064_ws_Jun/install/setup.zsh'
