[0.019s] Invoking command in '/home/ubuntu/Desktop/AK8064_ws_Jun/build/can_interface': CMAKE_PREFIX_PATH=/opt/ros/humble /usr/bin/cmake /home/ubuntu/Desktop/AK8064_ws_Jun/src/can_interface -DCMAKE_INSTALL_PREFIX=/home/ubuntu/Desktop/AK8064_ws_Jun/install/can_interface
[0.124s] -- The C compiler identification is GNU 11.4.0
[0.228s] -- The CXX compiler identification is GNU 11.4.0
[0.243s] -- Detecting C compiler ABI info
[0.380s] -- Detecting C compiler ABI info - done
[0.397s] -- Check for working C compiler: /usr/bin/cc - skipped
[0.397s] -- Detecting C compile features
[0.398s] -- Detecting C compile features - done
[0.405s] -- Detecting CXX compiler ABI info
[0.549s] -- Detecting CXX compiler ABI info - done
[0.564s] -- Check for working CXX compiler: /usr/bin/c++ - skipped
[0.565s] -- Detecting CXX compile features
[0.566s] -- Detecting CXX compile features - done
[0.572s] -- Found ament_cmake: 1.3.11 (/opt/ros/humble/share/ament_cmake/cmake)
[1.470s] -- Found Python3: /usr/bin/python3 (found version "3.10.12") found components: Interpreter 
[1.792s] -- Configuring done
[1.799s] -- Generating done
[1.804s] -- Build files have been written to: /home/ubuntu/Desktop/AK8064_ws_Jun/build/can_interface
[1.811s] Invoked command in '/home/ubuntu/Desktop/AK8064_ws_Jun/build/can_interface' returned '0': CMAKE_PREFIX_PATH=/opt/ros/humble /usr/bin/cmake /home/ubuntu/Desktop/AK8064_ws_Jun/src/can_interface -DCMAKE_INSTALL_PREFIX=/home/ubuntu/Desktop/AK8064_ws_Jun/install/can_interface
[1.814s] Invoking command in '/home/ubuntu/Desktop/AK8064_ws_Jun/build/can_interface': CMAKE_PREFIX_PATH=/opt/ros/humble /usr/bin/cmake --build /home/ubuntu/Desktop/AK8064_ws_Jun/build/can_interface -- -j8 -l8
[1.894s] [ 50%] [32mBuilding CXX object CMakeFiles/can_interface.dir/src/caninterface.cpp.o[0m
[2.515s] [100%] [32m[1mLinking CXX shared library libcan_interface.so[0m
[2.650s] [100%] Built target can_interface
[2.669s] Invoked command in '/home/ubuntu/Desktop/AK8064_ws_Jun/build/can_interface' returned '0': CMAKE_PREFIX_PATH=/opt/ros/humble /usr/bin/cmake --build /home/ubuntu/Desktop/AK8064_ws_Jun/build/can_interface -- -j8 -l8
[2.685s] Invoking command in '/home/ubuntu/Desktop/AK8064_ws_Jun/build/can_interface': CMAKE_PREFIX_PATH=/opt/ros/humble /usr/bin/cmake --install /home/ubuntu/Desktop/AK8064_ws_Jun/build/can_interface
[2.698s] -- Install configuration: ""
[2.698s] -- Installing: /home/ubuntu/Desktop/AK8064_ws_Jun/install/can_interface/lib/libcan_interface.so
[2.698s] -- Installing: /home/ubuntu/Desktop/AK8064_ws_Jun/install/can_interface/include
[2.698s] -- Installing: /home/ubuntu/Desktop/AK8064_ws_Jun/install/can_interface/include/can_interface
[2.698s] -- Installing: /home/ubuntu/Desktop/AK8064_ws_Jun/install/can_interface/include/can_interface/caninterface.hpp
[2.698s] -- Installing: /home/ubuntu/Desktop/AK8064_ws_Jun/install/can_interface/share/can_interface/environment/library_path.sh
[2.699s] -- Installing: /home/ubuntu/Desktop/AK8064_ws_Jun/install/can_interface/share/can_interface/environment/library_path.dsv
[2.699s] -- Installing: /home/ubuntu/Desktop/AK8064_ws_Jun/install/can_interface/share/ament_index/resource_index/package_run_dependencies/can_interface
[2.699s] -- Installing: /home/ubuntu/Desktop/AK8064_ws_Jun/install/can_interface/share/ament_index/resource_index/parent_prefix_path/can_interface
[2.699s] -- Installing: /home/ubuntu/Desktop/AK8064_ws_Jun/install/can_interface/share/can_interface/environment/ament_prefix_path.sh
[2.699s] -- Installing: /home/ubuntu/Desktop/AK8064_ws_Jun/install/can_interface/share/can_interface/environment/ament_prefix_path.dsv
[2.700s] -- Installing: /home/ubuntu/Desktop/AK8064_ws_Jun/install/can_interface/share/can_interface/environment/path.sh
[2.700s] -- Installing: /home/ubuntu/Desktop/AK8064_ws_Jun/install/can_interface/share/can_interface/environment/path.dsv
[2.700s] -- Installing: /home/ubuntu/Desktop/AK8064_ws_Jun/install/can_interface/share/can_interface/local_setup.bash
[2.700s] -- Installing: /home/ubuntu/Desktop/AK8064_ws_Jun/install/can_interface/share/can_interface/local_setup.sh
[2.701s] -- Installing: /home/ubuntu/Desktop/AK8064_ws_Jun/install/can_interface/share/can_interface/local_setup.zsh
[2.701s] -- Installing: /home/ubuntu/Desktop/AK8064_ws_Jun/install/can_interface/share/can_interface/local_setup.dsv
[2.701s] -- Installing: /home/ubuntu/Desktop/AK8064_ws_Jun/install/can_interface/share/can_interface/package.dsv
[2.701s] -- Installing: /home/ubuntu/Desktop/AK8064_ws_Jun/install/can_interface/share/ament_index/resource_index/packages/can_interface
[2.701s] -- Installing: /home/ubuntu/Desktop/AK8064_ws_Jun/install/can_interface/share/can_interface/cmake/export_can_interfaceExport.cmake
[2.702s] -- Installing: /home/ubuntu/Desktop/AK8064_ws_Jun/install/can_interface/share/can_interface/cmake/export_can_interfaceExport-noconfig.cmake
[2.702s] -- Installing: /home/ubuntu/Desktop/AK8064_ws_Jun/install/can_interface/share/can_interface/cmake/ament_cmake_export_targets-extras.cmake
[2.702s] -- Installing: /home/ubuntu/Desktop/AK8064_ws_Jun/install/can_interface/share/can_interface/cmake/ament_cmake_export_include_directories-extras.cmake
[2.702s] -- Installing: /home/ubuntu/Desktop/AK8064_ws_Jun/install/can_interface/share/can_interface/cmake/ament_cmake_export_libraries-extras.cmake
[2.702s] -- Installing: /home/ubuntu/Desktop/AK8064_ws_Jun/install/can_interface/share/can_interface/cmake/can_interfaceConfig.cmake
[2.703s] -- Installing: /home/ubuntu/Desktop/AK8064_ws_Jun/install/can_interface/share/can_interface/cmake/can_interfaceConfig-version.cmake
[2.703s] -- Installing: /home/ubuntu/Desktop/AK8064_ws_Jun/install/can_interface/share/can_interface/package.xml
[2.706s] Invoked command in '/home/ubuntu/Desktop/AK8064_ws_Jun/build/can_interface' returned '0': CMAKE_PREFIX_PATH=/opt/ros/humble /usr/bin/cmake --install /home/ubuntu/Desktop/AK8064_ws_Jun/build/can_interface
